-- The C compiler identification is GNU 11.4.0
-- The CXX compiler identification is GNU 11.4.0
-- Detecting C compiler ABI info
-- Detecting C compiler ABI info - done
-- Check for working C compiler: /usr/bin/cc - skipped
-- Detecting C compile features
-- Detecting C compile features - done
-- Detecting CXX compiler ABI info
-- Detecting CXX compiler ABI info - done
-- Check for working CXX compiler: /usr/bin/c++ - skipped
-- Detecting CXX compile features
-- Detecting CXX compile features - done
-- Found ament_cmake: 1.3.14 (/opt/ros/humble/share/ament_cmake/cmake)
-- Found Python3: /usr/bin/python3 (found version "3.10.12") found components: Interpreter 
-- Found ament_lint_auto: 0.12.15 (/opt/ros/humble/share/ament_lint_auto/cmake)
-- Found rosidl_default_generators: 1.2.1 (/opt/ros/humble/share/rosidl_default_generators/cmake)
-- Using all available rosidl_typesupport_c: rosidl_typesupport_fastrtps_c;rosidl_typesupport_introspection_c
-- Found rosidl_adapter: 3.1.8 (/opt/ros/humble/share/rosidl_adapter/cmake)
-- Using all available rosidl_typesupport_cpp: rosidl_typesupport_fastrtps_cpp;rosidl_typesupport_introspection_cpp
-- Found ament_cmake_ros: 0.10.0 (/opt/ros/humble/share/ament_cmake_ros/cmake)
-- Using all available rosidl_typesupport_c: rosidl_typesupport_fastrtps_c;rosidl_typesupport_introspection_c
-- Using all available rosidl_typesupport_cpp: rosidl_typesupport_fastrtps_cpp;rosidl_typesupport_introspection_cpp
-- Found PythonInterp: /usr/bin/python3 (found suitable version "3.10.12", minimum required is "3.6") 
-- Found python_cmake_module: 0.10.0 (/opt/ros/humble/share/python_cmake_module/cmake)
-- Found PythonLibs: /usr/lib/x86_64-linux-gnu/libpython3.10.so (found suitable version "3.10.12", minimum required is "3.5") 
-- Using PYTHON_EXECUTABLE: /usr/bin/python3
-- Using PYTHON_INCLUDE_DIRS: /usr/include/python3.10
-- Using PYTHON_LIBRARIES: /usr/lib/x86_64-linux-gnu/libpython3.10.so
-- Found PythonExtra: .so  
-- Added test 'copyright' to check source files copyright and LICENSE
-- Added test 'lint_cmake' to check CMake code style
-- Added test 'xmllint' to check XML markup files
-- Configuring done
-- Generating done
-- Build files have been written to: /home/vidya/drift_ws/drift_ws/build/linkattacher_msgs
[  2%] [34m[1mGenerating C code for ROS interfaces[0m
[  5%] [34m[1mGenerating C++ code for ROS interfaces[0m
[  7%] [34m[1mGenerating Rust code for ROS interfaces[0m
[  7%] Built target ament_cmake_python_copy_linkattacher_msgs
running egg_info
creating linkattacher_msgs.egg-info
writing linkattacher_msgs.egg-info/PKG-INFO
writing dependency_links to linkattacher_msgs.egg-info/dependency_links.txt
writing top-level names to linkattacher_msgs.egg-info/top_level.txt
writing manifest file 'linkattacher_msgs.egg-info/SOURCES.txt'
reading manifest file 'linkattacher_msgs.egg-info/SOURCES.txt'
writing manifest file 'linkattacher_msgs.egg-info/SOURCES.txt'
[  7%] Built target ament_cmake_python_build_linkattacher_msgs_egg
[  7%] Built target linkattacher_msgs__rs
[ 10%] [32mBuilding C object CMakeFiles/linkattacher_msgs__rosidl_generator_c.dir/rosidl_generator_c/linkattacher_msgs/srv/detail/detach_link__functions.c.o[0m
[ 12%] [32mBuilding C object CMakeFiles/linkattacher_msgs__rosidl_generator_c.dir/rosidl_generator_c/linkattacher_msgs/srv/detail/attach_link__functions.c.o[0m
[ 12%] Built target linkattacher_msgs__cpp
[ 17%] [34m[1mGenerating C++ type support dispatch for ROS interfaces[0m
[ 17%] [34m[1mGenerating C++ type support for eProsima Fast-RTPS[0m
[ 20%] [34m[1mGenerating C++ introspection for ROS interfaces[0m
[ 22%] [32m[1mLinking C shared library liblinkattacher_msgs__rosidl_generator_c.so[0m
[ 22%] Built target linkattacher_msgs__rosidl_generator_c
[ 25%] [34m[1mGenerating C introspection for ROS interfaces[0m
[ 27%] [34m[1mGenerating C type support for eProsima Fast-RTPS[0m
[ 30%] [34m[1mGenerating C type support dispatch for ROS interfaces[0m
[ 35%] [32mBuilding CXX object CMakeFiles/linkattacher_msgs__rosidl_typesupport_cpp.dir/rosidl_typesupport_cpp/linkattacher_msgs/srv/detach_link__type_support.cpp.o[0m
[ 35%] [32mBuilding CXX object CMakeFiles/linkattacher_msgs__rosidl_typesupport_cpp.dir/rosidl_typesupport_cpp/linkattacher_msgs/srv/attach_link__type_support.cpp.o[0m
[ 40%] [32mBuilding CXX object CMakeFiles/linkattacher_msgs__rosidl_typesupport_introspection_cpp.dir/rosidl_typesupport_introspection_cpp/linkattacher_msgs/srv/detail/detach_link__type_support.cpp.o[0m
[ 40%] [32mBuilding CXX object CMakeFiles/linkattacher_msgs__rosidl_typesupport_introspection_cpp.dir/rosidl_typesupport_introspection_cpp/linkattacher_msgs/srv/detail/attach_link__type_support.cpp.o[0m
[ 45%] [32mBuilding CXX object CMakeFiles/linkattacher_msgs__rosidl_typesupport_fastrtps_cpp.dir/rosidl_typesupport_fastrtps_cpp/linkattacher_msgs/srv/detail/dds_fastrtps/detach_link__type_support.cpp.o[0m
[ 45%] [32mBuilding CXX object CMakeFiles/linkattacher_msgs__rosidl_typesupport_fastrtps_cpp.dir/rosidl_typesupport_fastrtps_cpp/linkattacher_msgs/srv/detail/dds_fastrtps/attach_link__type_support.cpp.o[0m
[ 47%] [32mBuilding CXX object CMakeFiles/linkattacher_msgs__rosidl_typesupport_c.dir/rosidl_typesupport_c/linkattacher_msgs/srv/detach_link__type_support.cpp.o[0m
[ 50%] [32mBuilding CXX object CMakeFiles/linkattacher_msgs__rosidl_typesupport_c.dir/rosidl_typesupport_c/linkattacher_msgs/srv/attach_link__type_support.cpp.o[0m
[ 52%] [32mBuilding CXX object CMakeFiles/linkattacher_msgs__rosidl_typesupport_fastrtps_c.dir/rosidl_typesupport_fastrtps_c/linkattacher_msgs/srv/detail/attach_link__type_support_c.cpp.o[0m
[ 55%] [32mBuilding CXX object CMakeFiles/linkattacher_msgs__rosidl_typesupport_fastrtps_c.dir/rosidl_typesupport_fastrtps_c/linkattacher_msgs/srv/detail/detach_link__type_support_c.cpp.o[0m
[ 57%] [32mBuilding C object CMakeFiles/linkattacher_msgs__rosidl_typesupport_introspection_c.dir/rosidl_typesupport_introspection_c/linkattacher_msgs/srv/detail/detach_link__type_support.c.o[0m
[ 60%] [32mBuilding C object CMakeFiles/linkattacher_msgs__rosidl_typesupport_introspection_c.dir/rosidl_typesupport_introspection_c/linkattacher_msgs/srv/detail/attach_link__type_support.c.o[0m
[ 62%] [32m[1mLinking CXX shared library liblinkattacher_msgs__rosidl_typesupport_c.so[0m
[ 65%] [32m[1mLinking C shared library liblinkattacher_msgs__rosidl_typesupport_introspection_c.so[0m
[ 65%] Built target linkattacher_msgs__rosidl_typesupport_c
[ 65%] Built target linkattacher_msgs__rosidl_typesupport_introspection_c
[ 67%] [32m[1mLinking CXX shared library liblinkattacher_msgs__rosidl_typesupport_cpp.so[0m
[ 67%] Built target linkattacher_msgs__rosidl_typesupport_cpp
[ 70%] [32m[1mLinking CXX shared library liblinkattacher_msgs__rosidl_typesupport_introspection_cpp.so[0m
[ 70%] Built target linkattacher_msgs__rosidl_typesupport_introspection_cpp
[ 72%] [32m[1mLinking CXX shared library liblinkattacher_msgs__rosidl_typesupport_fastrtps_c.so[0m
[ 75%] [32m[1mLinking CXX shared library liblinkattacher_msgs__rosidl_typesupport_fastrtps_cpp.so[0m
[ 75%] Built target linkattacher_msgs__rosidl_typesupport_fastrtps_c
[ 75%] Built target linkattacher_msgs__rosidl_typesupport_fastrtps_cpp
[ 75%] Built target linkattacher_msgs
[ 77%] [34m[1mGenerating Python code for ROS interfaces[0m
[ 77%] Built target linkattacher_msgs__py
[ 82%] [32mBuilding C object CMakeFiles/linkattacher_msgs__rosidl_generator_py.dir/rosidl_generator_py/linkattacher_msgs/srv/_attach_link_s.c.o[0m
[ 82%] [32mBuilding C object CMakeFiles/linkattacher_msgs__rosidl_generator_py.dir/rosidl_generator_py/linkattacher_msgs/srv/_detach_link_s.c.o[0m
[ 85%] [32m[1mLinking C shared library rosidl_generator_py/linkattacher_msgs/liblinkattacher_msgs__rosidl_generator_py.so[0m
[ 85%] Built target linkattacher_msgs__rosidl_generator_py
[ 87%] [32mBuilding C object CMakeFiles/linkattacher_msgs__rosidl_typesupport_introspection_c__pyext.dir/rosidl_generator_py/linkattacher_msgs/_linkattacher_msgs_s.ep.rosidl_typesupport_introspection_c.c.o[0m
[ 90%] [32mBuilding C object CMakeFiles/linkattacher_msgs__rosidl_typesupport_c__pyext.dir/rosidl_generator_py/linkattacher_msgs/_linkattacher_msgs_s.ep.rosidl_typesupport_c.c.o[0m
[ 92%] [32mBuilding C object CMakeFiles/linkattacher_msgs__rosidl_typesupport_fastrtps_c__pyext.dir/rosidl_generator_py/linkattacher_msgs/_linkattacher_msgs_s.ep.rosidl_typesupport_fastrtps_c.c.o[0m
[ 95%] [32m[1mLinking C shared library rosidl_generator_py/linkattacher_msgs/linkattacher_msgs_s__rosidl_typesupport_introspection_c.cpython-310-x86_64-linux-gnu.so[0m
[ 97%] [32m[1mLinking C shared library rosidl_generator_py/linkattacher_msgs/linkattacher_msgs_s__rosidl_typesupport_c.cpython-310-x86_64-linux-gnu.so[0m
[100%] [32m[1mLinking C shared library rosidl_generator_py/linkattacher_msgs/linkattacher_msgs_s__rosidl_typesupport_fastrtps_c.cpython-310-x86_64-linux-gnu.so[0m
[100%] Built target linkattacher_msgs__rosidl_typesupport_introspection_c__pyext
[100%] Built target linkattacher_msgs__rosidl_typesupport_c__pyext
[100%] Built target linkattacher_msgs__rosidl_typesupport_fastrtps_c__pyext
-- Install configuration: ""
-- Installing: /home/vidya/drift_ws/drift_ws/install/linkattacher_msgs/share/linkattacher_msgs/srv
-- Installing: /home/vidya/drift_ws/drift_ws/install/linkattacher_msgs/share/linkattacher_msgs/srv/DetachLink.srv
-- Installing: /home/vidya/drift_ws/drift_ws/install/linkattacher_msgs/share/linkattacher_msgs/srv/AttachLink.srv
-- Installing: /home/vidya/drift_ws/drift_ws/install/linkattacher_msgs/share/ament_index/resource_index/rosidl_interfaces/linkattacher_msgs
-- Installing: /home/vidya/drift_ws/drift_ws/install/linkattacher_msgs/include/linkattacher_msgs/linkattacher_msgs
-- Installing: /home/vidya/drift_ws/drift_ws/install/linkattacher_msgs/include/linkattacher_msgs/linkattacher_msgs/msg
-- Installing: /home/vidya/drift_ws/drift_ws/install/linkattacher_msgs/include/linkattacher_msgs/linkattacher_msgs/msg/rosidl_generator_c__visibility_control.h
-- Installing: /home/vidya/drift_ws/drift_ws/install/linkattacher_msgs/include/linkattacher_msgs/linkattacher_msgs/srv
-- Installing: /home/vidya/drift_ws/drift_ws/install/linkattacher_msgs/include/linkattacher_msgs/linkattacher_msgs/srv/detach_link.h
-- Installing: /home/vidya/drift_ws/drift_ws/install/linkattacher_msgs/include/linkattacher_msgs/linkattacher_msgs/srv/detail
-- Installing: /home/vidya/drift_ws/drift_ws/install/linkattacher_msgs/include/linkattacher_msgs/linkattacher_msgs/srv/detail/detach_link__functions.h
-- Installing: /home/vidya/drift_ws/drift_ws/install/linkattacher_msgs/include/linkattacher_msgs/linkattacher_msgs/srv/detail/detach_link__struct.h
-- Installing: /home/vidya/drift_ws/drift_ws/install/linkattacher_msgs/include/linkattacher_msgs/linkattacher_msgs/srv/detail/attach_link__type_support.h
-- Installing: /home/vidya/drift_ws/drift_ws/install/linkattacher_msgs/include/linkattacher_msgs/linkattacher_msgs/srv/detail/attach_link__struct.h
-- Installing: /home/vidya/drift_ws/drift_ws/install/linkattacher_msgs/include/linkattacher_msgs/linkattacher_msgs/srv/detail/detach_link__functions.c
-- Installing: /home/vidya/drift_ws/drift_ws/install/linkattacher_msgs/include/linkattacher_msgs/linkattacher_msgs/srv/detail/attach_link__functions.h
-- Installing: /home/vidya/drift_ws/drift_ws/install/linkattacher_msgs/include/linkattacher_msgs/linkattacher_msgs/srv/detail/attach_link__functions.c
-- Installing: /home/vidya/drift_ws/drift_ws/install/linkattacher_msgs/include/linkattacher_msgs/linkattacher_msgs/srv/detail/detach_link__type_support.h
-- Installing: /home/vidya/drift_ws/drift_ws/install/linkattacher_msgs/include/linkattacher_msgs/linkattacher_msgs/srv/attach_link.h
-- Installing: /home/vidya/drift_ws/drift_ws/install/linkattacher_msgs/share/linkattacher_msgs/environment/library_path.sh
-- Installing: /home/vidya/drift_ws/drift_ws/install/linkattacher_msgs/share/linkattacher_msgs/environment/library_path.dsv
-- Installing: /home/vidya/drift_ws/drift_ws/install/linkattacher_msgs/lib/liblinkattacher_msgs__rosidl_generator_c.so
-- Set runtime path of "/home/vidya/drift_ws/drift_ws/install/linkattacher_msgs/lib/liblinkattacher_msgs__rosidl_generator_c.so" to ""
-- Up-to-date: /home/vidya/drift_ws/drift_ws/install/linkattacher_msgs/include/linkattacher_msgs/linkattacher_msgs
-- Up-to-date: /home/vidya/drift_ws/drift_ws/install/linkattacher_msgs/include/linkattacher_msgs/linkattacher_msgs/msg
-- Installing: /home/vidya/drift_ws/drift_ws/install/linkattacher_msgs/include/linkattacher_msgs/linkattacher_msgs/msg/rosidl_typesupport_fastrtps_c__visibility_control.h
-- Up-to-date: /home/vidya/drift_ws/drift_ws/install/linkattacher_msgs/include/linkattacher_msgs/linkattacher_msgs/srv
-- Up-to-date: /home/vidya/drift_ws/drift_ws/install/linkattacher_msgs/include/linkattacher_msgs/linkattacher_msgs/srv/detail
-- Installing: /home/vidya/drift_ws/drift_ws/install/linkattacher_msgs/include/linkattacher_msgs/linkattacher_msgs/srv/detail/detach_link__rosidl_typesupport_fastrtps_c.h
-- Installing: /home/vidya/drift_ws/drift_ws/install/linkattacher_msgs/include/linkattacher_msgs/linkattacher_msgs/srv/detail/attach_link__rosidl_typesupport_fastrtps_c.h
-- Installing: /home/vidya/drift_ws/drift_ws/install/linkattacher_msgs/lib/liblinkattacher_msgs__rosidl_typesupport_fastrtps_c.so
-- Set runtime path of "/home/vidya/drift_ws/drift_ws/install/linkattacher_msgs/lib/liblinkattacher_msgs__rosidl_typesupport_fastrtps_c.so" to ""
-- Up-to-date: /home/vidya/drift_ws/drift_ws/install/linkattacher_msgs/include/linkattacher_msgs/linkattacher_msgs
-- Up-to-date: /home/vidya/drift_ws/drift_ws/install/linkattacher_msgs/include/linkattacher_msgs/linkattacher_msgs/msg
-- Installing: /home/vidya/drift_ws/drift_ws/install/linkattacher_msgs/include/linkattacher_msgs/linkattacher_msgs/msg/rosidl_typesupport_introspection_c__visibility_control.h
-- Up-to-date: /home/vidya/drift_ws/drift_ws/install/linkattacher_msgs/include/linkattacher_msgs/linkattacher_msgs/srv
-- Up-to-date: /home/vidya/drift_ws/drift_ws/install/linkattacher_msgs/include/linkattacher_msgs/linkattacher_msgs/srv/detail
-- Installing: /home/vidya/drift_ws/drift_ws/install/linkattacher_msgs/include/linkattacher_msgs/linkattacher_msgs/srv/detail/attach_link__type_support.c
-- Installing: /home/vidya/drift_ws/drift_ws/install/linkattacher_msgs/include/linkattacher_msgs/linkattacher_msgs/srv/detail/detach_link__rosidl_typesupport_introspection_c.h
-- Installing: /home/vidya/drift_ws/drift_ws/install/linkattacher_msgs/include/linkattacher_msgs/linkattacher_msgs/srv/detail/detach_link__type_support.c
-- Installing: /home/vidya/drift_ws/drift_ws/install/linkattacher_msgs/include/linkattacher_msgs/linkattacher_msgs/srv/detail/attach_link__rosidl_typesupport_introspection_c.h
-- Installing: /home/vidya/drift_ws/drift_ws/install/linkattacher_msgs/lib/liblinkattacher_msgs__rosidl_typesupport_introspection_c.so
-- Set runtime path of "/home/vidya/drift_ws/drift_ws/install/linkattacher_msgs/lib/liblinkattacher_msgs__rosidl_typesupport_introspection_c.so" to ""
-- Installing: /home/vidya/drift_ws/drift_ws/install/linkattacher_msgs/lib/liblinkattacher_msgs__rosidl_typesupport_c.so
-- Set runtime path of "/home/vidya/drift_ws/drift_ws/install/linkattacher_msgs/lib/liblinkattacher_msgs__rosidl_typesupport_c.so" to ""
-- Up-to-date: /home/vidya/drift_ws/drift_ws/install/linkattacher_msgs/include/linkattacher_msgs/linkattacher_msgs
-- Up-to-date: /home/vidya/drift_ws/drift_ws/install/linkattacher_msgs/include/linkattacher_msgs/linkattacher_msgs/msg
-- Installing: /home/vidya/drift_ws/drift_ws/install/linkattacher_msgs/include/linkattacher_msgs/linkattacher_msgs/msg/rosidl_generator_cpp__visibility_control.hpp
-- Up-to-date: /home/vidya/drift_ws/drift_ws/install/linkattacher_msgs/include/linkattacher_msgs/linkattacher_msgs/srv
-- Up-to-date: /home/vidya/drift_ws/drift_ws/install/linkattacher_msgs/include/linkattacher_msgs/linkattacher_msgs/srv/detail
-- Installing: /home/vidya/drift_ws/drift_ws/install/linkattacher_msgs/include/linkattacher_msgs/linkattacher_msgs/srv/detail/attach_link__builder.hpp
-- Installing: /home/vidya/drift_ws/drift_ws/install/linkattacher_msgs/include/linkattacher_msgs/linkattacher_msgs/srv/detail/attach_link__traits.hpp
-- Installing: /home/vidya/drift_ws/drift_ws/install/linkattacher_msgs/include/linkattacher_msgs/linkattacher_msgs/srv/detail/detach_link__builder.hpp
-- Installing: /home/vidya/drift_ws/drift_ws/install/linkattacher_msgs/include/linkattacher_msgs/linkattacher_msgs/srv/detail/attach_link__struct.hpp
-- Installing: /home/vidya/drift_ws/drift_ws/install/linkattacher_msgs/include/linkattacher_msgs/linkattacher_msgs/srv/detail/detach_link__type_support.hpp
-- Installing: /home/vidya/drift_ws/drift_ws/install/linkattacher_msgs/include/linkattacher_msgs/linkattacher_msgs/srv/detail/detach_link__traits.hpp
-- Installing: /home/vidya/drift_ws/drift_ws/install/linkattacher_msgs/include/linkattacher_msgs/linkattacher_msgs/srv/detail/attach_link__type_support.hpp
-- Installing: /home/vidya/drift_ws/drift_ws/install/linkattacher_msgs/include/linkattacher_msgs/linkattacher_msgs/srv/detail/detach_link__struct.hpp
-- Installing: /home/vidya/drift_ws/drift_ws/install/linkattacher_msgs/include/linkattacher_msgs/linkattacher_msgs/srv/detach_link.hpp
-- Installing: /home/vidya/drift_ws/drift_ws/install/linkattacher_msgs/include/linkattacher_msgs/linkattacher_msgs/srv/attach_link.hpp
-- Up-to-date: /home/vidya/drift_ws/drift_ws/install/linkattacher_msgs/include/linkattacher_msgs/linkattacher_msgs
-- Up-to-date: /home/vidya/drift_ws/drift_ws/install/linkattacher_msgs/include/linkattacher_msgs/linkattacher_msgs/msg
-- Installing: /home/vidya/drift_ws/drift_ws/install/linkattacher_msgs/include/linkattacher_msgs/linkattacher_msgs/msg/rosidl_typesupport_fastrtps_cpp__visibility_control.h
-- Up-to-date: /home/vidya/drift_ws/drift_ws/install/linkattacher_msgs/include/linkattacher_msgs/linkattacher_msgs/srv
-- Up-to-date: /home/vidya/drift_ws/drift_ws/install/linkattacher_msgs/include/linkattacher_msgs/linkattacher_msgs/srv/detail
-- Installing: /home/vidya/drift_ws/drift_ws/install/linkattacher_msgs/include/linkattacher_msgs/linkattacher_msgs/srv/detail/detach_link__rosidl_typesupport_fastrtps_cpp.hpp
-- Installing: /home/vidya/drift_ws/drift_ws/install/linkattacher_msgs/include/linkattacher_msgs/linkattacher_msgs/srv/detail/attach_link__rosidl_typesupport_fastrtps_cpp.hpp
-- Installing: /home/vidya/drift_ws/drift_ws/install/linkattacher_msgs/include/linkattacher_msgs/linkattacher_msgs/srv/detail/dds_fastrtps
-- Installing: /home/vidya/drift_ws/drift_ws/install/linkattacher_msgs/lib/liblinkattacher_msgs__rosidl_typesupport_fastrtps_cpp.so
-- Set runtime path of "/home/vidya/drift_ws/drift_ws/install/linkattacher_msgs/lib/liblinkattacher_msgs__rosidl_typesupport_fastrtps_cpp.so" to ""
-- Up-to-date: /home/vidya/drift_ws/drift_ws/install/linkattacher_msgs/include/linkattacher_msgs/linkattacher_msgs
-- Up-to-date: /home/vidya/drift_ws/drift_ws/install/linkattacher_msgs/include/linkattacher_msgs/linkattacher_msgs/srv
-- Up-to-date: /home/vidya/drift_ws/drift_ws/install/linkattacher_msgs/include/linkattacher_msgs/linkattacher_msgs/srv/detail
-- Installing: /home/vidya/drift_ws/drift_ws/install/linkattacher_msgs/include/linkattacher_msgs/linkattacher_msgs/srv/detail/attach_link__rosidl_typesupport_introspection_cpp.hpp
-- Installing: /home/vidya/drift_ws/drift_ws/install/linkattacher_msgs/include/linkattacher_msgs/linkattacher_msgs/srv/detail/detach_link__rosidl_typesupport_introspection_cpp.hpp
-- Installing: /home/vidya/drift_ws/drift_ws/install/linkattacher_msgs/include/linkattacher_msgs/linkattacher_msgs/srv/detail/attach_link__type_support.cpp
-- Installing: /home/vidya/drift_ws/drift_ws/install/linkattacher_msgs/include/linkattacher_msgs/linkattacher_msgs/srv/detail/detach_link__type_support.cpp
-- Installing: /home/vidya/drift_ws/drift_ws/install/linkattacher_msgs/lib/liblinkattacher_msgs__rosidl_typesupport_introspection_cpp.so
-- Set runtime path of "/home/vidya/drift_ws/drift_ws/install/linkattacher_msgs/lib/liblinkattacher_msgs__rosidl_typesupport_introspection_cpp.so" to ""
-- Installing: /home/vidya/drift_ws/drift_ws/install/linkattacher_msgs/lib/liblinkattacher_msgs__rosidl_typesupport_cpp.so
-- Set runtime path of "/home/vidya/drift_ws/drift_ws/install/linkattacher_msgs/lib/liblinkattacher_msgs__rosidl_typesupport_cpp.so" to ""
-- Installing: /home/vidya/drift_ws/drift_ws/install/linkattacher_msgs/share/linkattacher_msgs/environment/pythonpath.sh
-- Installing: /home/vidya/drift_ws/drift_ws/install/linkattacher_msgs/share/linkattacher_msgs/environment/pythonpath.dsv
-- Installing: /home/vidya/drift_ws/drift_ws/install/linkattacher_msgs/local/lib/python3.10/dist-packages/linkattacher_msgs-0.0.0-py3.10.egg-info
-- Installing: /home/vidya/drift_ws/drift_ws/install/linkattacher_msgs/local/lib/python3.10/dist-packages/linkattacher_msgs-0.0.0-py3.10.egg-info/PKG-INFO
-- Installing: /home/vidya/drift_ws/drift_ws/install/linkattacher_msgs/local/lib/python3.10/dist-packages/linkattacher_msgs-0.0.0-py3.10.egg-info/dependency_links.txt
-- Installing: /home/vidya/drift_ws/drift_ws/install/linkattacher_msgs/local/lib/python3.10/dist-packages/linkattacher_msgs-0.0.0-py3.10.egg-info/top_level.txt
-- Installing: /home/vidya/drift_ws/drift_ws/install/linkattacher_msgs/local/lib/python3.10/dist-packages/linkattacher_msgs-0.0.0-py3.10.egg-info/SOURCES.txt
-- Installing: /home/vidya/drift_ws/drift_ws/install/linkattacher_msgs/local/lib/python3.10/dist-packages/linkattacher_msgs
-- Installing: /home/vidya/drift_ws/drift_ws/install/linkattacher_msgs/local/lib/python3.10/dist-packages/linkattacher_msgs/linkattacher_msgs_s__rosidl_typesupport_c.cpython-310-x86_64-linux-gnu.so
-- Installing: /home/vidya/drift_ws/drift_ws/install/linkattacher_msgs/local/lib/python3.10/dist-packages/linkattacher_msgs/linkattacher_msgs_s__rosidl_typesupport_fastrtps_c.cpython-310-x86_64-linux-gnu.so
-- Installing: /home/vidya/drift_ws/drift_ws/install/linkattacher_msgs/local/lib/python3.10/dist-packages/linkattacher_msgs/__init__.py
-- Installing: /home/vidya/drift_ws/drift_ws/install/linkattacher_msgs/local/lib/python3.10/dist-packages/linkattacher_msgs/liblinkattacher_msgs__rosidl_generator_py.so
-- Installing: /home/vidya/drift_ws/drift_ws/install/linkattacher_msgs/local/lib/python3.10/dist-packages/linkattacher_msgs/_linkattacher_msgs_s.ep.rosidl_typesupport_fastrtps_c.c
-- Installing: /home/vidya/drift_ws/drift_ws/install/linkattacher_msgs/local/lib/python3.10/dist-packages/linkattacher_msgs/srv
-- Installing: /home/vidya/drift_ws/drift_ws/install/linkattacher_msgs/local/lib/python3.10/dist-packages/linkattacher_msgs/srv/__init__.py
-- Installing: /home/vidya/drift_ws/drift_ws/install/linkattacher_msgs/local/lib/python3.10/dist-packages/linkattacher_msgs/srv/_attach_link_s.c
-- Installing: /home/vidya/drift_ws/drift_ws/install/linkattacher_msgs/local/lib/python3.10/dist-packages/linkattacher_msgs/srv/_detach_link.py
-- Installing: /home/vidya/drift_ws/drift_ws/install/linkattacher_msgs/local/lib/python3.10/dist-packages/linkattacher_msgs/srv/_detach_link_s.c
-- Installing: /home/vidya/drift_ws/drift_ws/install/linkattacher_msgs/local/lib/python3.10/dist-packages/linkattacher_msgs/srv/_attach_link.py
-- Installing: /home/vidya/drift_ws/drift_ws/install/linkattacher_msgs/local/lib/python3.10/dist-packages/linkattacher_msgs/_linkattacher_msgs_s.ep.rosidl_typesupport_c.c
-- Installing: /home/vidya/drift_ws/drift_ws/install/linkattacher_msgs/local/lib/python3.10/dist-packages/linkattacher_msgs/linkattacher_msgs_s__rosidl_typesupport_introspection_c.cpython-310-x86_64-linux-gnu.so
-- Installing: /home/vidya/drift_ws/drift_ws/install/linkattacher_msgs/local/lib/python3.10/dist-packages/linkattacher_msgs/_linkattacher_msgs_s.ep.rosidl_typesupport_introspection_c.c
Listing '/home/vidya/drift_ws/drift_ws/install/linkattacher_msgs/local/lib/python3.10/dist-packages/linkattacher_msgs'...
Compiling '/home/vidya/drift_ws/drift_ws/install/linkattacher_msgs/local/lib/python3.10/dist-packages/linkattacher_msgs/__init__.py'...
Listing '/home/vidya/drift_ws/drift_ws/install/linkattacher_msgs/local/lib/python3.10/dist-packages/linkattacher_msgs/srv'...
Compiling '/home/vidya/drift_ws/drift_ws/install/linkattacher_msgs/local/lib/python3.10/dist-packages/linkattacher_msgs/srv/__init__.py'...
Compiling '/home/vidya/drift_ws/drift_ws/install/linkattacher_msgs/local/lib/python3.10/dist-packages/linkattacher_msgs/srv/_attach_link.py'...
Compiling '/home/vidya/drift_ws/drift_ws/install/linkattacher_msgs/local/lib/python3.10/dist-packages/linkattacher_msgs/srv/_detach_link.py'...
-- Installing: /home/vidya/drift_ws/drift_ws/install/linkattacher_msgs/local/lib/python3.10/dist-packages/linkattacher_msgs/linkattacher_msgs_s__rosidl_typesupport_fastrtps_c.cpython-310-x86_64-linux-gnu.so
-- Set runtime path of "/home/vidya/drift_ws/drift_ws/install/linkattacher_msgs/local/lib/python3.10/dist-packages/linkattacher_msgs/linkattacher_msgs_s__rosidl_typesupport_fastrtps_c.cpython-310-x86_64-linux-gnu.so" to ""
-- Installing: /home/vidya/drift_ws/drift_ws/install/linkattacher_msgs/local/lib/python3.10/dist-packages/linkattacher_msgs/linkattacher_msgs_s__rosidl_typesupport_introspection_c.cpython-310-x86_64-linux-gnu.so
-- Set runtime path of "/home/vidya/drift_ws/drift_ws/install/linkattacher_msgs/local/lib/python3.10/dist-packages/linkattacher_msgs/linkattacher_msgs_s__rosidl_typesupport_introspection_c.cpython-310-x86_64-linux-gnu.so" to ""
-- Installing: /home/vidya/drift_ws/drift_ws/install/linkattacher_msgs/local/lib/python3.10/dist-packages/linkattacher_msgs/linkattacher_msgs_s__rosidl_typesupport_c.cpython-310-x86_64-linux-gnu.so
-- Set runtime path of "/home/vidya/drift_ws/drift_ws/install/linkattacher_msgs/local/lib/python3.10/dist-packages/linkattacher_msgs/linkattacher_msgs_s__rosidl_typesupport_c.cpython-310-x86_64-linux-gnu.so" to ""
-- Installing: /home/vidya/drift_ws/drift_ws/install/linkattacher_msgs/lib/liblinkattacher_msgs__rosidl_generator_py.so
-- Set runtime path of "/home/vidya/drift_ws/drift_ws/install/linkattacher_msgs/lib/liblinkattacher_msgs__rosidl_generator_py.so" to ""
-- Installing: /home/vidya/drift_ws/drift_ws/install/linkattacher_msgs/share/ament_index/resource_index/rust_packages/linkattacher_msgs
-- Installing: /home/vidya/drift_ws/drift_ws/install/linkattacher_msgs/share/linkattacher_msgs/rust
-- Installing: /home/vidya/drift_ws/drift_ws/install/linkattacher_msgs/share/linkattacher_msgs/rust/Cargo.toml
-- Installing: /home/vidya/drift_ws/drift_ws/install/linkattacher_msgs/share/linkattacher_msgs/rust/src
-- Installing: /home/vidya/drift_ws/drift_ws/install/linkattacher_msgs/share/linkattacher_msgs/rust/src/srv
-- Installing: /home/vidya/drift_ws/drift_ws/install/linkattacher_msgs/share/linkattacher_msgs/rust/src/srv/rmw.rs
-- Installing: /home/vidya/drift_ws/drift_ws/install/linkattacher_msgs/share/linkattacher_msgs/rust/src/lib.rs
-- Installing: /home/vidya/drift_ws/drift_ws/install/linkattacher_msgs/share/linkattacher_msgs/rust/src/srv.rs
-- Installing: /home/vidya/drift_ws/drift_ws/install/linkattacher_msgs/share/linkattacher_msgs/rust/build.rs
-- Installing: /home/vidya/drift_ws/drift_ws/install/linkattacher_msgs/share/linkattacher_msgs/srv/AttachLink.idl
-- Installing: /home/vidya/drift_ws/drift_ws/install/linkattacher_msgs/share/linkattacher_msgs/srv/DetachLink.idl
-- Up-to-date: /home/vidya/drift_ws/drift_ws/install/linkattacher_msgs/share/linkattacher_msgs/srv/AttachLink.srv
-- Installing: /home/vidya/drift_ws/drift_ws/install/linkattacher_msgs/share/linkattacher_msgs/srv/AttachLink_Request.msg
-- Installing: /home/vidya/drift_ws/drift_ws/install/linkattacher_msgs/share/linkattacher_msgs/srv/AttachLink_Response.msg
-- Up-to-date: /home/vidya/drift_ws/drift_ws/install/linkattacher_msgs/share/linkattacher_msgs/srv/DetachLink.srv
-- Installing: /home/vidya/drift_ws/drift_ws/install/linkattacher_msgs/share/linkattacher_msgs/srv/DetachLink_Request.msg
-- Installing: /home/vidya/drift_ws/drift_ws/install/linkattacher_msgs/share/linkattacher_msgs/srv/DetachLink_Response.msg
-- Installing: /home/vidya/drift_ws/drift_ws/install/linkattacher_msgs/share/ament_index/resource_index/package_run_dependencies/linkattacher_msgs
-- Installing: /home/vidya/drift_ws/drift_ws/install/linkattacher_msgs/share/ament_index/resource_index/parent_prefix_path/linkattacher_msgs
-- Installing: /home/vidya/drift_ws/drift_ws/install/linkattacher_msgs/share/linkattacher_msgs/environment/ament_prefix_path.sh
-- Installing: /home/vidya/drift_ws/drift_ws/install/linkattacher_msgs/share/linkattacher_msgs/environment/ament_prefix_path.dsv
-- Installing: /home/vidya/drift_ws/drift_ws/install/linkattacher_msgs/share/linkattacher_msgs/environment/path.sh
-- Installing: /home/vidya/drift_ws/drift_ws/install/linkattacher_msgs/share/linkattacher_msgs/environment/path.dsv
-- Installing: /home/vidya/drift_ws/drift_ws/install/linkattacher_msgs/share/linkattacher_msgs/local_setup.bash
-- Installing: /home/vidya/drift_ws/drift_ws/install/linkattacher_msgs/share/linkattacher_msgs/local_setup.sh
-- Installing: /home/vidya/drift_ws/drift_ws/install/linkattacher_msgs/share/linkattacher_msgs/local_setup.zsh
-- Installing: /home/vidya/drift_ws/drift_ws/install/linkattacher_msgs/share/linkattacher_msgs/local_setup.dsv
-- Installing: /home/vidya/drift_ws/drift_ws/install/linkattacher_msgs/share/linkattacher_msgs/package.dsv
-- Installing: /home/vidya/drift_ws/drift_ws/install/linkattacher_msgs/share/ament_index/resource_index/packages/linkattacher_msgs
-- Installing: /home/vidya/drift_ws/drift_ws/install/linkattacher_msgs/share/linkattacher_msgs/cmake/export_linkattacher_msgs__rosidl_generator_cExport.cmake
-- Installing: /home/vidya/drift_ws/drift_ws/install/linkattacher_msgs/share/linkattacher_msgs/cmake/export_linkattacher_msgs__rosidl_generator_cExport-noconfig.cmake
-- Installing: /home/vidya/drift_ws/drift_ws/install/linkattacher_msgs/share/linkattacher_msgs/cmake/export_linkattacher_msgs__rosidl_typesupport_fastrtps_cExport.cmake
-- Installing: /home/vidya/drift_ws/drift_ws/install/linkattacher_msgs/share/linkattacher_msgs/cmake/export_linkattacher_msgs__rosidl_typesupport_fastrtps_cExport-noconfig.cmake
-- Installing: /home/vidya/drift_ws/drift_ws/install/linkattacher_msgs/share/linkattacher_msgs/cmake/linkattacher_msgs__rosidl_typesupport_introspection_cExport.cmake
-- Installing: /home/vidya/drift_ws/drift_ws/install/linkattacher_msgs/share/linkattacher_msgs/cmake/linkattacher_msgs__rosidl_typesupport_introspection_cExport-noconfig.cmake
-- Installing: /home/vidya/drift_ws/drift_ws/install/linkattacher_msgs/share/linkattacher_msgs/cmake/linkattacher_msgs__rosidl_typesupport_cExport.cmake
-- Installing: /home/vidya/drift_ws/drift_ws/install/linkattacher_msgs/share/linkattacher_msgs/cmake/linkattacher_msgs__rosidl_typesupport_cExport-noconfig.cmake
-- Installing: /home/vidya/drift_ws/drift_ws/install/linkattacher_msgs/share/linkattacher_msgs/cmake/export_linkattacher_msgs__rosidl_generator_cppExport.cmake
-- Installing: /home/vidya/drift_ws/drift_ws/install/linkattacher_msgs/share/linkattacher_msgs/cmake/export_linkattacher_msgs__rosidl_typesupport_fastrtps_cppExport.cmake
-- Installing: /home/vidya/drift_ws/drift_ws/install/linkattacher_msgs/share/linkattacher_msgs/cmake/export_linkattacher_msgs__rosidl_typesupport_fastrtps_cppExport-noconfig.cmake
-- Installing: /home/vidya/drift_ws/drift_ws/install/linkattacher_msgs/share/linkattacher_msgs/cmake/linkattacher_msgs__rosidl_typesupport_introspection_cppExport.cmake
-- Installing: /home/vidya/drift_ws/drift_ws/install/linkattacher_msgs/share/linkattacher_msgs/cmake/linkattacher_msgs__rosidl_typesupport_introspection_cppExport-noconfig.cmake
-- Installing: /home/vidya/drift_ws/drift_ws/install/linkattacher_msgs/share/linkattacher_msgs/cmake/linkattacher_msgs__rosidl_typesupport_cppExport.cmake
-- Installing: /home/vidya/drift_ws/drift_ws/install/linkattacher_msgs/share/linkattacher_msgs/cmake/linkattacher_msgs__rosidl_typesupport_cppExport-noconfig.cmake
-- Installing: /home/vidya/drift_ws/drift_ws/install/linkattacher_msgs/share/linkattacher_msgs/cmake/export_linkattacher_msgs__rosidl_generator_pyExport.cmake
-- Installing: /home/vidya/drift_ws/drift_ws/install/linkattacher_msgs/share/linkattacher_msgs/cmake/export_linkattacher_msgs__rosidl_generator_pyExport-noconfig.cmake
-- Installing: /home/vidya/drift_ws/drift_ws/install/linkattacher_msgs/share/linkattacher_msgs/cmake/rosidl_cmake-extras.cmake
-- Installing: /home/vidya/drift_ws/drift_ws/install/linkattacher_msgs/share/linkattacher_msgs/cmake/ament_cmake_export_include_directories-extras.cmake
-- Installing: /home/vidya/drift_ws/drift_ws/install/linkattacher_msgs/share/linkattacher_msgs/cmake/ament_cmake_export_libraries-extras.cmake
-- Installing: /home/vidya/drift_ws/drift_ws/install/linkattacher_msgs/share/linkattacher_msgs/cmake/ament_cmake_export_targets-extras.cmake
-- Installing: /home/vidya/drift_ws/drift_ws/install/linkattacher_msgs/share/linkattacher_msgs/cmake/rosidl_cmake_export_typesupport_targets-extras.cmake
-- Installing: /home/vidya/drift_ws/drift_ws/install/linkattacher_msgs/share/linkattacher_msgs/cmake/ament_cmake_export_dependencies-extras.cmake
-- Installing: /home/vidya/drift_ws/drift_ws/install/linkattacher_msgs/share/linkattacher_msgs/cmake/rosidl_cmake_export_typesupport_libraries-extras.cmake
-- Installing: /home/vidya/drift_ws/drift_ws/install/linkattacher_msgs/share/linkattacher_msgs/cmake/linkattacher_msgsConfig.cmake
-- Installing: /home/vidya/drift_ws/drift_ws/install/linkattacher_msgs/share/linkattacher_msgs/cmake/linkattacher_msgsConfig-version.cmake
-- Installing: /home/vidya/drift_ws/drift_ws/install/linkattacher_msgs/share/linkattacher_msgs/package.xml
