[0.008s] Invoking command in '/home/vidya/drift_ws/drift_ws/build/linkattacher_msgs': CMAKE_PREFIX_PATH=${CMAKE_PREFIX_PATH}:/opt/ros/humble /usr/bin/cmake /home/vidya/drift_ws/drift_ws/src/IFRA_LinkAttacher/linkattacher_msgs -DCMAKE_INSTALL_PREFIX=/home/vidya/drift_ws/drift_ws/install/linkattacher_msgs
[0.113s] -- The C compiler identification is GNU 11.4.0
[0.185s] -- The CXX compiler identification is GNU 11.4.0
[0.190s] -- Detecting C compiler ABI info
[0.258s] -- Detecting C compiler ABI info - done
[0.263s] -- Check for working C compiler: /usr/bin/cc - skipped
[0.263s] -- Detecting C compile features
[0.264s] -- Detecting C compile features - done
[0.266s] -- Detecting CXX compiler ABI info
[0.335s] -- Detecting CXX compiler ABI info - done
[0.341s] -- Check for working CXX compiler: /usr/bin/c++ - skipped
[0.341s] -- Detecting CXX compile features
[0.342s] -- Detecting CXX compile features - done
[0.343s] -- Found ament_cmake: 1.3.14 (/opt/ros/humble/share/ament_cmake/cmake)
[0.464s] -- Found Python3: /usr/bin/python3 (found version "3.10.12") found components: Interpreter 
[0.526s] -- Found ament_lint_auto: 0.12.15 (/opt/ros/humble/share/ament_lint_auto/cmake)
[0.588s] -- Found rosidl_default_generators: 1.2.1 (/opt/ros/humble/share/rosidl_default_generators/cmake)
[0.591s] -- Using all available rosidl_typesupport_c: rosidl_typesupport_fastrtps_c;rosidl_typesupport_introspection_c
[0.595s] -- Found rosidl_adapter: 3.1.8 (/opt/ros/humble/share/rosidl_adapter/cmake)
[0.626s] -- Using all available rosidl_typesupport_cpp: rosidl_typesupport_fastrtps_cpp;rosidl_typesupport_introspection_cpp
[0.838s] -- Found ament_cmake_ros: 0.10.0 (/opt/ros/humble/share/ament_cmake_ros/cmake)
[1.015s] -- Using all available rosidl_typesupport_c: rosidl_typesupport_fastrtps_c;rosidl_typesupport_introspection_c
[1.223s] -- Using all available rosidl_typesupport_cpp: rosidl_typesupport_fastrtps_cpp;rosidl_typesupport_introspection_cpp
[1.241s] -- Found PythonInterp: /usr/bin/python3 (found suitable version "3.10.12", minimum required is "3.6") 
[1.242s] -- Found python_cmake_module: 0.10.0 (/opt/ros/humble/share/python_cmake_module/cmake)
[1.264s] -- Found PythonLibs: /usr/lib/x86_64-linux-gnu/libpython3.10.so (found suitable version "3.10.12", minimum required is "3.5") 
[1.264s] -- Using PYTHON_EXECUTABLE: /usr/bin/python3
[1.265s] -- Using PYTHON_INCLUDE_DIRS: /usr/include/python3.10
[1.265s] -- Using PYTHON_LIBRARIES: /usr/lib/x86_64-linux-gnu/libpython3.10.so
[1.279s] -- Found PythonExtra: .so  
[1.350s] -- Added test 'copyright' to check source files copyright and LICENSE
[1.352s] -- Added test 'lint_cmake' to check CMake code style
[1.352s] -- Added test 'xmllint' to check XML markup files
[1.356s] -- Configuring done
[1.375s] -- Generating done
[1.382s] -- Build files have been written to: /home/vidya/drift_ws/drift_ws/build/linkattacher_msgs
[1.387s] Invoked command in '/home/vidya/drift_ws/drift_ws/build/linkattacher_msgs' returned '0': CMAKE_PREFIX_PATH=${CMAKE_PREFIX_PATH}:/opt/ros/humble /usr/bin/cmake /home/vidya/drift_ws/drift_ws/src/IFRA_LinkAttacher/linkattacher_msgs -DCMAKE_INSTALL_PREFIX=/home/vidya/drift_ws/drift_ws/install/linkattacher_msgs
[1.388s] Invoking command in '/home/vidya/drift_ws/drift_ws/build/linkattacher_msgs': CMAKE_PREFIX_PATH=${CMAKE_PREFIX_PATH}:/opt/ros/humble /usr/bin/cmake --build /home/vidya/drift_ws/drift_ws/build/linkattacher_msgs -- -j16 -l16
[1.430s] [  2%] [34m[1mGenerating C code for ROS interfaces[0m
[1.445s] [  5%] [34m[1mGenerating C++ code for ROS interfaces[0m
[1.445s] [  7%] [34m[1mGenerating Rust code for ROS interfaces[0m
[1.455s] [  7%] Built target ament_cmake_python_copy_linkattacher_msgs
[1.628s] running egg_info
[1.629s] creating linkattacher_msgs.egg-info
[1.629s] writing linkattacher_msgs.egg-info/PKG-INFO
[1.629s] writing dependency_links to linkattacher_msgs.egg-info/dependency_links.txt
[1.629s] writing top-level names to linkattacher_msgs.egg-info/top_level.txt
[1.630s] writing manifest file 'linkattacher_msgs.egg-info/SOURCES.txt'
[1.632s] reading manifest file 'linkattacher_msgs.egg-info/SOURCES.txt'
[1.632s] writing manifest file 'linkattacher_msgs.egg-info/SOURCES.txt'
[1.654s] [  7%] Built target ament_cmake_python_build_linkattacher_msgs_egg
[1.716s] [  7%] Built target linkattacher_msgs__rs
[1.787s] [ 10%] [32mBuilding C object CMakeFiles/linkattacher_msgs__rosidl_generator_c.dir/rosidl_generator_c/linkattacher_msgs/srv/detail/detach_link__functions.c.o[0m
[1.788s] [ 12%] [32mBuilding C object CMakeFiles/linkattacher_msgs__rosidl_generator_c.dir/rosidl_generator_c/linkattacher_msgs/srv/detail/attach_link__functions.c.o[0m
[1.795s] [ 12%] Built target linkattacher_msgs__cpp
[1.805s] [ 17%] [34m[1mGenerating C++ type support dispatch for ROS interfaces[0m
[1.805s] [ 17%] [34m[1mGenerating C++ type support for eProsima Fast-RTPS[0m
[1.805s] [ 20%] [34m[1mGenerating C++ introspection for ROS interfaces[0m
[1.843s] [ 22%] [32m[1mLinking C shared library liblinkattacher_msgs__rosidl_generator_c.so[0m
[1.878s] [ 22%] Built target linkattacher_msgs__rosidl_generator_c
[1.887s] [ 25%] [34m[1mGenerating C introspection for ROS interfaces[0m
[1.887s] [ 27%] [34m[1mGenerating C type support for eProsima Fast-RTPS[0m
[1.890s] [ 30%] [34m[1mGenerating C type support dispatch for ROS interfaces[0m
[2.119s] [ 35%] [32mBuilding CXX object CMakeFiles/linkattacher_msgs__rosidl_typesupport_cpp.dir/rosidl_typesupport_cpp/linkattacher_msgs/srv/detach_link__type_support.cpp.o[0m
[2.119s] [ 35%] [32mBuilding CXX object CMakeFiles/linkattacher_msgs__rosidl_typesupport_cpp.dir/rosidl_typesupport_cpp/linkattacher_msgs/srv/attach_link__type_support.cpp.o[0m
[2.140s] [ 40%] [32mBuilding CXX object CMakeFiles/linkattacher_msgs__rosidl_typesupport_introspection_cpp.dir/rosidl_typesupport_introspection_cpp/linkattacher_msgs/srv/detail/detach_link__type_support.cpp.o[0m
[2.140s] [ 40%] [32mBuilding CXX object CMakeFiles/linkattacher_msgs__rosidl_typesupport_introspection_cpp.dir/rosidl_typesupport_introspection_cpp/linkattacher_msgs/srv/detail/attach_link__type_support.cpp.o[0m
[2.165s] [ 45%] [32mBuilding CXX object CMakeFiles/linkattacher_msgs__rosidl_typesupport_fastrtps_cpp.dir/rosidl_typesupport_fastrtps_cpp/linkattacher_msgs/srv/detail/dds_fastrtps/detach_link__type_support.cpp.o[0m
[2.165s] [ 45%] [32mBuilding CXX object CMakeFiles/linkattacher_msgs__rosidl_typesupport_fastrtps_cpp.dir/rosidl_typesupport_fastrtps_cpp/linkattacher_msgs/srv/detail/dds_fastrtps/attach_link__type_support.cpp.o[0m
[2.233s] [ 47%] [32mBuilding CXX object CMakeFiles/linkattacher_msgs__rosidl_typesupport_c.dir/rosidl_typesupport_c/linkattacher_msgs/srv/detach_link__type_support.cpp.o[0m
[2.234s] [ 50%] [32mBuilding CXX object CMakeFiles/linkattacher_msgs__rosidl_typesupport_c.dir/rosidl_typesupport_c/linkattacher_msgs/srv/attach_link__type_support.cpp.o[0m
[2.234s] [ 52%] [32mBuilding CXX object CMakeFiles/linkattacher_msgs__rosidl_typesupport_fastrtps_c.dir/rosidl_typesupport_fastrtps_c/linkattacher_msgs/srv/detail/attach_link__type_support_c.cpp.o[0m
[2.234s] [ 55%] [32mBuilding CXX object CMakeFiles/linkattacher_msgs__rosidl_typesupport_fastrtps_c.dir/rosidl_typesupport_fastrtps_c/linkattacher_msgs/srv/detail/detach_link__type_support_c.cpp.o[0m
[2.241s] [ 57%] [32mBuilding C object CMakeFiles/linkattacher_msgs__rosidl_typesupport_introspection_c.dir/rosidl_typesupport_introspection_c/linkattacher_msgs/srv/detail/detach_link__type_support.c.o[0m
[2.242s] [ 60%] [32mBuilding C object CMakeFiles/linkattacher_msgs__rosidl_typesupport_introspection_c.dir/rosidl_typesupport_introspection_c/linkattacher_msgs/srv/detail/attach_link__type_support.c.o[0m
[2.266s] [ 62%] [32m[1mLinking CXX shared library liblinkattacher_msgs__rosidl_typesupport_c.so[0m
[2.282s] [ 65%] [32m[1mLinking C shared library liblinkattacher_msgs__rosidl_typesupport_introspection_c.so[0m
[2.311s] [ 65%] Built target linkattacher_msgs__rosidl_typesupport_c
[2.313s] [ 65%] Built target linkattacher_msgs__rosidl_typesupport_introspection_c
[2.351s] [ 67%] [32m[1mLinking CXX shared library liblinkattacher_msgs__rosidl_typesupport_cpp.so[0m
[2.382s] [ 67%] Built target linkattacher_msgs__rosidl_typesupport_cpp
[2.425s] [ 70%] [32m[1mLinking CXX shared library liblinkattacher_msgs__rosidl_typesupport_introspection_cpp.so[0m
[2.475s] [ 70%] Built target linkattacher_msgs__rosidl_typesupport_introspection_cpp
[2.502s] [ 72%] [32m[1mLinking CXX shared library liblinkattacher_msgs__rosidl_typesupport_fastrtps_c.so[0m
[2.527s] [ 75%] [32m[1mLinking CXX shared library liblinkattacher_msgs__rosidl_typesupport_fastrtps_cpp.so[0m
[2.557s] [ 75%] Built target linkattacher_msgs__rosidl_typesupport_fastrtps_c
[2.585s] [ 75%] Built target linkattacher_msgs__rosidl_typesupport_fastrtps_cpp
[2.606s] [ 75%] Built target linkattacher_msgs
[2.632s] [ 77%] [34m[1mGenerating Python code for ROS interfaces[0m
[3.121s] [ 77%] Built target linkattacher_msgs__py
[3.139s] [ 82%] [32mBuilding C object CMakeFiles/linkattacher_msgs__rosidl_generator_py.dir/rosidl_generator_py/linkattacher_msgs/srv/_attach_link_s.c.o[0m
[3.139s] [ 82%] [32mBuilding C object CMakeFiles/linkattacher_msgs__rosidl_generator_py.dir/rosidl_generator_py/linkattacher_msgs/srv/_detach_link_s.c.o[0m
[3.238s] [ 85%] [32m[1mLinking C shared library rosidl_generator_py/linkattacher_msgs/liblinkattacher_msgs__rosidl_generator_py.so[0m
[3.270s] [ 85%] Built target linkattacher_msgs__rosidl_generator_py
[3.291s] [ 87%] [32mBuilding C object CMakeFiles/linkattacher_msgs__rosidl_typesupport_introspection_c__pyext.dir/rosidl_generator_py/linkattacher_msgs/_linkattacher_msgs_s.ep.rosidl_typesupport_introspection_c.c.o[0m
[3.296s] [ 90%] [32mBuilding C object CMakeFiles/linkattacher_msgs__rosidl_typesupport_c__pyext.dir/rosidl_generator_py/linkattacher_msgs/_linkattacher_msgs_s.ep.rosidl_typesupport_c.c.o[0m
[3.296s] [ 92%] [32mBuilding C object CMakeFiles/linkattacher_msgs__rosidl_typesupport_fastrtps_c__pyext.dir/rosidl_generator_py/linkattacher_msgs/_linkattacher_msgs_s.ep.rosidl_typesupport_fastrtps_c.c.o[0m
[3.374s] [ 95%] [32m[1mLinking C shared library rosidl_generator_py/linkattacher_msgs/linkattacher_msgs_s__rosidl_typesupport_introspection_c.cpython-310-x86_64-linux-gnu.so[0m
[3.375s] [ 97%] [32m[1mLinking C shared library rosidl_generator_py/linkattacher_msgs/linkattacher_msgs_s__rosidl_typesupport_c.cpython-310-x86_64-linux-gnu.so[0m
[3.383s] [100%] [32m[1mLinking C shared library rosidl_generator_py/linkattacher_msgs/linkattacher_msgs_s__rosidl_typesupport_fastrtps_c.cpython-310-x86_64-linux-gnu.so[0m
[3.401s] [100%] Built target linkattacher_msgs__rosidl_typesupport_introspection_c__pyext
[3.403s] [100%] Built target linkattacher_msgs__rosidl_typesupport_c__pyext
[3.409s] [100%] Built target linkattacher_msgs__rosidl_typesupport_fastrtps_c__pyext
[3.419s] Invoked command in '/home/vidya/drift_ws/drift_ws/build/linkattacher_msgs' returned '0': CMAKE_PREFIX_PATH=${CMAKE_PREFIX_PATH}:/opt/ros/humble /usr/bin/cmake --build /home/vidya/drift_ws/drift_ws/build/linkattacher_msgs -- -j16 -l16
[3.421s] Invoking command in '/home/vidya/drift_ws/drift_ws/build/linkattacher_msgs': CMAKE_PREFIX_PATH=${CMAKE_PREFIX_PATH}:/opt/ros/humble /usr/bin/cmake --install /home/vidya/drift_ws/drift_ws/build/linkattacher_msgs
[3.428s] -- Install configuration: ""
[3.428s] -- Installing: /home/vidya/drift_ws/drift_ws/install/linkattacher_msgs/share/linkattacher_msgs/srv
[3.428s] -- Installing: /home/vidya/drift_ws/drift_ws/install/linkattacher_msgs/share/linkattacher_msgs/srv/DetachLink.srv
[3.428s] -- Installing: /home/vidya/drift_ws/drift_ws/install/linkattacher_msgs/share/linkattacher_msgs/srv/AttachLink.srv
[3.428s] -- Installing: /home/vidya/drift_ws/drift_ws/install/linkattacher_msgs/share/ament_index/resource_index/rosidl_interfaces/linkattacher_msgs
[3.428s] -- Installing: /home/vidya/drift_ws/drift_ws/install/linkattacher_msgs/include/linkattacher_msgs/linkattacher_msgs
[3.428s] -- Installing: /home/vidya/drift_ws/drift_ws/install/linkattacher_msgs/include/linkattacher_msgs/linkattacher_msgs/msg
[3.428s] -- Installing: /home/vidya/drift_ws/drift_ws/install/linkattacher_msgs/include/linkattacher_msgs/linkattacher_msgs/msg/rosidl_generator_c__visibility_control.h
[3.428s] -- Installing: /home/vidya/drift_ws/drift_ws/install/linkattacher_msgs/include/linkattacher_msgs/linkattacher_msgs/srv
[3.428s] -- Installing: /home/vidya/drift_ws/drift_ws/install/linkattacher_msgs/include/linkattacher_msgs/linkattacher_msgs/srv/detach_link.h
[3.428s] -- Installing: /home/vidya/drift_ws/drift_ws/install/linkattacher_msgs/include/linkattacher_msgs/linkattacher_msgs/srv/detail
[3.428s] -- Installing: /home/vidya/drift_ws/drift_ws/install/linkattacher_msgs/include/linkattacher_msgs/linkattacher_msgs/srv/detail/detach_link__functions.h
[3.428s] -- Installing: /home/vidya/drift_ws/drift_ws/install/linkattacher_msgs/include/linkattacher_msgs/linkattacher_msgs/srv/detail/detach_link__struct.h
[3.428s] -- Installing: /home/vidya/drift_ws/drift_ws/install/linkattacher_msgs/include/linkattacher_msgs/linkattacher_msgs/srv/detail/attach_link__type_support.h
[3.428s] -- Installing: /home/vidya/drift_ws/drift_ws/install/linkattacher_msgs/include/linkattacher_msgs/linkattacher_msgs/srv/detail/attach_link__struct.h
[3.428s] -- Installing: /home/vidya/drift_ws/drift_ws/install/linkattacher_msgs/include/linkattacher_msgs/linkattacher_msgs/srv/detail/detach_link__functions.c
[3.428s] -- Installing: /home/vidya/drift_ws/drift_ws/install/linkattacher_msgs/include/linkattacher_msgs/linkattacher_msgs/srv/detail/attach_link__functions.h
[3.429s] -- Installing: /home/vidya/drift_ws/drift_ws/install/linkattacher_msgs/include/linkattacher_msgs/linkattacher_msgs/srv/detail/attach_link__functions.c
[3.429s] -- Installing: /home/vidya/drift_ws/drift_ws/install/linkattacher_msgs/include/linkattacher_msgs/linkattacher_msgs/srv/detail/detach_link__type_support.h
[3.429s] -- Installing: /home/vidya/drift_ws/drift_ws/install/linkattacher_msgs/include/linkattacher_msgs/linkattacher_msgs/srv/attach_link.h
[3.429s] -- Installing: /home/vidya/drift_ws/drift_ws/install/linkattacher_msgs/share/linkattacher_msgs/environment/library_path.sh
[3.429s] -- Installing: /home/vidya/drift_ws/drift_ws/install/linkattacher_msgs/share/linkattacher_msgs/environment/library_path.dsv
[3.429s] -- Installing: /home/vidya/drift_ws/drift_ws/install/linkattacher_msgs/lib/liblinkattacher_msgs__rosidl_generator_c.so
[3.429s] -- Set runtime path of "/home/vidya/drift_ws/drift_ws/install/linkattacher_msgs/lib/liblinkattacher_msgs__rosidl_generator_c.so" to ""
[3.429s] -- Up-to-date: /home/vidya/drift_ws/drift_ws/install/linkattacher_msgs/include/linkattacher_msgs/linkattacher_msgs
[3.429s] -- Up-to-date: /home/vidya/drift_ws/drift_ws/install/linkattacher_msgs/include/linkattacher_msgs/linkattacher_msgs/msg
[3.429s] -- Installing: /home/vidya/drift_ws/drift_ws/install/linkattacher_msgs/include/linkattacher_msgs/linkattacher_msgs/msg/rosidl_typesupport_fastrtps_c__visibility_control.h
[3.429s] -- Up-to-date: /home/vidya/drift_ws/drift_ws/install/linkattacher_msgs/include/linkattacher_msgs/linkattacher_msgs/srv
[3.429s] -- Up-to-date: /home/vidya/drift_ws/drift_ws/install/linkattacher_msgs/include/linkattacher_msgs/linkattacher_msgs/srv/detail
[3.429s] -- Installing: /home/vidya/drift_ws/drift_ws/install/linkattacher_msgs/include/linkattacher_msgs/linkattacher_msgs/srv/detail/detach_link__rosidl_typesupport_fastrtps_c.h
[3.429s] -- Installing: /home/vidya/drift_ws/drift_ws/install/linkattacher_msgs/include/linkattacher_msgs/linkattacher_msgs/srv/detail/attach_link__rosidl_typesupport_fastrtps_c.h
[3.429s] -- Installing: /home/vidya/drift_ws/drift_ws/install/linkattacher_msgs/lib/liblinkattacher_msgs__rosidl_typesupport_fastrtps_c.so
[3.429s] -- Set runtime path of "/home/vidya/drift_ws/drift_ws/install/linkattacher_msgs/lib/liblinkattacher_msgs__rosidl_typesupport_fastrtps_c.so" to ""
[3.429s] -- Up-to-date: /home/vidya/drift_ws/drift_ws/install/linkattacher_msgs/include/linkattacher_msgs/linkattacher_msgs
[3.429s] -- Up-to-date: /home/vidya/drift_ws/drift_ws/install/linkattacher_msgs/include/linkattacher_msgs/linkattacher_msgs/msg
[3.429s] -- Installing: /home/vidya/drift_ws/drift_ws/install/linkattacher_msgs/include/linkattacher_msgs/linkattacher_msgs/msg/rosidl_typesupport_introspection_c__visibility_control.h
[3.430s] -- Up-to-date: /home/vidya/drift_ws/drift_ws/install/linkattacher_msgs/include/linkattacher_msgs/linkattacher_msgs/srv
[3.430s] -- Up-to-date: /home/vidya/drift_ws/drift_ws/install/linkattacher_msgs/include/linkattacher_msgs/linkattacher_msgs/srv/detail
[3.430s] -- Installing: /home/vidya/drift_ws/drift_ws/install/linkattacher_msgs/include/linkattacher_msgs/linkattacher_msgs/srv/detail/attach_link__type_support.c
[3.430s] -- Installing: /home/vidya/drift_ws/drift_ws/install/linkattacher_msgs/include/linkattacher_msgs/linkattacher_msgs/srv/detail/detach_link__rosidl_typesupport_introspection_c.h
[3.430s] -- Installing: /home/vidya/drift_ws/drift_ws/install/linkattacher_msgs/include/linkattacher_msgs/linkattacher_msgs/srv/detail/detach_link__type_support.c
[3.430s] -- Installing: /home/vidya/drift_ws/drift_ws/install/linkattacher_msgs/include/linkattacher_msgs/linkattacher_msgs/srv/detail/attach_link__rosidl_typesupport_introspection_c.h
[3.430s] -- Installing: /home/vidya/drift_ws/drift_ws/install/linkattacher_msgs/lib/liblinkattacher_msgs__rosidl_typesupport_introspection_c.so
[3.430s] -- Set runtime path of "/home/vidya/drift_ws/drift_ws/install/linkattacher_msgs/lib/liblinkattacher_msgs__rosidl_typesupport_introspection_c.so" to ""
[3.430s] -- Installing: /home/vidya/drift_ws/drift_ws/install/linkattacher_msgs/lib/liblinkattacher_msgs__rosidl_typesupport_c.so
[3.430s] -- Set runtime path of "/home/vidya/drift_ws/drift_ws/install/linkattacher_msgs/lib/liblinkattacher_msgs__rosidl_typesupport_c.so" to ""
[3.430s] -- Up-to-date: /home/vidya/drift_ws/drift_ws/install/linkattacher_msgs/include/linkattacher_msgs/linkattacher_msgs
[3.430s] -- Up-to-date: /home/vidya/drift_ws/drift_ws/install/linkattacher_msgs/include/linkattacher_msgs/linkattacher_msgs/msg
[3.430s] -- Installing: /home/vidya/drift_ws/drift_ws/install/linkattacher_msgs/include/linkattacher_msgs/linkattacher_msgs/msg/rosidl_generator_cpp__visibility_control.hpp
[3.430s] -- Up-to-date: /home/vidya/drift_ws/drift_ws/install/linkattacher_msgs/include/linkattacher_msgs/linkattacher_msgs/srv
[3.430s] -- Up-to-date: /home/vidya/drift_ws/drift_ws/install/linkattacher_msgs/include/linkattacher_msgs/linkattacher_msgs/srv/detail
[3.430s] -- Installing: /home/vidya/drift_ws/drift_ws/install/linkattacher_msgs/include/linkattacher_msgs/linkattacher_msgs/srv/detail/attach_link__builder.hpp
[3.430s] -- Installing: /home/vidya/drift_ws/drift_ws/install/linkattacher_msgs/include/linkattacher_msgs/linkattacher_msgs/srv/detail/attach_link__traits.hpp
[3.430s] -- Installing: /home/vidya/drift_ws/drift_ws/install/linkattacher_msgs/include/linkattacher_msgs/linkattacher_msgs/srv/detail/detach_link__builder.hpp
[3.431s] -- Installing: /home/vidya/drift_ws/drift_ws/install/linkattacher_msgs/include/linkattacher_msgs/linkattacher_msgs/srv/detail/attach_link__struct.hpp
[3.431s] -- Installing: /home/vidya/drift_ws/drift_ws/install/linkattacher_msgs/include/linkattacher_msgs/linkattacher_msgs/srv/detail/detach_link__type_support.hpp
[3.431s] -- Installing: /home/vidya/drift_ws/drift_ws/install/linkattacher_msgs/include/linkattacher_msgs/linkattacher_msgs/srv/detail/detach_link__traits.hpp
[3.431s] -- Installing: /home/vidya/drift_ws/drift_ws/install/linkattacher_msgs/include/linkattacher_msgs/linkattacher_msgs/srv/detail/attach_link__type_support.hpp
[3.431s] -- Installing: /home/vidya/drift_ws/drift_ws/install/linkattacher_msgs/include/linkattacher_msgs/linkattacher_msgs/srv/detail/detach_link__struct.hpp
[3.431s] -- Installing: /home/vidya/drift_ws/drift_ws/install/linkattacher_msgs/include/linkattacher_msgs/linkattacher_msgs/srv/detach_link.hpp
[3.431s] -- Installing: /home/vidya/drift_ws/drift_ws/install/linkattacher_msgs/include/linkattacher_msgs/linkattacher_msgs/srv/attach_link.hpp
[3.431s] -- Up-to-date: /home/vidya/drift_ws/drift_ws/install/linkattacher_msgs/include/linkattacher_msgs/linkattacher_msgs
[3.431s] -- Up-to-date: /home/vidya/drift_ws/drift_ws/install/linkattacher_msgs/include/linkattacher_msgs/linkattacher_msgs/msg
[3.431s] -- Installing: /home/vidya/drift_ws/drift_ws/install/linkattacher_msgs/include/linkattacher_msgs/linkattacher_msgs/msg/rosidl_typesupport_fastrtps_cpp__visibility_control.h
[3.431s] -- Up-to-date: /home/vidya/drift_ws/drift_ws/install/linkattacher_msgs/include/linkattacher_msgs/linkattacher_msgs/srv
[3.431s] -- Up-to-date: /home/vidya/drift_ws/drift_ws/install/linkattacher_msgs/include/linkattacher_msgs/linkattacher_msgs/srv/detail
[3.431s] -- Installing: /home/vidya/drift_ws/drift_ws/install/linkattacher_msgs/include/linkattacher_msgs/linkattacher_msgs/srv/detail/detach_link__rosidl_typesupport_fastrtps_cpp.hpp
[3.431s] -- Installing: /home/vidya/drift_ws/drift_ws/install/linkattacher_msgs/include/linkattacher_msgs/linkattacher_msgs/srv/detail/attach_link__rosidl_typesupport_fastrtps_cpp.hpp
[3.431s] -- Installing: /home/vidya/drift_ws/drift_ws/install/linkattacher_msgs/include/linkattacher_msgs/linkattacher_msgs/srv/detail/dds_fastrtps
[3.431s] -- Installing: /home/vidya/drift_ws/drift_ws/install/linkattacher_msgs/lib/liblinkattacher_msgs__rosidl_typesupport_fastrtps_cpp.so
[3.431s] -- Set runtime path of "/home/vidya/drift_ws/drift_ws/install/linkattacher_msgs/lib/liblinkattacher_msgs__rosidl_typesupport_fastrtps_cpp.so" to ""
[3.431s] -- Up-to-date: /home/vidya/drift_ws/drift_ws/install/linkattacher_msgs/include/linkattacher_msgs/linkattacher_msgs
[3.431s] -- Up-to-date: /home/vidya/drift_ws/drift_ws/install/linkattacher_msgs/include/linkattacher_msgs/linkattacher_msgs/srv
[3.431s] -- Up-to-date: /home/vidya/drift_ws/drift_ws/install/linkattacher_msgs/include/linkattacher_msgs/linkattacher_msgs/srv/detail
[3.431s] -- Installing: /home/vidya/drift_ws/drift_ws/install/linkattacher_msgs/include/linkattacher_msgs/linkattacher_msgs/srv/detail/attach_link__rosidl_typesupport_introspection_cpp.hpp
[3.432s] -- Installing: /home/vidya/drift_ws/drift_ws/install/linkattacher_msgs/include/linkattacher_msgs/linkattacher_msgs/srv/detail/detach_link__rosidl_typesupport_introspection_cpp.hpp
[3.432s] -- Installing: /home/vidya/drift_ws/drift_ws/install/linkattacher_msgs/include/linkattacher_msgs/linkattacher_msgs/srv/detail/attach_link__type_support.cpp
[3.432s] -- Installing: /home/vidya/drift_ws/drift_ws/install/linkattacher_msgs/include/linkattacher_msgs/linkattacher_msgs/srv/detail/detach_link__type_support.cpp
[3.432s] -- Installing: /home/vidya/drift_ws/drift_ws/install/linkattacher_msgs/lib/liblinkattacher_msgs__rosidl_typesupport_introspection_cpp.so
[3.432s] -- Set runtime path of "/home/vidya/drift_ws/drift_ws/install/linkattacher_msgs/lib/liblinkattacher_msgs__rosidl_typesupport_introspection_cpp.so" to ""
[3.432s] -- Installing: /home/vidya/drift_ws/drift_ws/install/linkattacher_msgs/lib/liblinkattacher_msgs__rosidl_typesupport_cpp.so
[3.432s] -- Set runtime path of "/home/vidya/drift_ws/drift_ws/install/linkattacher_msgs/lib/liblinkattacher_msgs__rosidl_typesupport_cpp.so" to ""
[3.432s] -- Installing: /home/vidya/drift_ws/drift_ws/install/linkattacher_msgs/share/linkattacher_msgs/environment/pythonpath.sh
[3.432s] -- Installing: /home/vidya/drift_ws/drift_ws/install/linkattacher_msgs/share/linkattacher_msgs/environment/pythonpath.dsv
[3.432s] -- Installing: /home/vidya/drift_ws/drift_ws/install/linkattacher_msgs/local/lib/python3.10/dist-packages/linkattacher_msgs-0.0.0-py3.10.egg-info
[3.432s] -- Installing: /home/vidya/drift_ws/drift_ws/install/linkattacher_msgs/local/lib/python3.10/dist-packages/linkattacher_msgs-0.0.0-py3.10.egg-info/PKG-INFO
[3.432s] -- Installing: /home/vidya/drift_ws/drift_ws/install/linkattacher_msgs/local/lib/python3.10/dist-packages/linkattacher_msgs-0.0.0-py3.10.egg-info/dependency_links.txt
[3.432s] -- Installing: /home/vidya/drift_ws/drift_ws/install/linkattacher_msgs/local/lib/python3.10/dist-packages/linkattacher_msgs-0.0.0-py3.10.egg-info/top_level.txt
[3.432s] -- Installing: /home/vidya/drift_ws/drift_ws/install/linkattacher_msgs/local/lib/python3.10/dist-packages/linkattacher_msgs-0.0.0-py3.10.egg-info/SOURCES.txt
[3.432s] -- Installing: /home/vidya/drift_ws/drift_ws/install/linkattacher_msgs/local/lib/python3.10/dist-packages/linkattacher_msgs
[3.432s] -- Installing: /home/vidya/drift_ws/drift_ws/install/linkattacher_msgs/local/lib/python3.10/dist-packages/linkattacher_msgs/linkattacher_msgs_s__rosidl_typesupport_c.cpython-310-x86_64-linux-gnu.so
[3.432s] -- Installing: /home/vidya/drift_ws/drift_ws/install/linkattacher_msgs/local/lib/python3.10/dist-packages/linkattacher_msgs/linkattacher_msgs_s__rosidl_typesupport_fastrtps_c.cpython-310-x86_64-linux-gnu.so
[3.432s] -- Installing: /home/vidya/drift_ws/drift_ws/install/linkattacher_msgs/local/lib/python3.10/dist-packages/linkattacher_msgs/__init__.py
[3.432s] -- Installing: /home/vidya/drift_ws/drift_ws/install/linkattacher_msgs/local/lib/python3.10/dist-packages/linkattacher_msgs/liblinkattacher_msgs__rosidl_generator_py.so
[3.432s] -- Installing: /home/vidya/drift_ws/drift_ws/install/linkattacher_msgs/local/lib/python3.10/dist-packages/linkattacher_msgs/_linkattacher_msgs_s.ep.rosidl_typesupport_fastrtps_c.c
[3.433s] -- Installing: /home/vidya/drift_ws/drift_ws/install/linkattacher_msgs/local/lib/python3.10/dist-packages/linkattacher_msgs/srv
[3.433s] -- Installing: /home/vidya/drift_ws/drift_ws/install/linkattacher_msgs/local/lib/python3.10/dist-packages/linkattacher_msgs/srv/__init__.py
[3.433s] -- Installing: /home/vidya/drift_ws/drift_ws/install/linkattacher_msgs/local/lib/python3.10/dist-packages/linkattacher_msgs/srv/_attach_link_s.c
[3.433s] -- Installing: /home/vidya/drift_ws/drift_ws/install/linkattacher_msgs/local/lib/python3.10/dist-packages/linkattacher_msgs/srv/_detach_link.py
[3.433s] -- Installing: /home/vidya/drift_ws/drift_ws/install/linkattacher_msgs/local/lib/python3.10/dist-packages/linkattacher_msgs/srv/_detach_link_s.c
[3.433s] -- Installing: /home/vidya/drift_ws/drift_ws/install/linkattacher_msgs/local/lib/python3.10/dist-packages/linkattacher_msgs/srv/_attach_link.py
[3.433s] -- Installing: /home/vidya/drift_ws/drift_ws/install/linkattacher_msgs/local/lib/python3.10/dist-packages/linkattacher_msgs/_linkattacher_msgs_s.ep.rosidl_typesupport_c.c
[3.433s] -- Installing: /home/vidya/drift_ws/drift_ws/install/linkattacher_msgs/local/lib/python3.10/dist-packages/linkattacher_msgs/linkattacher_msgs_s__rosidl_typesupport_introspection_c.cpython-310-x86_64-linux-gnu.so
[3.433s] -- Installing: /home/vidya/drift_ws/drift_ws/install/linkattacher_msgs/local/lib/python3.10/dist-packages/linkattacher_msgs/_linkattacher_msgs_s.ep.rosidl_typesupport_introspection_c.c
[3.460s] Listing '/home/vidya/drift_ws/drift_ws/install/linkattacher_msgs/local/lib/python3.10/dist-packages/linkattacher_msgs'...
[3.460s] Compiling '/home/vidya/drift_ws/drift_ws/install/linkattacher_msgs/local/lib/python3.10/dist-packages/linkattacher_msgs/__init__.py'...
[3.460s] Listing '/home/vidya/drift_ws/drift_ws/install/linkattacher_msgs/local/lib/python3.10/dist-packages/linkattacher_msgs/srv'...
[3.460s] Compiling '/home/vidya/drift_ws/drift_ws/install/linkattacher_msgs/local/lib/python3.10/dist-packages/linkattacher_msgs/srv/__init__.py'...
[3.460s] Compiling '/home/vidya/drift_ws/drift_ws/install/linkattacher_msgs/local/lib/python3.10/dist-packages/linkattacher_msgs/srv/_attach_link.py'...
[3.460s] Compiling '/home/vidya/drift_ws/drift_ws/install/linkattacher_msgs/local/lib/python3.10/dist-packages/linkattacher_msgs/srv/_detach_link.py'...
[3.463s] -- Installing: /home/vidya/drift_ws/drift_ws/install/linkattacher_msgs/local/lib/python3.10/dist-packages/linkattacher_msgs/linkattacher_msgs_s__rosidl_typesupport_fastrtps_c.cpython-310-x86_64-linux-gnu.so
[3.463s] -- Set runtime path of "/home/vidya/drift_ws/drift_ws/install/linkattacher_msgs/local/lib/python3.10/dist-packages/linkattacher_msgs/linkattacher_msgs_s__rosidl_typesupport_fastrtps_c.cpython-310-x86_64-linux-gnu.so" to ""
[3.463s] -- Installing: /home/vidya/drift_ws/drift_ws/install/linkattacher_msgs/local/lib/python3.10/dist-packages/linkattacher_msgs/linkattacher_msgs_s__rosidl_typesupport_introspection_c.cpython-310-x86_64-linux-gnu.so
[3.464s] -- Set runtime path of "/home/vidya/drift_ws/drift_ws/install/linkattacher_msgs/local/lib/python3.10/dist-packages/linkattacher_msgs/linkattacher_msgs_s__rosidl_typesupport_introspection_c.cpython-310-x86_64-linux-gnu.so" to ""
[3.464s] -- Installing: /home/vidya/drift_ws/drift_ws/install/linkattacher_msgs/local/lib/python3.10/dist-packages/linkattacher_msgs/linkattacher_msgs_s__rosidl_typesupport_c.cpython-310-x86_64-linux-gnu.so
[3.464s] -- Set runtime path of "/home/vidya/drift_ws/drift_ws/install/linkattacher_msgs/local/lib/python3.10/dist-packages/linkattacher_msgs/linkattacher_msgs_s__rosidl_typesupport_c.cpython-310-x86_64-linux-gnu.so" to ""
[3.464s] -- Installing: /home/vidya/drift_ws/drift_ws/install/linkattacher_msgs/lib/liblinkattacher_msgs__rosidl_generator_py.so
[3.464s] -- Set runtime path of "/home/vidya/drift_ws/drift_ws/install/linkattacher_msgs/lib/liblinkattacher_msgs__rosidl_generator_py.so" to ""
[3.464s] -- Installing: /home/vidya/drift_ws/drift_ws/install/linkattacher_msgs/share/ament_index/resource_index/rust_packages/linkattacher_msgs
[3.464s] -- Installing: /home/vidya/drift_ws/drift_ws/install/linkattacher_msgs/share/linkattacher_msgs/rust
[3.465s] -- Installing: /home/vidya/drift_ws/drift_ws/install/linkattacher_msgs/share/linkattacher_msgs/rust/Cargo.toml
[3.465s] -- Installing: /home/vidya/drift_ws/drift_ws/install/linkattacher_msgs/share/linkattacher_msgs/rust/src
[3.465s] -- Installing: /home/vidya/drift_ws/drift_ws/install/linkattacher_msgs/share/linkattacher_msgs/rust/src/srv
[3.465s] -- Installing: /home/vidya/drift_ws/drift_ws/install/linkattacher_msgs/share/linkattacher_msgs/rust/src/srv/rmw.rs
[3.465s] -- Installing: /home/vidya/drift_ws/drift_ws/install/linkattacher_msgs/share/linkattacher_msgs/rust/src/lib.rs
[3.465s] -- Installing: /home/vidya/drift_ws/drift_ws/install/linkattacher_msgs/share/linkattacher_msgs/rust/src/srv.rs
[3.465s] -- Installing: /home/vidya/drift_ws/drift_ws/install/linkattacher_msgs/share/linkattacher_msgs/rust/build.rs
[3.465s] -- Installing: /home/vidya/drift_ws/drift_ws/install/linkattacher_msgs/share/linkattacher_msgs/srv/AttachLink.idl
[3.465s] -- Installing: /home/vidya/drift_ws/drift_ws/install/linkattacher_msgs/share/linkattacher_msgs/srv/DetachLink.idl
[3.465s] -- Up-to-date: /home/vidya/drift_ws/drift_ws/install/linkattacher_msgs/share/linkattacher_msgs/srv/AttachLink.srv
[3.465s] -- Installing: /home/vidya/drift_ws/drift_ws/install/linkattacher_msgs/share/linkattacher_msgs/srv/AttachLink_Request.msg
[3.465s] -- Installing: /home/vidya/drift_ws/drift_ws/install/linkattacher_msgs/share/linkattacher_msgs/srv/AttachLink_Response.msg
[3.465s] -- Up-to-date: /home/vidya/drift_ws/drift_ws/install/linkattacher_msgs/share/linkattacher_msgs/srv/DetachLink.srv
[3.466s] -- Installing: /home/vidya/drift_ws/drift_ws/install/linkattacher_msgs/share/linkattacher_msgs/srv/DetachLink_Request.msg
[3.466s] -- Installing: /home/vidya/drift_ws/drift_ws/install/linkattacher_msgs/share/linkattacher_msgs/srv/DetachLink_Response.msg
[3.466s] -- Installing: /home/vidya/drift_ws/drift_ws/install/linkattacher_msgs/share/ament_index/resource_index/package_run_dependencies/linkattacher_msgs
[3.466s] -- Installing: /home/vidya/drift_ws/drift_ws/install/linkattacher_msgs/share/ament_index/resource_index/parent_prefix_path/linkattacher_msgs
[3.466s] -- Installing: /home/vidya/drift_ws/drift_ws/install/linkattacher_msgs/share/linkattacher_msgs/environment/ament_prefix_path.sh
[3.466s] -- Installing: /home/vidya/drift_ws/drift_ws/install/linkattacher_msgs/share/linkattacher_msgs/environment/ament_prefix_path.dsv
[3.466s] -- Installing: /home/vidya/drift_ws/drift_ws/install/linkattacher_msgs/share/linkattacher_msgs/environment/path.sh
[3.466s] -- Installing: /home/vidya/drift_ws/drift_ws/install/linkattacher_msgs/share/linkattacher_msgs/environment/path.dsv
[3.466s] -- Installing: /home/vidya/drift_ws/drift_ws/install/linkattacher_msgs/share/linkattacher_msgs/local_setup.bash
[3.466s] -- Installing: /home/vidya/drift_ws/drift_ws/install/linkattacher_msgs/share/linkattacher_msgs/local_setup.sh
[3.466s] -- Installing: /home/vidya/drift_ws/drift_ws/install/linkattacher_msgs/share/linkattacher_msgs/local_setup.zsh
[3.466s] -- Installing: /home/vidya/drift_ws/drift_ws/install/linkattacher_msgs/share/linkattacher_msgs/local_setup.dsv
[3.467s] -- Installing: /home/vidya/drift_ws/drift_ws/install/linkattacher_msgs/share/linkattacher_msgs/package.dsv
[3.467s] -- Installing: /home/vidya/drift_ws/drift_ws/install/linkattacher_msgs/share/ament_index/resource_index/packages/linkattacher_msgs
[3.467s] -- Installing: /home/vidya/drift_ws/drift_ws/install/linkattacher_msgs/share/linkattacher_msgs/cmake/export_linkattacher_msgs__rosidl_generator_cExport.cmake
[3.467s] -- Installing: /home/vidya/drift_ws/drift_ws/install/linkattacher_msgs/share/linkattacher_msgs/cmake/export_linkattacher_msgs__rosidl_generator_cExport-noconfig.cmake
[3.467s] -- Installing: /home/vidya/drift_ws/drift_ws/install/linkattacher_msgs/share/linkattacher_msgs/cmake/export_linkattacher_msgs__rosidl_typesupport_fastrtps_cExport.cmake
[3.467s] -- Installing: /home/vidya/drift_ws/drift_ws/install/linkattacher_msgs/share/linkattacher_msgs/cmake/export_linkattacher_msgs__rosidl_typesupport_fastrtps_cExport-noconfig.cmake
[3.467s] -- Installing: /home/vidya/drift_ws/drift_ws/install/linkattacher_msgs/share/linkattacher_msgs/cmake/linkattacher_msgs__rosidl_typesupport_introspection_cExport.cmake
[3.467s] -- Installing: /home/vidya/drift_ws/drift_ws/install/linkattacher_msgs/share/linkattacher_msgs/cmake/linkattacher_msgs__rosidl_typesupport_introspection_cExport-noconfig.cmake
[3.467s] -- Installing: /home/vidya/drift_ws/drift_ws/install/linkattacher_msgs/share/linkattacher_msgs/cmake/linkattacher_msgs__rosidl_typesupport_cExport.cmake
[3.467s] -- Installing: /home/vidya/drift_ws/drift_ws/install/linkattacher_msgs/share/linkattacher_msgs/cmake/linkattacher_msgs__rosidl_typesupport_cExport-noconfig.cmake
[3.467s] -- Installing: /home/vidya/drift_ws/drift_ws/install/linkattacher_msgs/share/linkattacher_msgs/cmake/export_linkattacher_msgs__rosidl_generator_cppExport.cmake
[3.467s] -- Installing: /home/vidya/drift_ws/drift_ws/install/linkattacher_msgs/share/linkattacher_msgs/cmake/export_linkattacher_msgs__rosidl_typesupport_fastrtps_cppExport.cmake
[3.467s] -- Installing: /home/vidya/drift_ws/drift_ws/install/linkattacher_msgs/share/linkattacher_msgs/cmake/export_linkattacher_msgs__rosidl_typesupport_fastrtps_cppExport-noconfig.cmake
[3.467s] -- Installing: /home/vidya/drift_ws/drift_ws/install/linkattacher_msgs/share/linkattacher_msgs/cmake/linkattacher_msgs__rosidl_typesupport_introspection_cppExport.cmake
[3.467s] -- Installing: /home/vidya/drift_ws/drift_ws/install/linkattacher_msgs/share/linkattacher_msgs/cmake/linkattacher_msgs__rosidl_typesupport_introspection_cppExport-noconfig.cmake
[3.468s] -- Installing: /home/vidya/drift_ws/drift_ws/install/linkattacher_msgs/share/linkattacher_msgs/cmake/linkattacher_msgs__rosidl_typesupport_cppExport.cmake
[3.468s] -- Installing: /home/vidya/drift_ws/drift_ws/install/linkattacher_msgs/share/linkattacher_msgs/cmake/linkattacher_msgs__rosidl_typesupport_cppExport-noconfig.cmake
[3.468s] -- Installing: /home/vidya/drift_ws/drift_ws/install/linkattacher_msgs/share/linkattacher_msgs/cmake/export_linkattacher_msgs__rosidl_generator_pyExport.cmake
[3.468s] -- Installing: /home/vidya/drift_ws/drift_ws/install/linkattacher_msgs/share/linkattacher_msgs/cmake/export_linkattacher_msgs__rosidl_generator_pyExport-noconfig.cmake
[3.468s] -- Installing: /home/vidya/drift_ws/drift_ws/install/linkattacher_msgs/share/linkattacher_msgs/cmake/rosidl_cmake-extras.cmake
[3.468s] -- Installing: /home/vidya/drift_ws/drift_ws/install/linkattacher_msgs/share/linkattacher_msgs/cmake/ament_cmake_export_include_directories-extras.cmake
[3.468s] -- Installing: /home/vidya/drift_ws/drift_ws/install/linkattacher_msgs/share/linkattacher_msgs/cmake/ament_cmake_export_libraries-extras.cmake
[3.468s] -- Installing: /home/vidya/drift_ws/drift_ws/install/linkattacher_msgs/share/linkattacher_msgs/cmake/ament_cmake_export_targets-extras.cmake
[3.468s] -- Installing: /home/vidya/drift_ws/drift_ws/install/linkattacher_msgs/share/linkattacher_msgs/cmake/rosidl_cmake_export_typesupport_targets-extras.cmake
[3.468s] -- Installing: /home/vidya/drift_ws/drift_ws/install/linkattacher_msgs/share/linkattacher_msgs/cmake/ament_cmake_export_dependencies-extras.cmake
[3.468s] -- Installing: /home/vidya/drift_ws/drift_ws/install/linkattacher_msgs/share/linkattacher_msgs/cmake/rosidl_cmake_export_typesupport_libraries-extras.cmake
[3.468s] -- Installing: /home/vidya/drift_ws/drift_ws/install/linkattacher_msgs/share/linkattacher_msgs/cmake/linkattacher_msgsConfig.cmake
[3.468s] -- Installing: /home/vidya/drift_ws/drift_ws/install/linkattacher_msgs/share/linkattacher_msgs/cmake/linkattacher_msgsConfig-version.cmake
[3.468s] -- Installing: /home/vidya/drift_ws/drift_ws/install/linkattacher_msgs/share/linkattacher_msgs/package.xml
[3.471s] Invoked command in '/home/vidya/drift_ws/drift_ws/build/linkattacher_msgs' returned '0': CMAKE_PREFIX_PATH=${CMAKE_PREFIX_PATH}:/opt/ros/humble /usr/bin/cmake --install /home/vidya/drift_ws/drift_ws/build/linkattacher_msgs
