-- Install configuration: ""
-- Up-to-date: /home/vidya/drift_ws/drift_ws/install/drift_robot/share/drift_robot/urdf
-- Up-to-date: /home/vidya/drift_ws/drift_ws/install/drift_robot/share/drift_robot/urdf/drift_robot.urdf.xacro
-- Up-to-date: /home/vidya/drift_ws/drift_ws/install/drift_robot/share/drift_robot/worlds
-- Up-to-date: /home/vidya/drift_ws/drift_ws/install/drift_robot/share/drift_robot/worlds/home.world
-- Up-to-date: /home/vidya/drift_ws/drift_ws/install/drift_robot/share/drift_robot/launch
-- Up-to-date: /home/vidya/drift_ws/drift_ws/install/drift_robot/share/drift_robot/launch/simulation.launch.py
-- Up-to-date: /home/vidya/drift_ws/drift_ws/install/drift_robot/share/drift_robot/config
-- Up-to-date: /home/vidya/drift_ws/drift_ws/install/drift_robot/share/drift_robot/config/waypoint.yaml
-- Up-to-date: /home/vidya/drift_ws/drift_ws/install/drift_robot/share/drift_robot/meshes
-- Up-to-date: /home/vidya/drift_ws/drift_ws/install/drift_robot/share/drift_robot/scripts
-- Up-to-date: /home/vidya/drift_ws/drift_ws/install/drift_robot/share/drift_robot/scripts/Copies
-- Up-to-date: /home/vidya/drift_ws/drift_ws/install/drift_robot/share/drift_robot/scripts/Copies/mar 22
-- Up-to-date: /home/vidya/drift_ws/drift_ws/install/drift_robot/share/drift_robot/scripts/Copies/mar 22/navigator (copy).py
-- Up-to-date: /home/vidya/drift_ws/drift_ws/install/drift_robot/share/drift_robot/scripts/Copies/mar 22/pick_place (copy).py
-- Up-to-date: /home/vidya/drift_ws/drift_ws/install/drift_robot/share/drift_robot/scripts/pick_place.py
-- Up-to-date: /home/vidya/drift_ws/drift_ws/install/drift_robot/share/drift_robot/scripts/navigator.py
-- Up-to-date: /home/vidya/drift_ws/drift_ws/install/drift_robot/share/drift_robot/scripts/dummy_camera.py
-- Up-to-date: /home/vidya/drift_ws/drift_ws/install/drift_robot/lib/drift_robot/navigator.py
-- Up-to-date: /home/vidya/drift_ws/drift_ws/install/drift_robot/lib/drift_robot/pick_place.py
-- Up-to-date: /home/vidya/drift_ws/drift_ws/install/drift_robot/lib/drift_robot/dummy_camera.py
-- Up-to-date: /home/vidya/drift_ws/drift_ws/install/drift_robot/lib/drift_robot/navigator
-- Up-to-date: /home/vidya/drift_ws/drift_ws/install/drift_robot/share/ament_index/resource_index/package_run_dependencies/drift_robot
-- Up-to-date: /home/vidya/drift_ws/drift_ws/install/drift_robot/share/ament_index/resource_index/parent_prefix_path/drift_robot
-- Up-to-date: /home/vidya/drift_ws/drift_ws/install/drift_robot/share/drift_robot/environment/ament_prefix_path.sh
-- Up-to-date: /home/vidya/drift_ws/drift_ws/install/drift_robot/share/drift_robot/environment/ament_prefix_path.dsv
-- Up-to-date: /home/vidya/drift_ws/drift_ws/install/drift_robot/share/drift_robot/environment/path.sh
-- Up-to-date: /home/vidya/drift_ws/drift_ws/install/drift_robot/share/drift_robot/environment/path.dsv
-- Up-to-date: /home/vidya/drift_ws/drift_ws/install/drift_robot/share/drift_robot/local_setup.bash
-- Up-to-date: /home/vidya/drift_ws/drift_ws/install/drift_robot/share/drift_robot/local_setup.sh
-- Up-to-date: /home/vidya/drift_ws/drift_ws/install/drift_robot/share/drift_robot/local_setup.zsh
-- Up-to-date: /home/vidya/drift_ws/drift_ws/install/drift_robot/share/drift_robot/local_setup.dsv
-- Up-to-date: /home/vidya/drift_ws/drift_ws/install/drift_robot/share/drift_robot/package.dsv
-- Up-to-date: /home/vidya/drift_ws/drift_ws/install/drift_robot/share/ament_index/resource_index/packages/drift_robot
-- Up-to-date: /home/vidya/drift_ws/drift_ws/install/drift_robot/share/drift_robot/cmake/drift_robotConfig.cmake
-- Up-to-date: /home/vidya/drift_ws/drift_ws/install/drift_robot/share/drift_robot/cmake/drift_robotConfig-version.cmake
-- Up-to-date: /home/vidya/drift_ws/drift_ws/install/drift_robot/share/drift_robot/package.xml
