[0.006s] Invoking command in '/home/vidya/drift_ws/drift_ws/build/drift_robot': CMAKE_PREFIX_PATH=${CMAKE_PREFIX_PATH}:/opt/ros/humble /usr/bin/cmake /home/vidya/drift_ws/drift_ws/src/drift_robot -DCMAKE_INSTALL_PREFIX=/home/vidya/drift_ws/drift_ws/install/drift_robot
[0.107s] -- The C compiler identification is GNU 11.4.0
[0.182s] -- The CXX compiler identification is GNU 11.4.0
[0.187s] -- Detecting C compiler ABI info
[0.250s] -- Detecting C compiler ABI info - done
[0.257s] -- Check for working C compiler: /usr/bin/cc - skipped
[0.257s] -- Detecting C compile features
[0.257s] -- Detecting C compile features - done
[0.259s] -- Detecting CXX compiler ABI info
[0.329s] -- Detecting CXX compiler ABI info - done
[0.334s] -- Check for working CXX compiler: /usr/bin/c++ - skipped
[0.335s] -- Detecting CXX compile features
[0.335s] -- Detecting CXX compile features - done
[0.337s] -- Found ament_cmake: 1.3.14 (/opt/ros/humble/share/ament_cmake/cmake)
[0.460s] -- Found Python3: /usr/bin/python3 (found version "3.10.12") found components: Interpreter 
[0.522s] -- Found rclpy: 3.3.21 (/opt/ros/humble/share/rclpy/cmake)
[0.523s] -- Found gazebo_ros: 3.9.0 (/opt/ros/humble/share/gazebo_ros/cmake)
[0.560s] -- Found rosidl_generator_c: 3.1.8 (/opt/ros/humble/share/rosidl_generator_c/cmake)
[0.563s] -- Found rosidl_adapter: 3.1.8 (/opt/ros/humble/share/rosidl_adapter/cmake)
[0.570s] -- Found rosidl_generator_cpp: 3.1.8 (/opt/ros/humble/share/rosidl_generator_cpp/cmake)
[0.579s] -- Using all available rosidl_typesupport_c: rosidl_typesupport_fastrtps_c;rosidl_typesupport_introspection_c
[0.591s] -- Using all available rosidl_typesupport_cpp: rosidl_typesupport_fastrtps_cpp;rosidl_typesupport_introspection_cpp
[0.629s] -- Found rmw_implementation_cmake: 6.1.2 (/opt/ros/humble/share/rmw_implementation_cmake/cmake)
[0.632s] -- Found rmw_fastrtps_cpp: 6.2.10 (/opt/ros/humble/share/rmw_fastrtps_cpp/cmake)
[0.708s] -- Found OpenSSL: /usr/lib/x86_64-linux-gnu/libcrypto.so (found version "3.0.2")  
[0.737s] -- Found FastRTPS: /opt/ros/humble/include  
[0.780s] -- Using RMW implementation 'rmw_fastrtps_cpp' as default
[0.790s] -- Looking for pthread.h
[0.868s] -- Looking for pthread.h - found
[0.868s] -- Performing Test CMAKE_HAVE_LIBC_PTHREAD
[0.949s] -- Performing Test CMAKE_HAVE_LIBC_PTHREAD - Success
[0.950s] -- Found Threads: TRUE  
[0.999s] -- Found PkgConfig: /usr/bin/pkg-config (found version "0.29.2") 
[1.000s] -- Checking for module 'bullet>=2.82'
[1.012s] --   Found bullet, version 3.05
[1.104s] -- Found fcl: /usr/include (found suitable version "0.7.0", minimum required is "0.5.0") 
[1.155s] -- Found assimp: /usr/include (found version "5.2.0") 
[1.171s] -- Found DART: /usr/include (Required is at least version "6.6") found components: dart 
[1.197s] -- Found Boost: /usr/lib/x86_64-linux-gnu/cmake/Boost-1.74.0/BoostConfig.cmake (found suitable version "1.74.0", minimum required is "1.40.0") found components: thread system filesystem program_options regex iostreams date_time 
[1.212s] -- Found Protobuf: /usr/lib/x86_64-linux-gnu/libprotobuf.so (found version "3.12.4") 
[1.215s] -- Looking for ignition-math6 -- found version 6.15.1
[1.221s] -- Searching for dependencies of ignition-math6
[1.223s] -- Looking for OGRE...
[1.223s] -- OGRE_PREFIX_WATCH changed.
[1.227s] -- Checking for module 'OGRE'
[1.238s] --   Found OGRE, version 1.9.0
[1.266s] -- Found Ogre Ghadamon (1.9.0)
[1.271s] -- Found OGRE: optimized;/usr/lib/x86_64-linux-gnu/libOgreMain.so;debug;/usr/lib/x86_64-linux-gnu/libOgreMain.so
[1.279s] -- Looking for OGRE_Paging...
[1.283s] -- Found OGRE_Paging: optimized;/usr/lib/x86_64-linux-gnu/libOgrePaging.so;debug;/usr/lib/x86_64-linux-gnu/libOgrePaging.so
[1.283s] -- Looking for OGRE_Terrain...
[1.287s] -- Found OGRE_Terrain: optimized;/usr/lib/x86_64-linux-gnu/libOgreTerrain.so;debug;/usr/lib/x86_64-linux-gnu/libOgreTerrain.so
[1.287s] -- Looking for OGRE_Property...
[1.290s] -- Found OGRE_Property: optimized;/usr/lib/x86_64-linux-gnu/libOgreProperty.so;debug;/usr/lib/x86_64-linux-gnu/libOgreProperty.so
[1.290s] -- Looking for OGRE_RTShaderSystem...
[1.293s] -- Found OGRE_RTShaderSystem: optimized;/usr/lib/x86_64-linux-gnu/libOgreRTShaderSystem.so;debug;/usr/lib/x86_64-linux-gnu/libOgreRTShaderSystem.so
[1.294s] -- Looking for OGRE_Volume...
[1.297s] -- Found OGRE_Volume: optimized;/usr/lib/x86_64-linux-gnu/libOgreVolume.so;debug;/usr/lib/x86_64-linux-gnu/libOgreVolume.so
[1.297s] -- Looking for OGRE_Overlay...
[1.300s] -- Found OGRE_Overlay: optimized;/usr/lib/x86_64-linux-gnu/libOgreOverlay.so;debug;/usr/lib/x86_64-linux-gnu/libOgreOverlay.so
[1.374s] -- Looking for ignition-math6 -- found version 6.15.1
[1.375s] -- Looking for ignition-transport8 -- found version 8.2.1
[1.375s] -- Searching for dependencies of ignition-transport8
[1.388s] -- Found Protobuf: /usr/lib/x86_64-linux-gnu/libprotobuf.so (found suitable version "3.12.4", minimum required is "3") 
[1.396s] -- Config-file not installed for ZeroMQ -- checking for pkg-config
[1.400s] -- Checking for module 'libzmq >= 4'
[1.413s] --   Found libzmq , version 4.3.4
[1.467s] -- Found ZeroMQ: TRUE (Required is at least version "4") 
[1.473s] -- Checking for module 'uuid'
[1.485s] --   Found uuid, version 2.37.2
[1.514s] -- Found UUID: TRUE  
[1.516s] -- Looking for ignition-msgs5 -- found version 5.8.1
[1.516s] -- Searching for dependencies of ignition-msgs5
[1.530s] -- Looking for ignition-math6 -- found version 6.15.1
[1.536s] -- Checking for module 'tinyxml2'
[1.546s] --   Found tinyxml2, version 9.0.0
[1.577s] -- Looking for ignition-msgs5 -- found version 5.8.1
[1.579s] -- Looking for ignition-common3 -- found version 3.14.0
[1.579s] -- Searching for dependencies of ignition-common3
[1.579s] -- Looking for dlfcn.h - found
[1.580s] -- Looking for libdl - found
[1.582s] -- Found DL: TRUE  
[1.591s] -- Found tinyobjloader: /usr/lib/x86_64-linux-gnu/cmake/tinyobjloader/tinyobjloader-config.cmake (found version "2.0.0") 
[1.591s] -- Searching for <ignition-common3> component [graphics]
[1.593s] -- Looking for ignition-common3-graphics -- found version 3.14.0
[1.593s] -- Searching for dependencies of ignition-common3-graphics
[1.593s] -- Looking for ignition-math6 -- found version 6.15.1
[1.596s] -- Looking for ignition-fuel_tools4 -- found version 4.4.0
[1.596s] -- Searching for dependencies of ignition-fuel_tools4
[1.664s] -- Found CURL: /usr/lib/x86_64-linux-gnu/libcurl.so (found version "7.81.0")  
[1.674s] -- Checking for module 'jsoncpp'
[1.687s] --   Found jsoncpp, version 1.9.5
[1.719s] -- Found JSONCPP: TRUE  
[1.724s] -- Checking for module 'libzip'
[1.738s] --   Found libzip, version 1.7.3
[1.773s] -- Found ZIP: TRUE  
[1.773s] -- Looking for ignition-common3 -- found version 3.14.0
[1.774s] -- Looking for ignition-math6 -- found version 6.15.1
[1.774s] -- Looking for ignition-msgs5 -- found version 5.8.1
[1.782s] -- Gazebo version: 11.10
[1.782s] -- Checking for module 'tbb'
[1.794s] --   Found tbb, version 2021.5.0
[1.893s] -- Configuring done
[1.901s] -- Generating done
[1.905s] -- Build files have been written to: /home/vidya/drift_ws/drift_ws/build/drift_robot
[1.923s] Invoked command in '/home/vidya/drift_ws/drift_ws/build/drift_robot' returned '0': CMAKE_PREFIX_PATH=${CMAKE_PREFIX_PATH}:/opt/ros/humble /usr/bin/cmake /home/vidya/drift_ws/drift_ws/src/drift_robot -DCMAKE_INSTALL_PREFIX=/home/vidya/drift_ws/drift_ws/install/drift_robot
[1.926s] Invoking command in '/home/vidya/drift_ws/drift_ws/build/drift_robot': CMAKE_PREFIX_PATH=${CMAKE_PREFIX_PATH}:/opt/ros/humble /usr/bin/cmake --build /home/vidya/drift_ws/drift_ws/build/drift_robot -- -j16 -l16
[1.966s] Invoked command in '/home/vidya/drift_ws/drift_ws/build/drift_robot' returned '0': CMAKE_PREFIX_PATH=${CMAKE_PREFIX_PATH}:/opt/ros/humble /usr/bin/cmake --build /home/vidya/drift_ws/drift_ws/build/drift_robot -- -j16 -l16
[1.979s] Invoking command in '/home/vidya/drift_ws/drift_ws/build/drift_robot': CMAKE_PREFIX_PATH=${CMAKE_PREFIX_PATH}:/opt/ros/humble /usr/bin/cmake --install /home/vidya/drift_ws/drift_ws/build/drift_robot
[1.988s] -- Install configuration: ""
[1.988s] -- Installing: /home/vidya/drift_ws/drift_ws/install/drift_robot/share/drift_robot/urdf
[1.988s] -- Installing: /home/vidya/drift_ws/drift_ws/install/drift_robot/share/drift_robot/urdf/drift_robot.urdf.xacro
[1.988s] -- Installing: /home/vidya/drift_ws/drift_ws/install/drift_robot/share/drift_robot/worlds
[1.988s] -- Installing: /home/vidya/drift_ws/drift_ws/install/drift_robot/share/drift_robot/worlds/home.world
[1.988s] -- Installing: /home/vidya/drift_ws/drift_ws/install/drift_robot/share/drift_robot/launch
[1.988s] -- Installing: /home/vidya/drift_ws/drift_ws/install/drift_robot/share/drift_robot/launch/simulation.launch.py
[1.988s] -- Installing: /home/vidya/drift_ws/drift_ws/install/drift_robot/share/drift_robot/config
[1.988s] -- Installing: /home/vidya/drift_ws/drift_ws/install/drift_robot/share/drift_robot/config/waypoint.yaml
[1.988s] -- Installing: /home/vidya/drift_ws/drift_ws/install/drift_robot/share/drift_robot/meshes
[1.989s] -- Installing: /home/vidya/drift_ws/drift_ws/install/drift_robot/share/drift_robot/scripts
[1.989s] -- Installing: /home/vidya/drift_ws/drift_ws/install/drift_robot/share/drift_robot/scripts/Copies
[1.989s] -- Installing: /home/vidya/drift_ws/drift_ws/install/drift_robot/share/drift_robot/scripts/Copies/mar 22
[1.989s] -- Installing: /home/vidya/drift_ws/drift_ws/install/drift_robot/share/drift_robot/scripts/Copies/mar 22/navigator (copy).py
[1.989s] -- Installing: /home/vidya/drift_ws/drift_ws/install/drift_robot/share/drift_robot/scripts/Copies/mar 22/pick_place (copy).py
[1.989s] -- Installing: /home/vidya/drift_ws/drift_ws/install/drift_robot/share/drift_robot/scripts/pick_place.py
[1.989s] -- Installing: /home/vidya/drift_ws/drift_ws/install/drift_robot/share/drift_robot/scripts/navigator.py
[1.989s] -- Installing: /home/vidya/drift_ws/drift_ws/install/drift_robot/share/drift_robot/scripts/dummy_camera.py
[1.989s] -- Installing: /home/vidya/drift_ws/drift_ws/install/drift_robot/lib/drift_robot/navigator.py
[1.989s] -- Installing: /home/vidya/drift_ws/drift_ws/install/drift_robot/lib/drift_robot/pick_place.py
[1.990s] -- Installing: /home/vidya/drift_ws/drift_ws/install/drift_robot/lib/drift_robot/dummy_camera.py
[1.990s] -- Installing: /home/vidya/drift_ws/drift_ws/install/drift_robot/lib/drift_robot/navigator
[1.990s] -- Installing: /home/vidya/drift_ws/drift_ws/install/drift_robot/share/ament_index/resource_index/package_run_dependencies/drift_robot
[1.990s] -- Installing: /home/vidya/drift_ws/drift_ws/install/drift_robot/share/ament_index/resource_index/parent_prefix_path/drift_robot
[1.990s] -- Installing: /home/vidya/drift_ws/drift_ws/install/drift_robot/share/drift_robot/environment/ament_prefix_path.sh
[1.990s] -- Installing: /home/vidya/drift_ws/drift_ws/install/drift_robot/share/drift_robot/environment/ament_prefix_path.dsv
[1.990s] -- Installing: /home/vidya/drift_ws/drift_ws/install/drift_robot/share/drift_robot/environment/path.sh
[1.990s] -- Installing: /home/vidya/drift_ws/drift_ws/install/drift_robot/share/drift_robot/environment/path.dsv
[1.990s] -- Installing: /home/vidya/drift_ws/drift_ws/install/drift_robot/share/drift_robot/local_setup.bash
[1.990s] -- Installing: /home/vidya/drift_ws/drift_ws/install/drift_robot/share/drift_robot/local_setup.sh
[1.991s] -- Installing: /home/vidya/drift_ws/drift_ws/install/drift_robot/share/drift_robot/local_setup.zsh
[1.991s] -- Installing: /home/vidya/drift_ws/drift_ws/install/drift_robot/share/drift_robot/local_setup.dsv
[1.991s] -- Installing: /home/vidya/drift_ws/drift_ws/install/drift_robot/share/drift_robot/package.dsv
[1.991s] -- Installing: /home/vidya/drift_ws/drift_ws/install/drift_robot/share/ament_index/resource_index/packages/drift_robot
[1.991s] -- Installing: /home/vidya/drift_ws/drift_ws/install/drift_robot/share/drift_robot/cmake/drift_robotConfig.cmake
[1.991s] -- Installing: /home/vidya/drift_ws/drift_ws/install/drift_robot/share/drift_robot/cmake/drift_robotConfig-version.cmake
[1.991s] -- Installing: /home/vidya/drift_ws/drift_ws/install/drift_robot/share/drift_robot/package.xml
[1.994s] Invoked command in '/home/vidya/drift_ws/drift_ws/build/drift_robot' returned '0': CMAKE_PREFIX_PATH=${CMAKE_PREFIX_PATH}:/opt/ros/humble /usr/bin/cmake --install /home/vidya/drift_ws/drift_ws/build/drift_robot
