[0.013s] Invoking command in '/home/vidya/drift_ws/src/build/drift_robot': CMAKE_PREFIX_PATH=/opt/ros/humble /usr/bin/cmake /home/vidya/drift_ws/src/drift_robot -DAMENT_CMAKE_SYMLINK_INSTALL=1 -DCMAKE_INSTALL_PREFIX=/home/vidya/drift_ws/src/install/drift_robot
[0.167s] -- The C compiler identification is GNU 11.4.0
[0.263s] -- The CXX compiler identification is GNU 11.4.0
[0.271s] -- Detecting C compiler ABI info
[0.355s] -- Detecting C compiler ABI info - done
[0.363s] -- Check for working C compiler: /usr/bin/cc - skipped
[0.363s] -- Detecting C compile features
[0.364s] -- Detecting C compile features - done
[0.366s] -- Detecting CXX compiler ABI info
[0.450s] -- Detecting CXX compiler ABI info - done
[0.460s] -- Check for working CXX compiler: /usr/bin/c++ - skipped
[0.460s] -- Detecting CXX compile features
[0.460s] -- Detecting CXX compile features - done
[0.464s] -- Found ament_cmake: 1.3.14 (/opt/ros/humble/share/ament_cmake/cmake)
[0.596s] -- Found Python3: /usr/bin/python3 (found version "3.10.12") found components: Interpreter 
[0.641s] -- Override CMake install command with custom implementation using symlinks instead of copying resources
[0.665s] -- Found rclpy: 3.3.21 (/opt/ros/humble/share/rclpy/cmake)
[0.668s] -- Found gazebo_ros: 3.9.0 (/opt/ros/humble/share/gazebo_ros/cmake)
[0.732s] -- Found rosidl_generator_c: 3.1.8 (/opt/ros/humble/share/rosidl_generator_c/cmake)
[0.736s] -- Found rosidl_adapter: 3.1.8 (/opt/ros/humble/share/rosidl_adapter/cmake)
[0.743s] -- Found rosidl_generator_cpp: 3.1.8 (/opt/ros/humble/share/rosidl_generator_cpp/cmake)
[0.752s] -- Using all available rosidl_typesupport_c: rosidl_typesupport_fastrtps_c;rosidl_typesupport_introspection_c
[0.763s] -- Using all available rosidl_typesupport_cpp: rosidl_typesupport_fastrtps_cpp;rosidl_typesupport_introspection_cpp
[0.795s] -- Found rmw_implementation_cmake: 6.1.2 (/opt/ros/humble/share/rmw_implementation_cmake/cmake)
[0.797s] -- Found rmw_fastrtps_cpp: 6.2.10 (/opt/ros/humble/share/rmw_fastrtps_cpp/cmake)
[0.879s] -- Found OpenSSL: /usr/lib/x86_64-linux-gnu/libcrypto.so (found version "3.0.2")  
[0.910s] -- Found FastRTPS: /opt/ros/humble/include  
[0.949s] -- Using RMW implementation 'rmw_fastrtps_cpp' as default
[0.955s] -- Looking for pthread.h
[1.027s] -- Looking for pthread.h - found
[1.027s] -- Performing Test CMAKE_HAVE_LIBC_PTHREAD
[1.105s] -- Performing Test CMAKE_HAVE_LIBC_PTHREAD - Success
[1.106s] -- Found Threads: TRUE  
[1.164s] -- Found PkgConfig: /usr/bin/pkg-config (found version "0.29.2") 
[1.164s] -- Checking for module 'bullet>=2.82'
[1.176s] --   Found bullet, version 3.05
[1.295s] -- Found fcl: /usr/include (found suitable version "0.7.0", minimum required is "0.5.0") 
[1.353s] -- Found assimp: /usr/include (found version "5.2.0") 
[1.382s] -- Found DART: /usr/include (Required is at least version "6.6") found components: dart 
[1.407s] -- Found Boost: /usr/lib/x86_64-linux-gnu/cmake/Boost-1.74.0/BoostConfig.cmake (found suitable version "1.74.0", minimum required is "1.40.0") found components: thread system filesystem program_options regex iostreams date_time 
[1.422s] -- Found Protobuf: /usr/lib/x86_64-linux-gnu/libprotobuf.so (found version "3.12.4") 
[1.425s] -- Looking for ignition-math6 -- found version 6.15.1
[1.431s] -- Searching for dependencies of ignition-math6
[1.434s] -- Looking for OGRE...
[1.434s] -- OGRE_PREFIX_WATCH changed.
[1.438s] -- Checking for module 'OGRE'
[1.450s] --   Found OGRE, version 1.9.0
[1.496s] -- Found Ogre Ghadamon (1.9.0)
[1.506s] -- Found OGRE: optimized;/usr/lib/x86_64-linux-gnu/libOgreMain.so;debug;/usr/lib/x86_64-linux-gnu/libOgreMain.so
[1.516s] -- Looking for OGRE_Paging...
[1.519s] -- Found OGRE_Paging: optimized;/usr/lib/x86_64-linux-gnu/libOgrePaging.so;debug;/usr/lib/x86_64-linux-gnu/libOgrePaging.so
[1.519s] -- Looking for OGRE_Terrain...
[1.523s] -- Found OGRE_Terrain: optimized;/usr/lib/x86_64-linux-gnu/libOgreTerrain.so;debug;/usr/lib/x86_64-linux-gnu/libOgreTerrain.so
[1.523s] -- Looking for OGRE_Property...
[1.526s] -- Found OGRE_Property: optimized;/usr/lib/x86_64-linux-gnu/libOgreProperty.so;debug;/usr/lib/x86_64-linux-gnu/libOgreProperty.so
[1.526s] -- Looking for OGRE_RTShaderSystem...
[1.529s] -- Found OGRE_RTShaderSystem: optimized;/usr/lib/x86_64-linux-gnu/libOgreRTShaderSystem.so;debug;/usr/lib/x86_64-linux-gnu/libOgreRTShaderSystem.so
[1.529s] -- Looking for OGRE_Volume...
[1.533s] -- Found OGRE_Volume: optimized;/usr/lib/x86_64-linux-gnu/libOgreVolume.so;debug;/usr/lib/x86_64-linux-gnu/libOgreVolume.so
[1.533s] -- Looking for OGRE_Overlay...
[1.536s] -- Found OGRE_Overlay: optimized;/usr/lib/x86_64-linux-gnu/libOgreOverlay.so;debug;/usr/lib/x86_64-linux-gnu/libOgreOverlay.so
[1.602s] -- Looking for ignition-math6 -- found version 6.15.1
[1.604s] -- Looking for ignition-transport8 -- found version 8.2.1
[1.604s] -- Searching for dependencies of ignition-transport8
[1.615s] -- Found Protobuf: /usr/lib/x86_64-linux-gnu/libprotobuf.so (found suitable version "3.12.4", minimum required is "3") 
[1.622s] -- Config-file not installed for ZeroMQ -- checking for pkg-config
[1.627s] -- Checking for module 'libzmq >= 4'
[1.639s] --   Found libzmq , version 4.3.4
[1.682s] -- Found ZeroMQ: TRUE (Required is at least version "4") 
[1.689s] -- Checking for module 'uuid'
[1.704s] --   Found uuid, version 2.37.2
[1.740s] -- Found UUID: TRUE  
[1.743s] -- Looking for ignition-msgs5 -- found version 5.8.1
[1.744s] -- Searching for dependencies of ignition-msgs5
[1.764s] -- Looking for ignition-math6 -- found version 6.15.1
[1.770s] -- Checking for module 'tinyxml2'
[1.784s] --   Found tinyxml2, version 9.0.0
[1.824s] -- Looking for ignition-msgs5 -- found version 5.8.1
[1.827s] -- Looking for ignition-common3 -- found version 3.14.0
[1.828s] -- Searching for dependencies of ignition-common3
[1.829s] -- Looking for dlfcn.h - found
[1.830s] -- Looking for libdl - found
[1.832s] -- Found DL: TRUE  
[1.847s] -- Found tinyobjloader: /usr/lib/x86_64-linux-gnu/cmake/tinyobjloader/tinyobjloader-config.cmake (found version "2.0.0") 
[1.848s] -- Searching for <ignition-common3> component [graphics]
[1.851s] -- Looking for ignition-common3-graphics -- found version 3.14.0
[1.852s] -- Searching for dependencies of ignition-common3-graphics
[1.852s] -- Looking for ignition-math6 -- found version 6.15.1
[1.857s] -- Looking for ignition-fuel_tools4 -- found version 4.4.0
[1.857s] -- Searching for dependencies of ignition-fuel_tools4
[1.946s] -- Found CURL: /usr/lib/x86_64-linux-gnu/libcurl.so (found version "7.81.0")  
[1.958s] -- Checking for module 'jsoncpp'
[1.974s] --   Found jsoncpp, version 1.9.5
[2.011s] -- Found JSONCPP: TRUE  
[2.018s] -- Checking for module 'libzip'
[2.033s] --   Found libzip, version 1.7.3
[2.072s] -- Found ZIP: TRUE  
[2.073s] -- Looking for ignition-common3 -- found version 3.14.0
[2.073s] -- Looking for ignition-math6 -- found version 6.15.1
[2.074s] -- Looking for ignition-msgs5 -- found version 5.8.1
[2.079s] -- Gazebo version: 11.10
[2.079s] -- Checking for module 'tbb'
[2.095s] --   Found tbb, version 2021.5.0
[2.184s] -- Configuring done
[2.187s] -- Generating done
[2.189s] -- Build files have been written to: /home/vidya/drift_ws/src/build/drift_robot
[2.196s] Invoked command in '/home/vidya/drift_ws/src/build/drift_robot' returned '0': CMAKE_PREFIX_PATH=/opt/ros/humble /usr/bin/cmake /home/vidya/drift_ws/src/drift_robot -DAMENT_CMAKE_SYMLINK_INSTALL=1 -DCMAKE_INSTALL_PREFIX=/home/vidya/drift_ws/src/install/drift_robot
[2.197s] Invoking command in '/home/vidya/drift_ws/src/build/drift_robot': CMAKE_PREFIX_PATH=/opt/ros/humble /usr/bin/cmake --build /home/vidya/drift_ws/src/build/drift_robot -- -j16 -l16
[2.242s] Invoked command in '/home/vidya/drift_ws/src/build/drift_robot' returned '0': CMAKE_PREFIX_PATH=/opt/ros/humble /usr/bin/cmake --build /home/vidya/drift_ws/src/build/drift_robot -- -j16 -l16
[2.253s] Invoking command in '/home/vidya/drift_ws/src/build/drift_robot': CMAKE_PREFIX_PATH=/opt/ros/humble /usr/bin/cmake --install /home/vidya/drift_ws/src/build/drift_robot
[2.260s] -- Install configuration: ""
[2.261s] -- Execute custom install script
[2.263s] -- Symlinking: /home/vidya/drift_ws/src/install/drift_robot/share/drift_robot/urdf/drift_robot.urdf.xacro
[2.273s] -- Symlinking: /home/vidya/drift_ws/src/install/drift_robot/share/drift_robot/worlds/home.world
[2.283s] -- Symlinking: /home/vidya/drift_ws/src/install/drift_robot/share/drift_robot/launch/simulation.launch.py
[2.293s] -- Symlinking: /home/vidya/drift_ws/src/install/drift_robot/share/drift_robot/scripts/dummy_camera.py
[2.300s] -- Symlinking: /home/vidya/drift_ws/src/install/drift_robot/share/drift_robot/scripts/navigator.py
[2.308s] -- Symlinking: /home/vidya/drift_ws/src/install/drift_robot/share/drift_robot/scripts/pick_place.py
[2.316s] -- Symlinking: /home/vidya/drift_ws/src/install/drift_robot/lib/drift_robot/navigator.py
[2.325s] -- Symlinking: /home/vidya/drift_ws/src/install/drift_robot/lib/drift_robot/pick_place.py
[2.336s] -- Symlinking: /home/vidya/drift_ws/src/install/drift_robot/lib/drift_robot/dummy_camera.py
[2.345s] -- Symlinking: /home/vidya/drift_ws/src/install/drift_robot/share/ament_index/resource_index/package_run_dependencies/drift_robot
[2.354s] -- Symlinking: /home/vidya/drift_ws/src/install/drift_robot/share/ament_index/resource_index/parent_prefix_path/drift_robot
[2.364s] -- Symlinking: /home/vidya/drift_ws/src/install/drift_robot/share/drift_robot/environment/ament_prefix_path.sh
[2.374s] -- Symlinking: /home/vidya/drift_ws/src/install/drift_robot/share/drift_robot/environment/ament_prefix_path.dsv
[2.380s] -- Symlinking: /home/vidya/drift_ws/src/install/drift_robot/share/drift_robot/environment/path.sh
[2.391s] -- Symlinking: /home/vidya/drift_ws/src/install/drift_robot/share/drift_robot/environment/path.dsv
[2.399s] -- Symlinking: /home/vidya/drift_ws/src/install/drift_robot/share/drift_robot/local_setup.bash
[2.409s] -- Symlinking: /home/vidya/drift_ws/src/install/drift_robot/share/drift_robot/local_setup.sh
[2.417s] -- Symlinking: /home/vidya/drift_ws/src/install/drift_robot/share/drift_robot/local_setup.zsh
[2.426s] -- Symlinking: /home/vidya/drift_ws/src/install/drift_robot/share/drift_robot/local_setup.dsv
[2.435s] -- Symlinking: /home/vidya/drift_ws/src/install/drift_robot/share/drift_robot/package.dsv
[2.445s] -- Symlinking: /home/vidya/drift_ws/src/install/drift_robot/share/ament_index/resource_index/packages/drift_robot
[2.455s] -- Symlinking: /home/vidya/drift_ws/src/install/drift_robot/share/drift_robot/cmake/drift_robotConfig.cmake
[2.465s] -- Symlinking: /home/vidya/drift_ws/src/install/drift_robot/share/drift_robot/cmake/drift_robotConfig-version.cmake
[2.477s] -- Symlinking: /home/vidya/drift_ws/src/install/drift_robot/share/drift_robot/package.xml
[2.492s] Invoked command in '/home/vidya/drift_ws/src/build/drift_robot' returned '0': CMAKE_PREFIX_PATH=/opt/ros/humble /usr/bin/cmake --install /home/vidya/drift_ws/src/build/drift_robot
