[0.075s] [34mcolcon[0m [1;30mDEBUG[0m [32mCommand line arguments: ['/usr/bin/colcon', 'build'][0m
[0.075s] [34mcolcon[0m [1;30mDEBUG[0m [32mParsed command line arguments: Namespace(log_base=None, log_level=None, verb_name='build', build_base='build', install_base='install', merge_install=False, symlink_install=False, test_result_base=None, continue_on_error=False, executor='parallel', parallel_workers=16, event_handlers=None, ignore_user_meta=False, metas=['./colcon.meta'], base_paths=['.'], packages_ignore=None, packages_ignore_regex=None, paths=None, packages_up_to=None, packages_up_to_regex=None, packages_above=None, packages_above_and_dependencies=None, packages_above_depth=None, packages_select_by_dep=None, packages_skip_by_dep=None, packages_skip_up_to=None, packages_select_build_failed=False, packages_skip_build_finished=False, packages_select_test_failures=False, packages_skip_test_passed=False, packages_select=None, packages_skip=None, packages_select_regex=None, packages_skip_regex=None, packages_start=None, packages_end=None, allow_overriding=[], cmake_args=None, cmake_target=None, cmake_target_skip_unavailable=False, cmake_clean_cache=False, cmake_clean_first=False, cmake_force_configure=False, ament_cmake_args=None, catkin_cmake_args=None, catkin_skip_building_tests=False, verb_parser=<colcon_defaults.argument_parser.defaults.DefaultArgumentsDecorator object at 0x7cda40d11de0>, verb_extension=<colcon_core.verb.build.BuildVerb object at 0x7cda40d118d0>, main=<bound method BuildVerb.main of <colcon_core.verb.build.BuildVerb object at 0x7cda40d118d0>>)[0m
[0.182s] [34mcolcon.colcon_core.package_discovery[0m [1;30mLevel 1[0m discover_packages(colcon_meta) check parameters
[0.182s] [34mcolcon.colcon_core.package_discovery[0m [1;30mLevel 1[0m discover_packages(recursive) check parameters
[0.183s] [34mcolcon.colcon_core.package_discovery[0m [1;30mLevel 1[0m discover_packages(ignore) check parameters
[0.183s] [34mcolcon.colcon_core.package_discovery[0m [1;30mLevel 1[0m discover_packages(path) check parameters
[0.183s] [34mcolcon.colcon_core.package_discovery[0m [1;30mLevel 1[0m discover_packages(colcon_meta) discover
[0.183s] [34mcolcon.colcon_core.package_discovery[0m [1;30mLevel 1[0m discover_packages(recursive) discover
[0.183s] [34mcolcon.colcon_core.package_discovery[0m [1;30mINFO[0m Crawling recursively for packages in '/home/vidya/drift_ws/drift_ws'
[0.183s] [34mcolcon.colcon_core.package_identification[0m [1;30mLevel 1[0m _identify(.) by extensions ['ignore', 'ignore_ament_install']
[0.183s] [34mcolcon.colcon_core.package_identification[0m [1;30mLevel 1[0m _identify(.) by extension 'ignore'
[0.183s] [34mcolcon.colcon_core.package_identification[0m [1;30mLevel 1[0m _identify(.) by extension 'ignore_ament_install'
[0.183s] [34mcolcon.colcon_core.package_identification[0m [1;30mLevel 1[0m _identify(.) by extensions ['colcon_pkg']
[0.183s] [34mcolcon.colcon_core.package_identification[0m [1;30mLevel 1[0m _identify(.) by extension 'colcon_pkg'
[0.183s] [34mcolcon.colcon_core.package_identification[0m [1;30mLevel 1[0m _identify(.) by extensions ['colcon_meta']
[0.183s] [34mcolcon.colcon_core.package_identification[0m [1;30mLevel 1[0m _identify(.) by extension 'colcon_meta'
[0.183s] [34mcolcon.colcon_core.package_identification[0m [1;30mLevel 1[0m _identify(.) by extensions ['ros']
[0.183s] [34mcolcon.colcon_core.package_identification[0m [1;30mLevel 1[0m _identify(.) by extension 'ros'
[0.191s] [34mcolcon.colcon_core.package_identification[0m [1;30mLevel 1[0m _identify(.) by extensions ['cmake', 'python']
[0.191s] [34mcolcon.colcon_core.package_identification[0m [1;30mLevel 1[0m _identify(.) by extension 'cmake'
[0.191s] [34mcolcon.colcon_core.package_identification[0m [1;30mLevel 1[0m _identify(.) by extension 'python'
[0.191s] [34mcolcon.colcon_core.package_identification[0m [1;30mLevel 1[0m _identify(.) by extensions ['python_setup_py']
[0.191s] [34mcolcon.colcon_core.package_identification[0m [1;30mLevel 1[0m _identify(.) by extension 'python_setup_py'
[0.191s] [34mcolcon.colcon_core.package_identification[0m [1;30mLevel 1[0m _identify(build) by extensions ['ignore', 'ignore_ament_install']
[0.191s] [34mcolcon.colcon_core.package_identification[0m [1;30mLevel 1[0m _identify(build) by extension 'ignore'
[0.191s] [34mcolcon.colcon_core.package_identification[0m [1;30mLevel 1[0m _identify(build) ignored
[0.191s] [34mcolcon.colcon_core.package_identification[0m [1;30mLevel 1[0m _identify(install) by extensions ['ignore', 'ignore_ament_install']
[0.191s] [34mcolcon.colcon_core.package_identification[0m [1;30mLevel 1[0m _identify(install) by extension 'ignore'
[0.191s] [34mcolcon.colcon_core.package_identification[0m [1;30mLevel 1[0m _identify(install) ignored
[0.192s] [34mcolcon.colcon_core.package_identification[0m [1;30mLevel 1[0m _identify(log) by extensions ['ignore', 'ignore_ament_install']
[0.192s] [34mcolcon.colcon_core.package_identification[0m [1;30mLevel 1[0m _identify(log) by extension 'ignore'
[0.192s] [34mcolcon.colcon_core.package_identification[0m [1;30mLevel 1[0m _identify(log) ignored
[0.192s] [34mcolcon.colcon_core.package_identification[0m [1;30mLevel 1[0m _identify(src) by extensions ['ignore', 'ignore_ament_install']
[0.192s] [34mcolcon.colcon_core.package_identification[0m [1;30mLevel 1[0m _identify(src) by extension 'ignore'
[0.192s] [34mcolcon.colcon_core.package_identification[0m [1;30mLevel 1[0m _identify(src) by extension 'ignore_ament_install'
[0.192s] [34mcolcon.colcon_core.package_identification[0m [1;30mLevel 1[0m _identify(src) by extensions ['colcon_pkg']
[0.192s] [34mcolcon.colcon_core.package_identification[0m [1;30mLevel 1[0m _identify(src) by extension 'colcon_pkg'
[0.192s] [34mcolcon.colcon_core.package_identification[0m [1;30mLevel 1[0m _identify(src) by extensions ['colcon_meta']
[0.192s] [34mcolcon.colcon_core.package_identification[0m [1;30mLevel 1[0m _identify(src) by extension 'colcon_meta'
[0.192s] [34mcolcon.colcon_core.package_identification[0m [1;30mLevel 1[0m _identify(src) by extensions ['ros']
[0.192s] [34mcolcon.colcon_core.package_identification[0m [1;30mLevel 1[0m _identify(src) by extension 'ros'
[0.192s] [34mcolcon.colcon_core.package_identification[0m [1;30mLevel 1[0m _identify(src) by extensions ['cmake', 'python']
[0.192s] [34mcolcon.colcon_core.package_identification[0m [1;30mLevel 1[0m _identify(src) by extension 'cmake'
[0.192s] [34mcolcon.colcon_core.package_identification[0m [1;30mLevel 1[0m _identify(src) by extension 'python'
[0.192s] [34mcolcon.colcon_core.package_identification[0m [1;30mLevel 1[0m _identify(src) by extensions ['python_setup_py']
[0.192s] [34mcolcon.colcon_core.package_identification[0m [1;30mLevel 1[0m _identify(src) by extension 'python_setup_py'
[0.192s] [34mcolcon.colcon_core.package_identification[0m [1;30mLevel 1[0m _identify(src/IFRA_LinkAttacher) by extensions ['ignore', 'ignore_ament_install']
[0.192s] [34mcolcon.colcon_core.package_identification[0m [1;30mLevel 1[0m _identify(src/IFRA_LinkAttacher) by extension 'ignore'
[0.192s] [34mcolcon.colcon_core.package_identification[0m [1;30mLevel 1[0m _identify(src/IFRA_LinkAttacher) by extension 'ignore_ament_install'
[0.192s] [34mcolcon.colcon_core.package_identification[0m [1;30mLevel 1[0m _identify(src/IFRA_LinkAttacher) by extensions ['colcon_pkg']
[0.192s] [34mcolcon.colcon_core.package_identification[0m [1;30mLevel 1[0m _identify(src/IFRA_LinkAttacher) by extension 'colcon_pkg'
[0.192s] [34mcolcon.colcon_core.package_identification[0m [1;30mLevel 1[0m _identify(src/IFRA_LinkAttacher) by extensions ['colcon_meta']
[0.192s] [34mcolcon.colcon_core.package_identification[0m [1;30mLevel 1[0m _identify(src/IFRA_LinkAttacher) by extension 'colcon_meta'
[0.192s] [34mcolcon.colcon_core.package_identification[0m [1;30mLevel 1[0m _identify(src/IFRA_LinkAttacher) by extensions ['ros']
[0.192s] [34mcolcon.colcon_core.package_identification[0m [1;30mLevel 1[0m _identify(src/IFRA_LinkAttacher) by extension 'ros'
[0.192s] [34mcolcon.colcon_core.package_identification[0m [1;30mLevel 1[0m _identify(src/IFRA_LinkAttacher) by extensions ['cmake', 'python']
[0.192s] [34mcolcon.colcon_core.package_identification[0m [1;30mLevel 1[0m _identify(src/IFRA_LinkAttacher) by extension 'cmake'
[0.192s] [34mcolcon.colcon_core.package_identification[0m [1;30mLevel 1[0m _identify(src/IFRA_LinkAttacher) by extension 'python'
[0.192s] [34mcolcon.colcon_core.package_identification[0m [1;30mLevel 1[0m _identify(src/IFRA_LinkAttacher) by extensions ['python_setup_py']
[0.192s] [34mcolcon.colcon_core.package_identification[0m [1;30mLevel 1[0m _identify(src/IFRA_LinkAttacher) by extension 'python_setup_py'
[0.192s] [34mcolcon.colcon_core.package_identification[0m [1;30mLevel 1[0m _identify(src/IFRA_LinkAttacher/linkattacher_msgs) by extensions ['ignore', 'ignore_ament_install']
[0.192s] [34mcolcon.colcon_core.package_identification[0m [1;30mLevel 1[0m _identify(src/IFRA_LinkAttacher/linkattacher_msgs) by extension 'ignore'
[0.192s] [34mcolcon.colcon_core.package_identification[0m [1;30mLevel 1[0m _identify(src/IFRA_LinkAttacher/linkattacher_msgs) by extension 'ignore_ament_install'
[0.192s] [34mcolcon.colcon_core.package_identification[0m [1;30mLevel 1[0m _identify(src/IFRA_LinkAttacher/linkattacher_msgs) by extensions ['colcon_pkg']
[0.192s] [34mcolcon.colcon_core.package_identification[0m [1;30mLevel 1[0m _identify(src/IFRA_LinkAttacher/linkattacher_msgs) by extension 'colcon_pkg'
[0.192s] [34mcolcon.colcon_core.package_identification[0m [1;30mLevel 1[0m _identify(src/IFRA_LinkAttacher/linkattacher_msgs) by extensions ['colcon_meta']
[0.193s] [34mcolcon.colcon_core.package_identification[0m [1;30mLevel 1[0m _identify(src/IFRA_LinkAttacher/linkattacher_msgs) by extension 'colcon_meta'
[0.193s] [34mcolcon.colcon_core.package_identification[0m [1;30mLevel 1[0m _identify(src/IFRA_LinkAttacher/linkattacher_msgs) by extensions ['ros']
[0.193s] [34mcolcon.colcon_core.package_identification[0m [1;30mLevel 1[0m _identify(src/IFRA_LinkAttacher/linkattacher_msgs) by extension 'ros'
[0.200s] [34mcolcon.colcon_core.package_identification[0m [1;30mDEBUG[0m [32mPackage 'src/IFRA_LinkAttacher/linkattacher_msgs' with type 'ros.ament_cmake' and name 'linkattacher_msgs'[0m
[0.201s] [34mcolcon.colcon_core.package_identification[0m [1;30mLevel 1[0m _identify(src/IFRA_LinkAttacher/ros2_LinkAttacher) by extensions ['ignore', 'ignore_ament_install']
[0.201s] [34mcolcon.colcon_core.package_identification[0m [1;30mLevel 1[0m _identify(src/IFRA_LinkAttacher/ros2_LinkAttacher) by extension 'ignore'
[0.201s] [34mcolcon.colcon_core.package_identification[0m [1;30mLevel 1[0m _identify(src/IFRA_LinkAttacher/ros2_LinkAttacher) by extension 'ignore_ament_install'
[0.201s] [34mcolcon.colcon_core.package_identification[0m [1;30mLevel 1[0m _identify(src/IFRA_LinkAttacher/ros2_LinkAttacher) by extensions ['colcon_pkg']
[0.201s] [34mcolcon.colcon_core.package_identification[0m [1;30mLevel 1[0m _identify(src/IFRA_LinkAttacher/ros2_LinkAttacher) by extension 'colcon_pkg'
[0.201s] [34mcolcon.colcon_core.package_identification[0m [1;30mLevel 1[0m _identify(src/IFRA_LinkAttacher/ros2_LinkAttacher) by extensions ['colcon_meta']
[0.201s] [34mcolcon.colcon_core.package_identification[0m [1;30mLevel 1[0m _identify(src/IFRA_LinkAttacher/ros2_LinkAttacher) by extension 'colcon_meta'
[0.201s] [34mcolcon.colcon_core.package_identification[0m [1;30mLevel 1[0m _identify(src/IFRA_LinkAttacher/ros2_LinkAttacher) by extensions ['ros']
[0.201s] [34mcolcon.colcon_core.package_identification[0m [1;30mLevel 1[0m _identify(src/IFRA_LinkAttacher/ros2_LinkAttacher) by extension 'ros'
[0.202s] [34mcolcon.colcon_core.package_identification[0m [1;30mDEBUG[0m [32mPackage 'src/IFRA_LinkAttacher/ros2_LinkAttacher' with type 'ros.ament_cmake' and name 'ros2_linkattacher'[0m
[0.202s] [34mcolcon.colcon_core.package_identification[0m [1;30mLevel 1[0m _identify(src/build) by extensions ['ignore', 'ignore_ament_install']
[0.202s] [34mcolcon.colcon_core.package_identification[0m [1;30mLevel 1[0m _identify(src/build) by extension 'ignore'
[0.202s] [34mcolcon.colcon_core.package_identification[0m [1;30mLevel 1[0m _identify(src/build) ignored
[0.202s] [34mcolcon.colcon_core.package_identification[0m [1;30mLevel 1[0m _identify(src/drift_robot) by extensions ['ignore', 'ignore_ament_install']
[0.202s] [34mcolcon.colcon_core.package_identification[0m [1;30mLevel 1[0m _identify(src/drift_robot) by extension 'ignore'
[0.202s] [34mcolcon.colcon_core.package_identification[0m [1;30mLevel 1[0m _identify(src/drift_robot) by extension 'ignore_ament_install'
[0.202s] [34mcolcon.colcon_core.package_identification[0m [1;30mLevel 1[0m _identify(src/drift_robot) by extensions ['colcon_pkg']
[0.202s] [34mcolcon.colcon_core.package_identification[0m [1;30mLevel 1[0m _identify(src/drift_robot) by extension 'colcon_pkg'
[0.202s] [34mcolcon.colcon_core.package_identification[0m [1;30mLevel 1[0m _identify(src/drift_robot) by extensions ['colcon_meta']
[0.202s] [34mcolcon.colcon_core.package_identification[0m [1;30mLevel 1[0m _identify(src/drift_robot) by extension 'colcon_meta'
[0.202s] [34mcolcon.colcon_core.package_identification[0m [1;30mLevel 1[0m _identify(src/drift_robot) by extensions ['ros']
[0.202s] [34mcolcon.colcon_core.package_identification[0m [1;30mLevel 1[0m _identify(src/drift_robot) by extension 'ros'
[0.203s] [34mcolcon.colcon_core.package_identification[0m [1;30mDEBUG[0m [32mPackage 'src/drift_robot' with type 'ros.ament_cmake' and name 'drift_robot'[0m
[0.203s] [34mcolcon.colcon_core.package_identification[0m [1;30mLevel 1[0m _identify(src/install) by extensions ['ignore', 'ignore_ament_install']
[0.203s] [34mcolcon.colcon_core.package_identification[0m [1;30mLevel 1[0m _identify(src/install) by extension 'ignore'
[0.203s] [34mcolcon.colcon_core.package_identification[0m [1;30mLevel 1[0m _identify(src/install) ignored
[0.203s] [34mcolcon.colcon_core.package_identification[0m [1;30mLevel 1[0m _identify(src/log) by extensions ['ignore', 'ignore_ament_install']
[0.203s] [34mcolcon.colcon_core.package_identification[0m [1;30mLevel 1[0m _identify(src/log) by extension 'ignore'
[0.203s] [34mcolcon.colcon_core.package_identification[0m [1;30mLevel 1[0m _identify(src/log) ignored
[0.203s] [34mcolcon.colcon_core.package_discovery[0m [1;30mLevel 1[0m discover_packages(recursive) using defaults
[0.203s] [34mcolcon.colcon_core.package_discovery[0m [1;30mLevel 1[0m discover_packages(ignore) discover
[0.203s] [34mcolcon.colcon_core.package_discovery[0m [1;30mLevel 1[0m discover_packages(ignore) using defaults
[0.203s] [34mcolcon.colcon_core.package_discovery[0m [1;30mLevel 1[0m discover_packages(path) discover
[0.203s] [34mcolcon.colcon_core.package_discovery[0m [1;30mLevel 1[0m discover_packages(path) using defaults
[0.215s] [34mcolcon.colcon_core.package_discovery[0m [1;30mLevel 1[0m discover_packages(prefix_path) check parameters
[0.215s] [34mcolcon.colcon_core.package_discovery[0m [1;30mLevel 1[0m discover_packages(prefix_path) discover
[0.215s] [34mcolcon.colcon_ros.prefix_path.ament[0m [1;30mWARNING[0m [33mThe path '/home/vidya/drift_ws/drift_ws/install/ros2_linkattacher' in the environment variable AMENT_PREFIX_PATH doesn't exist[0m
[0.215s] [34mcolcon.colcon_ros.prefix_path.ament[0m [1;30mWARNING[0m [33mThe path '/home/vidya/drift_ws/drift_ws/install/linkattacher_msgs' in the environment variable AMENT_PREFIX_PATH doesn't exist[0m
[0.215s] [34mcolcon.colcon_ros.prefix_path.ament[0m [1;30mWARNING[0m [33mThe path '/home/vidya/drift_ws/drift_ws/install/drift_robot' in the environment variable AMENT_PREFIX_PATH doesn't exist[0m
[0.215s] [34mcolcon.colcon_ros.prefix_path.catkin[0m [1;30mWARNING[0m [33mThe path '/home/vidya/drift_ws/drift_ws/install/ros2_linkattacher' in the environment variable CMAKE_PREFIX_PATH doesn't exist[0m
[0.215s] [34mcolcon.colcon_ros.prefix_path.catkin[0m [1;30mWARNING[0m [33mThe path '/home/vidya/drift_ws/drift_ws/install/linkattacher_msgs' in the environment variable CMAKE_PREFIX_PATH doesn't exist[0m
[0.215s] [34mcolcon.colcon_ros.prefix_path.catkin[0m [1;30mWARNING[0m [33mThe path '/home/vidya/drift_ws/drift_ws/install/drift_robot' in the environment variable CMAKE_PREFIX_PATH doesn't exist[0m
[0.216s] [34mcolcon.colcon_installed_package_information.package_discovery[0m [1;30mDEBUG[0m [32mFound 0 installed packages in /home/vidya/drift_ws/drift_ws/install[0m
[0.216s] [34mcolcon.colcon_installed_package_information.package_discovery[0m [1;30mDEBUG[0m [32mFound 1 installed packages in /home/vidya/drift_ws/install[0m
[0.217s] [34mcolcon.colcon_installed_package_information.package_discovery[0m [1;30mDEBUG[0m [32mFound 322 installed packages in /opt/ros/humble[0m
[0.218s] [34mcolcon.colcon_core.package_discovery[0m [1;30mLevel 1[0m discover_packages(prefix_path) using defaults
[0.239s] [34mcolcon.colcon_core.verb[0m [1;30mLevel 5[0m set package 'drift_robot' build argument 'cmake_args' from command line to 'None'
[0.239s] [34mcolcon.colcon_core.verb[0m [1;30mLevel 5[0m set package 'drift_robot' build argument 'cmake_target' from command line to 'None'
[0.240s] [34mcolcon.colcon_core.verb[0m [1;30mLevel 5[0m set package 'drift_robot' build argument 'cmake_target_skip_unavailable' from command line to 'False'
[0.240s] [34mcolcon.colcon_core.verb[0m [1;30mLevel 5[0m set package 'drift_robot' build argument 'cmake_clean_cache' from command line to 'False'
[0.240s] [34mcolcon.colcon_core.verb[0m [1;30mLevel 5[0m set package 'drift_robot' build argument 'cmake_clean_first' from command line to 'False'
[0.240s] [34mcolcon.colcon_core.verb[0m [1;30mLevel 5[0m set package 'drift_robot' build argument 'cmake_force_configure' from command line to 'False'
[0.240s] [34mcolcon.colcon_core.verb[0m [1;30mLevel 5[0m set package 'drift_robot' build argument 'ament_cmake_args' from command line to 'None'
[0.240s] [34mcolcon.colcon_core.verb[0m [1;30mLevel 5[0m set package 'drift_robot' build argument 'catkin_cmake_args' from command line to 'None'
[0.240s] [34mcolcon.colcon_core.verb[0m [1;30mLevel 5[0m set package 'drift_robot' build argument 'catkin_skip_building_tests' from command line to 'False'
[0.240s] [34mcolcon.colcon_core.verb[0m [1;30mDEBUG[0m [32mBuilding package 'drift_robot' with the following arguments: {'ament_cmake_args': None, 'build_base': '/home/vidya/drift_ws/drift_ws/build/drift_robot', 'catkin_cmake_args': None, 'catkin_skip_building_tests': False, 'cmake_args': None, 'cmake_clean_cache': False, 'cmake_clean_first': False, 'cmake_force_configure': False, 'cmake_target': None, 'cmake_target_skip_unavailable': False, 'install_base': '/home/vidya/drift_ws/drift_ws/install/drift_robot', 'merge_install': False, 'path': '/home/vidya/drift_ws/drift_ws/src/drift_robot', 'symlink_install': False, 'test_result_base': None}[0m
[0.240s] [34mcolcon.colcon_core.verb[0m [1;30mLevel 5[0m set package 'linkattacher_msgs' build argument 'cmake_args' from command line to 'None'
[0.240s] [34mcolcon.colcon_core.verb[0m [1;30mLevel 5[0m set package 'linkattacher_msgs' build argument 'cmake_target' from command line to 'None'
[0.240s] [34mcolcon.colcon_core.verb[0m [1;30mLevel 5[0m set package 'linkattacher_msgs' build argument 'cmake_target_skip_unavailable' from command line to 'False'
[0.240s] [34mcolcon.colcon_core.verb[0m [1;30mLevel 5[0m set package 'linkattacher_msgs' build argument 'cmake_clean_cache' from command line to 'False'
[0.240s] [34mcolcon.colcon_core.verb[0m [1;30mLevel 5[0m set package 'linkattacher_msgs' build argument 'cmake_clean_first' from command line to 'False'
[0.240s] [34mcolcon.colcon_core.verb[0m [1;30mLevel 5[0m set package 'linkattacher_msgs' build argument 'cmake_force_configure' from command line to 'False'
[0.240s] [34mcolcon.colcon_core.verb[0m [1;30mLevel 5[0m set package 'linkattacher_msgs' build argument 'ament_cmake_args' from command line to 'None'
[0.240s] [34mcolcon.colcon_core.verb[0m [1;30mLevel 5[0m set package 'linkattacher_msgs' build argument 'catkin_cmake_args' from command line to 'None'
[0.240s] [34mcolcon.colcon_core.verb[0m [1;30mLevel 5[0m set package 'linkattacher_msgs' build argument 'catkin_skip_building_tests' from command line to 'False'
[0.240s] [34mcolcon.colcon_core.verb[0m [1;30mDEBUG[0m [32mBuilding package 'linkattacher_msgs' with the following arguments: {'ament_cmake_args': None, 'build_base': '/home/vidya/drift_ws/drift_ws/build/linkattacher_msgs', 'catkin_cmake_args': None, 'catkin_skip_building_tests': False, 'cmake_args': None, 'cmake_clean_cache': False, 'cmake_clean_first': False, 'cmake_force_configure': False, 'cmake_target': None, 'cmake_target_skip_unavailable': False, 'install_base': '/home/vidya/drift_ws/drift_ws/install/linkattacher_msgs', 'merge_install': False, 'path': '/home/vidya/drift_ws/drift_ws/src/IFRA_LinkAttacher/linkattacher_msgs', 'symlink_install': False, 'test_result_base': None}[0m
[0.240s] [34mcolcon.colcon_core.verb[0m [1;30mLevel 5[0m set package 'ros2_linkattacher' build argument 'cmake_args' from command line to 'None'
[0.240s] [34mcolcon.colcon_core.verb[0m [1;30mLevel 5[0m set package 'ros2_linkattacher' build argument 'cmake_target' from command line to 'None'
[0.240s] [34mcolcon.colcon_core.verb[0m [1;30mLevel 5[0m set package 'ros2_linkattacher' build argument 'cmake_target_skip_unavailable' from command line to 'False'
[0.240s] [34mcolcon.colcon_core.verb[0m [1;30mLevel 5[0m set package 'ros2_linkattacher' build argument 'cmake_clean_cache' from command line to 'False'
[0.240s] [34mcolcon.colcon_core.verb[0m [1;30mLevel 5[0m set package 'ros2_linkattacher' build argument 'cmake_clean_first' from command line to 'False'
[0.240s] [34mcolcon.colcon_core.verb[0m [1;30mLevel 5[0m set package 'ros2_linkattacher' build argument 'cmake_force_configure' from command line to 'False'
[0.240s] [34mcolcon.colcon_core.verb[0m [1;30mLevel 5[0m set package 'ros2_linkattacher' build argument 'ament_cmake_args' from command line to 'None'
[0.240s] [34mcolcon.colcon_core.verb[0m [1;30mLevel 5[0m set package 'ros2_linkattacher' build argument 'catkin_cmake_args' from command line to 'None'
[0.240s] [34mcolcon.colcon_core.verb[0m [1;30mLevel 5[0m set package 'ros2_linkattacher' build argument 'catkin_skip_building_tests' from command line to 'False'
[0.240s] [34mcolcon.colcon_core.verb[0m [1;30mDEBUG[0m [32mBuilding package 'ros2_linkattacher' with the following arguments: {'ament_cmake_args': None, 'build_base': '/home/vidya/drift_ws/drift_ws/build/ros2_linkattacher', 'catkin_cmake_args': None, 'catkin_skip_building_tests': False, 'cmake_args': None, 'cmake_clean_cache': False, 'cmake_clean_first': False, 'cmake_force_configure': False, 'cmake_target': None, 'cmake_target_skip_unavailable': False, 'install_base': '/home/vidya/drift_ws/drift_ws/install/ros2_linkattacher', 'merge_install': False, 'path': '/home/vidya/drift_ws/drift_ws/src/IFRA_LinkAttacher/ros2_LinkAttacher', 'symlink_install': False, 'test_result_base': None}[0m
[0.240s] [34mcolcon.colcon_core.executor[0m [1;30mINFO[0m Executing jobs using 'parallel' executor
[0.241s] [34mcolcon.colcon_parallel_executor.executor.parallel[0m [1;30mDEBUG[0m [32mrun_until_complete[0m
[0.242s] [34mcolcon.colcon_ros.task.ament_cmake.build[0m [1;30mINFO[0m Building ROS package in '/home/vidya/drift_ws/drift_ws/src/IFRA_LinkAttacher/linkattacher_msgs' with build type 'ament_cmake'
[0.242s] [34mcolcon.colcon_cmake.task.cmake.build[0m [1;30mINFO[0m Building CMake package in '/home/vidya/drift_ws/drift_ws/src/IFRA_LinkAttacher/linkattacher_msgs'
[0.243s] [34mcolcon.colcon_core.plugin_system[0m [1;30mINFO[0m Skipping extension 'colcon_core.shell.bat': Not used on non-Windows systems
[0.243s] [34mcolcon.colcon_core.shell[0m [1;30mINFO[0m Skip shell extension 'powershell' for command environment: Not usable outside of PowerShell
[0.243s] [34mcolcon.colcon_core.shell[0m [1;30mDEBUG[0m [32mSkip shell extension 'dsv' for command environment[0m
[0.245s] [34mcolcon.colcon_ros.task.ament_cmake.build[0m [1;30mINFO[0m Building ROS package in '/home/vidya/drift_ws/drift_ws/src/drift_robot' with build type 'ament_cmake'
[0.246s] [34mcolcon.colcon_cmake.task.cmake.build[0m [1;30mINFO[0m Building CMake package in '/home/vidya/drift_ws/drift_ws/src/drift_robot'
[0.246s] [34mcolcon.colcon_core.shell[0m [1;30mINFO[0m Skip shell extension 'powershell' for command environment: Not usable outside of PowerShell
[0.246s] [34mcolcon.colcon_core.shell[0m [1;30mDEBUG[0m [32mSkip shell extension 'dsv' for command environment[0m
[0.250s] [34mcolcon.colcon_core.event_handler.log_command[0m [1;30mDEBUG[0m [32mInvoking command in '/home/vidya/drift_ws/drift_ws/build/linkattacher_msgs': CMAKE_PREFIX_PATH=${CMAKE_PREFIX_PATH}:/opt/ros/humble /usr/bin/cmake /home/vidya/drift_ws/drift_ws/src/IFRA_LinkAttacher/linkattacher_msgs -DCMAKE_INSTALL_PREFIX=/home/vidya/drift_ws/drift_ws/install/linkattacher_msgs[0m
[0.252s] [34mcolcon.colcon_core.event_handler.log_command[0m [1;30mDEBUG[0m [32mInvoking command in '/home/vidya/drift_ws/drift_ws/build/drift_robot': CMAKE_PREFIX_PATH=${CMAKE_PREFIX_PATH}:/opt/ros/humble /usr/bin/cmake /home/vidya/drift_ws/drift_ws/src/drift_robot -DCMAKE_INSTALL_PREFIX=/home/vidya/drift_ws/drift_ws/install/drift_robot[0m
[1.629s] [34mcolcon.colcon_core.event_handler.log_command[0m [1;30mDEBUG[0m [32mInvoked command in '/home/vidya/drift_ws/drift_ws/build/linkattacher_msgs' returned '0': CMAKE_PREFIX_PATH=${CMAKE_PREFIX_PATH}:/opt/ros/humble /usr/bin/cmake /home/vidya/drift_ws/drift_ws/src/IFRA_LinkAttacher/linkattacher_msgs -DCMAKE_INSTALL_PREFIX=/home/vidya/drift_ws/drift_ws/install/linkattacher_msgs[0m
[1.630s] [34mcolcon.colcon_core.event_handler.log_command[0m [1;30mDEBUG[0m [32mInvoking command in '/home/vidya/drift_ws/drift_ws/build/linkattacher_msgs': CMAKE_PREFIX_PATH=${CMAKE_PREFIX_PATH}:/opt/ros/humble /usr/bin/cmake --build /home/vidya/drift_ws/drift_ws/build/linkattacher_msgs -- -j16 -l16[0m
[2.170s] [34mcolcon.colcon_core.event_handler.log_command[0m [1;30mDEBUG[0m [32mInvoked command in '/home/vidya/drift_ws/drift_ws/build/drift_robot' returned '0': CMAKE_PREFIX_PATH=${CMAKE_PREFIX_PATH}:/opt/ros/humble /usr/bin/cmake /home/vidya/drift_ws/drift_ws/src/drift_robot -DCMAKE_INSTALL_PREFIX=/home/vidya/drift_ws/drift_ws/install/drift_robot[0m
[2.172s] [34mcolcon.colcon_core.event_handler.log_command[0m [1;30mDEBUG[0m [32mInvoking command in '/home/vidya/drift_ws/drift_ws/build/drift_robot': CMAKE_PREFIX_PATH=${CMAKE_PREFIX_PATH}:/opt/ros/humble /usr/bin/cmake --build /home/vidya/drift_ws/drift_ws/build/drift_robot -- -j16 -l16[0m
[2.212s] [34mcolcon.colcon_core.event_handler.log_command[0m [1;30mDEBUG[0m [32mInvoked command in '/home/vidya/drift_ws/drift_ws/build/drift_robot' returned '0': CMAKE_PREFIX_PATH=${CMAKE_PREFIX_PATH}:/opt/ros/humble /usr/bin/cmake --build /home/vidya/drift_ws/drift_ws/build/drift_robot -- -j16 -l16[0m
[2.226s] [34mcolcon.colcon_core.event_handler.log_command[0m [1;30mDEBUG[0m [32mInvoking command in '/home/vidya/drift_ws/drift_ws/build/drift_robot': CMAKE_PREFIX_PATH=${CMAKE_PREFIX_PATH}:/opt/ros/humble /usr/bin/cmake --install /home/vidya/drift_ws/drift_ws/build/drift_robot[0m
[2.239s] [34mcolcon.colcon_core.environment[0m [1;30mLevel 1[0m create_environment_scripts_only(drift_robot)
[2.240s] [34mcolcon.colcon_core.event_handler.log_command[0m [1;30mDEBUG[0m [32mInvoked command in '/home/vidya/drift_ws/drift_ws/build/drift_robot' returned '0': CMAKE_PREFIX_PATH=${CMAKE_PREFIX_PATH}:/opt/ros/humble /usr/bin/cmake --install /home/vidya/drift_ws/drift_ws/build/drift_robot[0m
[2.242s] [34mcolcon.colcon_core.environment[0m [1;30mLevel 1[0m checking '/home/vidya/drift_ws/drift_ws/install/drift_robot' for CMake module files
[2.243s] [34mcolcon.colcon_core.environment[0m [1;30mLevel 1[0m checking '/home/vidya/drift_ws/drift_ws/install/drift_robot' for CMake config files
[2.244s] [34mcolcon.colcon_core.shell[0m [1;30mLevel 1[0m create_environment_hook('drift_robot', 'cmake_prefix_path')
[2.244s] [34mcolcon.colcon_core.shell[0m [1;30mINFO[0m Creating environment hook '/home/vidya/drift_ws/drift_ws/install/drift_robot/share/drift_robot/hook/cmake_prefix_path.ps1'
[2.245s] [34mcolcon.colcon_core.shell[0m [1;30mINFO[0m Creating environment descriptor '/home/vidya/drift_ws/drift_ws/install/drift_robot/share/drift_robot/hook/cmake_prefix_path.dsv'
[2.245s] [34mcolcon.colcon_core.shell[0m [1;30mINFO[0m Creating environment hook '/home/vidya/drift_ws/drift_ws/install/drift_robot/share/drift_robot/hook/cmake_prefix_path.sh'
[2.246s] [34mcolcon.colcon_core.environment[0m [1;30mLevel 1[0m checking '/home/vidya/drift_ws/drift_ws/install/drift_robot/lib'
[2.246s] [34mcolcon.colcon_core.environment[0m [1;30mLevel 1[0m checking '/home/vidya/drift_ws/drift_ws/install/drift_robot/bin'
[2.246s] [34mcolcon.colcon_core.environment[0m [1;30mLevel 1[0m checking '/home/vidya/drift_ws/drift_ws/install/drift_robot/lib/pkgconfig/drift_robot.pc'
[2.246s] [34mcolcon.colcon_core.environment[0m [1;30mLevel 1[0m checking '/home/vidya/drift_ws/drift_ws/install/drift_robot/lib/python3.10/site-packages'
[2.247s] [34mcolcon.colcon_core.environment[0m [1;30mLevel 1[0m checking '/home/vidya/drift_ws/drift_ws/install/drift_robot/bin'
[2.247s] [34mcolcon.colcon_core.shell[0m [1;30mINFO[0m Creating package script '/home/vidya/drift_ws/drift_ws/install/drift_robot/share/drift_robot/package.ps1'
[2.247s] [34mcolcon.colcon_core.shell[0m [1;30mINFO[0m Creating package descriptor '/home/vidya/drift_ws/drift_ws/install/drift_robot/share/drift_robot/package.dsv'
[2.248s] [34mcolcon.colcon_core.shell[0m [1;30mINFO[0m Creating package script '/home/vidya/drift_ws/drift_ws/install/drift_robot/share/drift_robot/package.sh'
[2.248s] [34mcolcon.colcon_core.shell[0m [1;30mINFO[0m Creating package script '/home/vidya/drift_ws/drift_ws/install/drift_robot/share/drift_robot/package.bash'
[2.249s] [34mcolcon.colcon_core.shell[0m [1;30mINFO[0m Creating package script '/home/vidya/drift_ws/drift_ws/install/drift_robot/share/drift_robot/package.zsh'
[2.250s] [34mcolcon.colcon_core.environment[0m [1;30mLevel 1[0m create_file_with_runtime_dependencies(/home/vidya/drift_ws/drift_ws/install/drift_robot/share/colcon-core/packages/drift_robot)
[2.250s] [34mcolcon.colcon_core.environment[0m [1;30mLevel 1[0m create_environment_scripts_only(drift_robot)
[2.250s] [34mcolcon.colcon_core.environment[0m [1;30mLevel 1[0m checking '/home/vidya/drift_ws/drift_ws/install/drift_robot' for CMake module files
[2.251s] [34mcolcon.colcon_core.environment[0m [1;30mLevel 1[0m checking '/home/vidya/drift_ws/drift_ws/install/drift_robot' for CMake config files
[2.251s] [34mcolcon.colcon_core.shell[0m [1;30mLevel 1[0m create_environment_hook('drift_robot', 'cmake_prefix_path')
[2.251s] [34mcolcon.colcon_core.shell[0m [1;30mINFO[0m Creating environment hook '/home/vidya/drift_ws/drift_ws/install/drift_robot/share/drift_robot/hook/cmake_prefix_path.ps1'
[2.252s] [34mcolcon.colcon_core.shell[0m [1;30mINFO[0m Creating environment descriptor '/home/vidya/drift_ws/drift_ws/install/drift_robot/share/drift_robot/hook/cmake_prefix_path.dsv'
[2.252s] [34mcolcon.colcon_core.shell[0m [1;30mINFO[0m Creating environment hook '/home/vidya/drift_ws/drift_ws/install/drift_robot/share/drift_robot/hook/cmake_prefix_path.sh'
[2.252s] [34mcolcon.colcon_core.environment[0m [1;30mLevel 1[0m checking '/home/vidya/drift_ws/drift_ws/install/drift_robot/lib'
[2.252s] [34mcolcon.colcon_core.environment[0m [1;30mLevel 1[0m checking '/home/vidya/drift_ws/drift_ws/install/drift_robot/bin'
[2.252s] [34mcolcon.colcon_core.environment[0m [1;30mLevel 1[0m checking '/home/vidya/drift_ws/drift_ws/install/drift_robot/lib/pkgconfig/drift_robot.pc'
[2.253s] [34mcolcon.colcon_core.environment[0m [1;30mLevel 1[0m checking '/home/vidya/drift_ws/drift_ws/install/drift_robot/lib/python3.10/site-packages'
[2.253s] [34mcolcon.colcon_core.environment[0m [1;30mLevel 1[0m checking '/home/vidya/drift_ws/drift_ws/install/drift_robot/bin'
[2.253s] [34mcolcon.colcon_core.shell[0m [1;30mINFO[0m Creating package script '/home/vidya/drift_ws/drift_ws/install/drift_robot/share/drift_robot/package.ps1'
[2.253s] [34mcolcon.colcon_core.shell[0m [1;30mINFO[0m Creating package descriptor '/home/vidya/drift_ws/drift_ws/install/drift_robot/share/drift_robot/package.dsv'
[2.254s] [34mcolcon.colcon_core.shell[0m [1;30mINFO[0m Creating package script '/home/vidya/drift_ws/drift_ws/install/drift_robot/share/drift_robot/package.sh'
[2.254s] [34mcolcon.colcon_core.shell[0m [1;30mINFO[0m Creating package script '/home/vidya/drift_ws/drift_ws/install/drift_robot/share/drift_robot/package.bash'
[2.254s] [34mcolcon.colcon_core.shell[0m [1;30mINFO[0m Creating package script '/home/vidya/drift_ws/drift_ws/install/drift_robot/share/drift_robot/package.zsh'
[2.255s] [34mcolcon.colcon_core.environment[0m [1;30mLevel 1[0m create_file_with_runtime_dependencies(/home/vidya/drift_ws/drift_ws/install/drift_robot/share/colcon-core/packages/drift_robot)
[3.661s] [34mcolcon.colcon_core.event_handler.log_command[0m [1;30mDEBUG[0m [32mInvoked command in '/home/vidya/drift_ws/drift_ws/build/linkattacher_msgs' returned '0': CMAKE_PREFIX_PATH=${CMAKE_PREFIX_PATH}:/opt/ros/humble /usr/bin/cmake --build /home/vidya/drift_ws/drift_ws/build/linkattacher_msgs -- -j16 -l16[0m
[3.663s] [34mcolcon.colcon_core.event_handler.log_command[0m [1;30mDEBUG[0m [32mInvoking command in '/home/vidya/drift_ws/drift_ws/build/linkattacher_msgs': CMAKE_PREFIX_PATH=${CMAKE_PREFIX_PATH}:/opt/ros/humble /usr/bin/cmake --install /home/vidya/drift_ws/drift_ws/build/linkattacher_msgs[0m
[3.712s] [34mcolcon.colcon_core.environment[0m [1;30mLevel 1[0m create_environment_scripts_only(linkattacher_msgs)
[3.712s] [34mcolcon.colcon_core.environment[0m [1;30mLevel 1[0m checking '/home/vidya/drift_ws/drift_ws/install/linkattacher_msgs' for CMake module files
[3.713s] [34mcolcon.colcon_core.event_handler.log_command[0m [1;30mDEBUG[0m [32mInvoked command in '/home/vidya/drift_ws/drift_ws/build/linkattacher_msgs' returned '0': CMAKE_PREFIX_PATH=${CMAKE_PREFIX_PATH}:/opt/ros/humble /usr/bin/cmake --install /home/vidya/drift_ws/drift_ws/build/linkattacher_msgs[0m
[3.713s] [34mcolcon.colcon_core.environment[0m [1;30mLevel 1[0m checking '/home/vidya/drift_ws/drift_ws/install/linkattacher_msgs' for CMake config files
[3.714s] [34mcolcon.colcon_core.shell[0m [1;30mLevel 1[0m create_environment_hook('linkattacher_msgs', 'cmake_prefix_path')
[3.714s] [34mcolcon.colcon_core.shell[0m [1;30mINFO[0m Creating environment hook '/home/vidya/drift_ws/drift_ws/install/linkattacher_msgs/share/linkattacher_msgs/hook/cmake_prefix_path.ps1'
[3.714s] [34mcolcon.colcon_core.shell[0m [1;30mINFO[0m Creating environment descriptor '/home/vidya/drift_ws/drift_ws/install/linkattacher_msgs/share/linkattacher_msgs/hook/cmake_prefix_path.dsv'
[3.714s] [34mcolcon.colcon_core.shell[0m [1;30mINFO[0m Creating environment hook '/home/vidya/drift_ws/drift_ws/install/linkattacher_msgs/share/linkattacher_msgs/hook/cmake_prefix_path.sh'
[3.715s] [34mcolcon.colcon_core.environment[0m [1;30mLevel 1[0m checking '/home/vidya/drift_ws/drift_ws/install/linkattacher_msgs/lib'
[3.715s] [34mcolcon.colcon_core.shell[0m [1;30mLevel 1[0m create_environment_hook('linkattacher_msgs', 'ld_library_path_lib')
[3.715s] [34mcolcon.colcon_core.shell[0m [1;30mINFO[0m Creating environment hook '/home/vidya/drift_ws/drift_ws/install/linkattacher_msgs/share/linkattacher_msgs/hook/ld_library_path_lib.ps1'
[3.715s] [34mcolcon.colcon_core.shell[0m [1;30mINFO[0m Creating environment descriptor '/home/vidya/drift_ws/drift_ws/install/linkattacher_msgs/share/linkattacher_msgs/hook/ld_library_path_lib.dsv'
[3.715s] [34mcolcon.colcon_core.shell[0m [1;30mINFO[0m Creating environment hook '/home/vidya/drift_ws/drift_ws/install/linkattacher_msgs/share/linkattacher_msgs/hook/ld_library_path_lib.sh'
[3.716s] [34mcolcon.colcon_core.environment[0m [1;30mLevel 1[0m checking '/home/vidya/drift_ws/drift_ws/install/linkattacher_msgs/bin'
[3.716s] [34mcolcon.colcon_core.environment[0m [1;30mLevel 1[0m checking '/home/vidya/drift_ws/drift_ws/install/linkattacher_msgs/lib/pkgconfig/linkattacher_msgs.pc'
[3.716s] [34mcolcon.colcon_core.environment[0m [1;30mLevel 1[0m checking '/home/vidya/drift_ws/drift_ws/install/linkattacher_msgs/lib/python3.10/site-packages'
[3.716s] [34mcolcon.colcon_core.environment[0m [1;30mLevel 1[0m checking '/home/vidya/drift_ws/drift_ws/install/linkattacher_msgs/bin'
[3.716s] [34mcolcon.colcon_core.shell[0m [1;30mINFO[0m Creating package script '/home/vidya/drift_ws/drift_ws/install/linkattacher_msgs/share/linkattacher_msgs/package.ps1'
[3.717s] [34mcolcon.colcon_core.shell[0m [1;30mINFO[0m Creating package descriptor '/home/vidya/drift_ws/drift_ws/install/linkattacher_msgs/share/linkattacher_msgs/package.dsv'
[3.717s] [34mcolcon.colcon_core.shell[0m [1;30mINFO[0m Creating package script '/home/vidya/drift_ws/drift_ws/install/linkattacher_msgs/share/linkattacher_msgs/package.sh'
[3.717s] [34mcolcon.colcon_core.shell[0m [1;30mINFO[0m Creating package script '/home/vidya/drift_ws/drift_ws/install/linkattacher_msgs/share/linkattacher_msgs/package.bash'
[3.718s] [34mcolcon.colcon_core.shell[0m [1;30mINFO[0m Creating package script '/home/vidya/drift_ws/drift_ws/install/linkattacher_msgs/share/linkattacher_msgs/package.zsh'
[3.718s] [34mcolcon.colcon_core.environment[0m [1;30mLevel 1[0m create_file_with_runtime_dependencies(/home/vidya/drift_ws/drift_ws/install/linkattacher_msgs/share/colcon-core/packages/linkattacher_msgs)
[3.718s] [34mcolcon.colcon_core.environment[0m [1;30mLevel 1[0m create_environment_scripts_only(linkattacher_msgs)
[3.718s] [34mcolcon.colcon_core.environment[0m [1;30mLevel 1[0m checking '/home/vidya/drift_ws/drift_ws/install/linkattacher_msgs' for CMake module files
[3.719s] [34mcolcon.colcon_core.environment[0m [1;30mLevel 1[0m checking '/home/vidya/drift_ws/drift_ws/install/linkattacher_msgs' for CMake config files
[3.719s] [34mcolcon.colcon_core.shell[0m [1;30mLevel 1[0m create_environment_hook('linkattacher_msgs', 'cmake_prefix_path')
[3.720s] [34mcolcon.colcon_core.shell[0m [1;30mINFO[0m Creating environment hook '/home/vidya/drift_ws/drift_ws/install/linkattacher_msgs/share/linkattacher_msgs/hook/cmake_prefix_path.ps1'
[3.720s] [34mcolcon.colcon_core.shell[0m [1;30mINFO[0m Creating environment descriptor '/home/vidya/drift_ws/drift_ws/install/linkattacher_msgs/share/linkattacher_msgs/hook/cmake_prefix_path.dsv'
[3.720s] [34mcolcon.colcon_core.shell[0m [1;30mINFO[0m Creating environment hook '/home/vidya/drift_ws/drift_ws/install/linkattacher_msgs/share/linkattacher_msgs/hook/cmake_prefix_path.sh'
[3.720s] [34mcolcon.colcon_core.environment[0m [1;30mLevel 1[0m checking '/home/vidya/drift_ws/drift_ws/install/linkattacher_msgs/lib'
[3.720s] [34mcolcon.colcon_core.shell[0m [1;30mLevel 1[0m create_environment_hook('linkattacher_msgs', 'ld_library_path_lib')
[3.721s] [34mcolcon.colcon_core.shell[0m [1;30mINFO[0m Creating environment hook '/home/vidya/drift_ws/drift_ws/install/linkattacher_msgs/share/linkattacher_msgs/hook/ld_library_path_lib.ps1'
[3.721s] [34mcolcon.colcon_core.shell[0m [1;30mINFO[0m Creating environment descriptor '/home/vidya/drift_ws/drift_ws/install/linkattacher_msgs/share/linkattacher_msgs/hook/ld_library_path_lib.dsv'
[3.721s] [34mcolcon.colcon_core.shell[0m [1;30mINFO[0m Creating environment hook '/home/vidya/drift_ws/drift_ws/install/linkattacher_msgs/share/linkattacher_msgs/hook/ld_library_path_lib.sh'
[3.721s] [34mcolcon.colcon_core.environment[0m [1;30mLevel 1[0m checking '/home/vidya/drift_ws/drift_ws/install/linkattacher_msgs/bin'
[3.721s] [34mcolcon.colcon_core.environment[0m [1;30mLevel 1[0m checking '/home/vidya/drift_ws/drift_ws/install/linkattacher_msgs/lib/pkgconfig/linkattacher_msgs.pc'
[3.721s] [34mcolcon.colcon_core.environment[0m [1;30mLevel 1[0m checking '/home/vidya/drift_ws/drift_ws/install/linkattacher_msgs/lib/python3.10/site-packages'
[3.722s] [34mcolcon.colcon_core.environment[0m [1;30mLevel 1[0m checking '/home/vidya/drift_ws/drift_ws/install/linkattacher_msgs/bin'
[3.722s] [34mcolcon.colcon_core.shell[0m [1;30mINFO[0m Creating package script '/home/vidya/drift_ws/drift_ws/install/linkattacher_msgs/share/linkattacher_msgs/package.ps1'
[3.722s] [34mcolcon.colcon_core.shell[0m [1;30mINFO[0m Creating package descriptor '/home/vidya/drift_ws/drift_ws/install/linkattacher_msgs/share/linkattacher_msgs/package.dsv'
[3.723s] [34mcolcon.colcon_core.shell[0m [1;30mINFO[0m Creating package script '/home/vidya/drift_ws/drift_ws/install/linkattacher_msgs/share/linkattacher_msgs/package.sh'
[3.723s] [34mcolcon.colcon_core.shell[0m [1;30mINFO[0m Creating package script '/home/vidya/drift_ws/drift_ws/install/linkattacher_msgs/share/linkattacher_msgs/package.bash'
[3.723s] [34mcolcon.colcon_core.shell[0m [1;30mINFO[0m Creating package script '/home/vidya/drift_ws/drift_ws/install/linkattacher_msgs/share/linkattacher_msgs/package.zsh'
[3.724s] [34mcolcon.colcon_core.environment[0m [1;30mLevel 1[0m create_file_with_runtime_dependencies(/home/vidya/drift_ws/drift_ws/install/linkattacher_msgs/share/colcon-core/packages/linkattacher_msgs)
[3.724s] [34mcolcon.colcon_ros.task.ament_cmake.build[0m [1;30mINFO[0m Building ROS package in '/home/vidya/drift_ws/drift_ws/src/IFRA_LinkAttacher/ros2_LinkAttacher' with build type 'ament_cmake'
[3.724s] [34mcolcon.colcon_cmake.task.cmake.build[0m [1;30mINFO[0m Building CMake package in '/home/vidya/drift_ws/drift_ws/src/IFRA_LinkAttacher/ros2_LinkAttacher'
[3.724s] [34mcolcon.colcon_core.shell[0m [1;30mINFO[0m Skip shell extension 'powershell' for command environment: Not usable outside of PowerShell
[3.724s] [34mcolcon.colcon_core.shell[0m [1;30mDEBUG[0m [32mSkip shell extension 'dsv' for command environment[0m
[3.736s] [34mcolcon.colcon_core.event_handler.log_command[0m [1;30mDEBUG[0m [32mInvoking command in '/home/vidya/drift_ws/drift_ws/build/ros2_linkattacher': CMAKE_PREFIX_PATH=/home/vidya/drift_ws/drift_ws/install/linkattacher_msgs:/home/vidya/drift_ws/drift_ws/install/ros2_linkattacher:/home/vidya/drift_ws/drift_ws/install/drift_robot:/home/vidya/drift_ws/install/drift_robot:/opt/ros/humble LD_LIBRARY_PATH=/home/vidya/drift_ws/drift_ws/install/linkattacher_msgs/lib:/home/vidya/drift_ws/drift_ws/install/ros2_linkattacher/lib:/usr/lib/x86_64-linux-gnu/gazebo-11/plugins:/opt/ros/humble/opt/rviz_ogre_vendor/lib:/opt/ros/humble/lib/x86_64-linux-gnu:/opt/ros/humble/lib /usr/bin/cmake /home/vidya/drift_ws/drift_ws/src/IFRA_LinkAttacher/ros2_LinkAttacher -DCMAKE_INSTALL_PREFIX=/home/vidya/drift_ws/drift_ws/install/ros2_linkattacher[0m
[6.127s] [34mcolcon.colcon_core.event_handler.log_command[0m [1;30mDEBUG[0m [32mInvoked command in '/home/vidya/drift_ws/drift_ws/build/ros2_linkattacher' returned '0': CMAKE_PREFIX_PATH=/home/vidya/drift_ws/drift_ws/install/linkattacher_msgs:/home/vidya/drift_ws/drift_ws/install/ros2_linkattacher:/home/vidya/drift_ws/drift_ws/install/drift_robot:/home/vidya/drift_ws/install/drift_robot:/opt/ros/humble LD_LIBRARY_PATH=/home/vidya/drift_ws/drift_ws/install/linkattacher_msgs/lib:/home/vidya/drift_ws/drift_ws/install/ros2_linkattacher/lib:/usr/lib/x86_64-linux-gnu/gazebo-11/plugins:/opt/ros/humble/opt/rviz_ogre_vendor/lib:/opt/ros/humble/lib/x86_64-linux-gnu:/opt/ros/humble/lib /usr/bin/cmake /home/vidya/drift_ws/drift_ws/src/IFRA_LinkAttacher/ros2_LinkAttacher -DCMAKE_INSTALL_PREFIX=/home/vidya/drift_ws/drift_ws/install/ros2_linkattacher[0m
[6.128s] [34mcolcon.colcon_core.event_handler.log_command[0m [1;30mDEBUG[0m [32mInvoking command in '/home/vidya/drift_ws/drift_ws/build/ros2_linkattacher': CMAKE_PREFIX_PATH=/home/vidya/drift_ws/drift_ws/install/linkattacher_msgs:/home/vidya/drift_ws/drift_ws/install/ros2_linkattacher:/home/vidya/drift_ws/drift_ws/install/drift_robot:/home/vidya/drift_ws/install/drift_robot:/opt/ros/humble LD_LIBRARY_PATH=/home/vidya/drift_ws/drift_ws/install/linkattacher_msgs/lib:/home/vidya/drift_ws/drift_ws/install/ros2_linkattacher/lib:/usr/lib/x86_64-linux-gnu/gazebo-11/plugins:/opt/ros/humble/opt/rviz_ogre_vendor/lib:/opt/ros/humble/lib/x86_64-linux-gnu:/opt/ros/humble/lib /usr/bin/cmake --build /home/vidya/drift_ws/drift_ws/build/ros2_linkattacher -- -j16 -l16[0m
[15.170s] [34mcolcon.colcon_core.event_handler.log_command[0m [1;30mDEBUG[0m [32mInvoked command in '/home/vidya/drift_ws/drift_ws/build/ros2_linkattacher' returned '0': CMAKE_PREFIX_PATH=/home/vidya/drift_ws/drift_ws/install/linkattacher_msgs:/home/vidya/drift_ws/drift_ws/install/ros2_linkattacher:/home/vidya/drift_ws/drift_ws/install/drift_robot:/home/vidya/drift_ws/install/drift_robot:/opt/ros/humble LD_LIBRARY_PATH=/home/vidya/drift_ws/drift_ws/install/linkattacher_msgs/lib:/home/vidya/drift_ws/drift_ws/install/ros2_linkattacher/lib:/usr/lib/x86_64-linux-gnu/gazebo-11/plugins:/opt/ros/humble/opt/rviz_ogre_vendor/lib:/opt/ros/humble/lib/x86_64-linux-gnu:/opt/ros/humble/lib /usr/bin/cmake --build /home/vidya/drift_ws/drift_ws/build/ros2_linkattacher -- -j16 -l16[0m
[15.172s] [34mcolcon.colcon_core.event_handler.log_command[0m [1;30mDEBUG[0m [32mInvoking command in '/home/vidya/drift_ws/drift_ws/build/ros2_linkattacher': CMAKE_PREFIX_PATH=/home/vidya/drift_ws/drift_ws/install/linkattacher_msgs:/home/vidya/drift_ws/drift_ws/install/ros2_linkattacher:/home/vidya/drift_ws/drift_ws/install/drift_robot:/home/vidya/drift_ws/install/drift_robot:/opt/ros/humble LD_LIBRARY_PATH=/home/vidya/drift_ws/drift_ws/install/linkattacher_msgs/lib:/home/vidya/drift_ws/drift_ws/install/ros2_linkattacher/lib:/usr/lib/x86_64-linux-gnu/gazebo-11/plugins:/opt/ros/humble/opt/rviz_ogre_vendor/lib:/opt/ros/humble/lib/x86_64-linux-gnu:/opt/ros/humble/lib /usr/bin/cmake --install /home/vidya/drift_ws/drift_ws/build/ros2_linkattacher[0m
[15.185s] [34mcolcon.colcon_core.environment[0m [1;30mLevel 1[0m create_environment_scripts_only(ros2_linkattacher)
[15.186s] [34mcolcon.colcon_core.environment[0m [1;30mLevel 1[0m checking '/home/vidya/drift_ws/drift_ws/install/ros2_linkattacher' for CMake module files
[15.186s] [34mcolcon.colcon_core.event_handler.log_command[0m [1;30mDEBUG[0m [32mInvoked command in '/home/vidya/drift_ws/drift_ws/build/ros2_linkattacher' returned '0': CMAKE_PREFIX_PATH=/home/vidya/drift_ws/drift_ws/install/linkattacher_msgs:/home/vidya/drift_ws/drift_ws/install/ros2_linkattacher:/home/vidya/drift_ws/drift_ws/install/drift_robot:/home/vidya/drift_ws/install/drift_robot:/opt/ros/humble LD_LIBRARY_PATH=/home/vidya/drift_ws/drift_ws/install/linkattacher_msgs/lib:/home/vidya/drift_ws/drift_ws/install/ros2_linkattacher/lib:/usr/lib/x86_64-linux-gnu/gazebo-11/plugins:/opt/ros/humble/opt/rviz_ogre_vendor/lib:/opt/ros/humble/lib/x86_64-linux-gnu:/opt/ros/humble/lib /usr/bin/cmake --install /home/vidya/drift_ws/drift_ws/build/ros2_linkattacher[0m
[15.186s] [34mcolcon.colcon_core.environment[0m [1;30mLevel 1[0m checking '/home/vidya/drift_ws/drift_ws/install/ros2_linkattacher' for CMake config files
[15.187s] [34mcolcon.colcon_core.shell[0m [1;30mLevel 1[0m create_environment_hook('ros2_linkattacher', 'cmake_prefix_path')
[15.187s] [34mcolcon.colcon_core.shell[0m [1;30mINFO[0m Creating environment hook '/home/vidya/drift_ws/drift_ws/install/ros2_linkattacher/share/ros2_linkattacher/hook/cmake_prefix_path.ps1'
[15.187s] [34mcolcon.colcon_core.shell[0m [1;30mINFO[0m Creating environment descriptor '/home/vidya/drift_ws/drift_ws/install/ros2_linkattacher/share/ros2_linkattacher/hook/cmake_prefix_path.dsv'
[15.188s] [34mcolcon.colcon_core.shell[0m [1;30mINFO[0m Creating environment hook '/home/vidya/drift_ws/drift_ws/install/ros2_linkattacher/share/ros2_linkattacher/hook/cmake_prefix_path.sh'
[15.189s] [34mcolcon.colcon_core.environment[0m [1;30mLevel 1[0m checking '/home/vidya/drift_ws/drift_ws/install/ros2_linkattacher/lib'
[15.189s] [34mcolcon.colcon_core.shell[0m [1;30mLevel 1[0m create_environment_hook('ros2_linkattacher', 'ld_library_path_lib')
[15.189s] [34mcolcon.colcon_core.shell[0m [1;30mINFO[0m Creating environment hook '/home/vidya/drift_ws/drift_ws/install/ros2_linkattacher/share/ros2_linkattacher/hook/ld_library_path_lib.ps1'
[15.189s] [34mcolcon.colcon_core.shell[0m [1;30mINFO[0m Creating environment descriptor '/home/vidya/drift_ws/drift_ws/install/ros2_linkattacher/share/ros2_linkattacher/hook/ld_library_path_lib.dsv'
[15.190s] [34mcolcon.colcon_core.shell[0m [1;30mINFO[0m Creating environment hook '/home/vidya/drift_ws/drift_ws/install/ros2_linkattacher/share/ros2_linkattacher/hook/ld_library_path_lib.sh'
[15.190s] [34mcolcon.colcon_core.environment[0m [1;30mLevel 1[0m checking '/home/vidya/drift_ws/drift_ws/install/ros2_linkattacher/bin'
[15.190s] [34mcolcon.colcon_core.environment[0m [1;30mLevel 1[0m checking '/home/vidya/drift_ws/drift_ws/install/ros2_linkattacher/lib/pkgconfig/ros2_linkattacher.pc'
[15.191s] [34mcolcon.colcon_core.environment[0m [1;30mLevel 1[0m checking '/home/vidya/drift_ws/drift_ws/install/ros2_linkattacher/lib/python3.10/site-packages'
[15.191s] [34mcolcon.colcon_core.environment[0m [1;30mLevel 1[0m checking '/home/vidya/drift_ws/drift_ws/install/ros2_linkattacher/bin'
[15.192s] [34mcolcon.colcon_core.shell[0m [1;30mINFO[0m Creating package script '/home/vidya/drift_ws/drift_ws/install/ros2_linkattacher/share/ros2_linkattacher/package.ps1'
[15.193s] [34mcolcon.colcon_core.shell[0m [1;30mINFO[0m Creating package descriptor '/home/vidya/drift_ws/drift_ws/install/ros2_linkattacher/share/ros2_linkattacher/package.dsv'
[15.193s] [34mcolcon.colcon_core.shell[0m [1;30mINFO[0m Creating package script '/home/vidya/drift_ws/drift_ws/install/ros2_linkattacher/share/ros2_linkattacher/package.sh'
[15.194s] [34mcolcon.colcon_core.shell[0m [1;30mINFO[0m Creating package script '/home/vidya/drift_ws/drift_ws/install/ros2_linkattacher/share/ros2_linkattacher/package.bash'
[15.194s] [34mcolcon.colcon_core.shell[0m [1;30mINFO[0m Creating package script '/home/vidya/drift_ws/drift_ws/install/ros2_linkattacher/share/ros2_linkattacher/package.zsh'
[15.195s] [34mcolcon.colcon_core.environment[0m [1;30mLevel 1[0m create_file_with_runtime_dependencies(/home/vidya/drift_ws/drift_ws/install/ros2_linkattacher/share/colcon-core/packages/ros2_linkattacher)
[15.195s] [34mcolcon.colcon_core.environment[0m [1;30mLevel 1[0m create_environment_scripts_only(ros2_linkattacher)
[15.196s] [34mcolcon.colcon_core.environment[0m [1;30mLevel 1[0m checking '/home/vidya/drift_ws/drift_ws/install/ros2_linkattacher' for CMake module files
[15.196s] [34mcolcon.colcon_core.environment[0m [1;30mLevel 1[0m checking '/home/vidya/drift_ws/drift_ws/install/ros2_linkattacher' for CMake config files
[15.196s] [34mcolcon.colcon_core.shell[0m [1;30mLevel 1[0m create_environment_hook('ros2_linkattacher', 'cmake_prefix_path')
[15.196s] [34mcolcon.colcon_core.shell[0m [1;30mINFO[0m Creating environment hook '/home/vidya/drift_ws/drift_ws/install/ros2_linkattacher/share/ros2_linkattacher/hook/cmake_prefix_path.ps1'
[15.197s] [34mcolcon.colcon_core.shell[0m [1;30mINFO[0m Creating environment descriptor '/home/vidya/drift_ws/drift_ws/install/ros2_linkattacher/share/ros2_linkattacher/hook/cmake_prefix_path.dsv'
[15.197s] [34mcolcon.colcon_core.shell[0m [1;30mINFO[0m Creating environment hook '/home/vidya/drift_ws/drift_ws/install/ros2_linkattacher/share/ros2_linkattacher/hook/cmake_prefix_path.sh'
[15.198s] [34mcolcon.colcon_core.environment[0m [1;30mLevel 1[0m checking '/home/vidya/drift_ws/drift_ws/install/ros2_linkattacher/lib'
[15.198s] [34mcolcon.colcon_core.shell[0m [1;30mLevel 1[0m create_environment_hook('ros2_linkattacher', 'ld_library_path_lib')
[15.199s] [34mcolcon.colcon_core.shell[0m [1;30mINFO[0m Creating environment hook '/home/vidya/drift_ws/drift_ws/install/ros2_linkattacher/share/ros2_linkattacher/hook/ld_library_path_lib.ps1'
[15.199s] [34mcolcon.colcon_core.shell[0m [1;30mINFO[0m Creating environment descriptor '/home/vidya/drift_ws/drift_ws/install/ros2_linkattacher/share/ros2_linkattacher/hook/ld_library_path_lib.dsv'
[15.200s] [34mcolcon.colcon_core.shell[0m [1;30mINFO[0m Creating environment hook '/home/vidya/drift_ws/drift_ws/install/ros2_linkattacher/share/ros2_linkattacher/hook/ld_library_path_lib.sh'
[15.200s] [34mcolcon.colcon_core.environment[0m [1;30mLevel 1[0m checking '/home/vidya/drift_ws/drift_ws/install/ros2_linkattacher/bin'
[15.200s] [34mcolcon.colcon_core.environment[0m [1;30mLevel 1[0m checking '/home/vidya/drift_ws/drift_ws/install/ros2_linkattacher/lib/pkgconfig/ros2_linkattacher.pc'
[15.201s] [34mcolcon.colcon_core.environment[0m [1;30mLevel 1[0m checking '/home/vidya/drift_ws/drift_ws/install/ros2_linkattacher/lib/python3.10/site-packages'
[15.201s] [34mcolcon.colcon_core.environment[0m [1;30mLevel 1[0m checking '/home/vidya/drift_ws/drift_ws/install/ros2_linkattacher/bin'
[15.202s] [34mcolcon.colcon_core.shell[0m [1;30mINFO[0m Creating package script '/home/vidya/drift_ws/drift_ws/install/ros2_linkattacher/share/ros2_linkattacher/package.ps1'
[15.202s] [34mcolcon.colcon_core.shell[0m [1;30mINFO[0m Creating package descriptor '/home/vidya/drift_ws/drift_ws/install/ros2_linkattacher/share/ros2_linkattacher/package.dsv'
[15.203s] [34mcolcon.colcon_core.shell[0m [1;30mINFO[0m Creating package script '/home/vidya/drift_ws/drift_ws/install/ros2_linkattacher/share/ros2_linkattacher/package.sh'
[15.204s] [34mcolcon.colcon_core.shell[0m [1;30mINFO[0m Creating package script '/home/vidya/drift_ws/drift_ws/install/ros2_linkattacher/share/ros2_linkattacher/package.bash'
[15.204s] [34mcolcon.colcon_core.shell[0m [1;30mINFO[0m Creating package script '/home/vidya/drift_ws/drift_ws/install/ros2_linkattacher/share/ros2_linkattacher/package.zsh'
[15.205s] [34mcolcon.colcon_core.environment[0m [1;30mLevel 1[0m create_file_with_runtime_dependencies(/home/vidya/drift_ws/drift_ws/install/ros2_linkattacher/share/colcon-core/packages/ros2_linkattacher)
[15.205s] [34mcolcon.colcon_parallel_executor.executor.parallel[0m [1;30mDEBUG[0m [32mclosing loop[0m
[15.206s] [34mcolcon.colcon_parallel_executor.executor.parallel[0m [1;30mDEBUG[0m [32mloop closed[0m
[15.206s] [34mcolcon.colcon_parallel_executor.executor.parallel[0m [1;30mDEBUG[0m [32mrun_until_complete finished with '0'[0m
[15.206s] [34mcolcon.colcon_core.event_reactor[0m [1;30mDEBUG[0m [32mjoining thread[0m
[15.212s] [34mcolcon.colcon_core.plugin_system[0m [1;30mINFO[0m Skipping extension 'colcon_notification.desktop_notification.terminal_notifier': Not used on non-Darwin systems
[15.212s] [34mcolcon.colcon_core.plugin_system[0m [1;30mINFO[0m Skipping extension 'colcon_notification.desktop_notification.win32': Not used on non-Windows systems
[15.212s] [34mcolcon.colcon_notification.desktop_notification[0m [1;30mINFO[0m Sending desktop notification using 'notify2'
[15.223s] [34mcolcon.colcon_core.event_reactor[0m [1;30mDEBUG[0m [32mjoined thread[0m
[15.224s] [34mcolcon.colcon_core.shell[0m [1;30mINFO[0m Creating prefix script '/home/vidya/drift_ws/drift_ws/install/local_setup.ps1'
[15.225s] [34mcolcon.colcon_core.shell[0m [1;30mINFO[0m Creating prefix util module '/home/vidya/drift_ws/drift_ws/install/_local_setup_util_ps1.py'
[15.227s] [34mcolcon.colcon_core.shell[0m [1;30mINFO[0m Creating prefix chain script '/home/vidya/drift_ws/drift_ws/install/setup.ps1'
[15.228s] [34mcolcon.colcon_core.shell[0m [1;30mINFO[0m Creating prefix script '/home/vidya/drift_ws/drift_ws/install/local_setup.sh'
[15.228s] [34mcolcon.colcon_core.shell[0m [1;30mINFO[0m Creating prefix util module '/home/vidya/drift_ws/drift_ws/install/_local_setup_util_sh.py'
[15.229s] [34mcolcon.colcon_core.shell[0m [1;30mINFO[0m Creating prefix chain script '/home/vidya/drift_ws/drift_ws/install/setup.sh'
[15.230s] [34mcolcon.colcon_core.shell[0m [1;30mINFO[0m Creating prefix script '/home/vidya/drift_ws/drift_ws/install/local_setup.bash'
[15.231s] [34mcolcon.colcon_core.shell[0m [1;30mINFO[0m Creating prefix chain script '/home/vidya/drift_ws/drift_ws/install/setup.bash'
[15.232s] [34mcolcon.colcon_core.shell[0m [1;30mINFO[0m Creating prefix script '/home/vidya/drift_ws/drift_ws/install/local_setup.zsh'
[15.233s] [34mcolcon.colcon_core.shell[0m [1;30mINFO[0m Creating prefix chain script '/home/vidya/drift_ws/drift_ws/install/setup.zsh'
