[0.009s] Invoking command in '/home/vidya/drift_ws/drift_ws/build/ros2_linkattacher': CMAKE_PREFIX_PATH=/home/vidya/drift_ws/drift_ws/install/linkattacher_msgs:/home/vidya/drift_ws/drift_ws/install/ros2_linkattacher:/home/vidya/drift_ws/drift_ws/install/drift_robot:/home/vidya/drift_ws/install/drift_robot:/opt/ros/humble LD_LIBRARY_PATH=/home/vidya/drift_ws/drift_ws/install/linkattacher_msgs/lib:/home/vidya/drift_ws/drift_ws/install/ros2_linkattacher/lib:/usr/lib/x86_64-linux-gnu/gazebo-11/plugins:/opt/ros/humble/opt/rviz_ogre_vendor/lib:/opt/ros/humble/lib/x86_64-linux-gnu:/opt/ros/humble/lib /usr/bin/cmake --build /home/vidya/drift_ws/drift_ws/build/ros2_linkattacher -- -j16 -l16
[0.106s] [100%] Built target gazebo_link_attacher
[0.119s] Invoked command in '/home/vidya/drift_ws/drift_ws/build/ros2_linkattacher' returned '0': CMAKE_PREFIX_PATH=/home/vidya/drift_ws/drift_ws/install/linkattacher_msgs:/home/vidya/drift_ws/drift_ws/install/ros2_linkattacher:/home/vidya/drift_ws/drift_ws/install/drift_robot:/home/vidya/drift_ws/install/drift_robot:/opt/ros/humble LD_LIBRARY_PATH=/home/vidya/drift_ws/drift_ws/install/linkattacher_msgs/lib:/home/vidya/drift_ws/drift_ws/install/ros2_linkattacher/lib:/usr/lib/x86_64-linux-gnu/gazebo-11/plugins:/opt/ros/humble/opt/rviz_ogre_vendor/lib:/opt/ros/humble/lib/x86_64-linux-gnu:/opt/ros/humble/lib /usr/bin/cmake --build /home/vidya/drift_ws/drift_ws/build/ros2_linkattacher -- -j16 -l16
[0.120s] Invoking command in '/home/vidya/drift_ws/drift_ws/build/ros2_linkattacher': CMAKE_PREFIX_PATH=/home/vidya/drift_ws/drift_ws/install/linkattacher_msgs:/home/vidya/drift_ws/drift_ws/install/ros2_linkattacher:/home/vidya/drift_ws/drift_ws/install/drift_robot:/home/vidya/drift_ws/install/drift_robot:/opt/ros/humble LD_LIBRARY_PATH=/home/vidya/drift_ws/drift_ws/install/linkattacher_msgs/lib:/home/vidya/drift_ws/drift_ws/install/ros2_linkattacher/lib:/usr/lib/x86_64-linux-gnu/gazebo-11/plugins:/opt/ros/humble/opt/rviz_ogre_vendor/lib:/opt/ros/humble/lib/x86_64-linux-gnu:/opt/ros/humble/lib /usr/bin/cmake --install /home/vidya/drift_ws/drift_ws/build/ros2_linkattacher
[0.130s] -- Install configuration: ""
[0.131s] -- Up-to-date: /home/vidya/drift_ws/drift_ws/install/ros2_linkattacher/share/ros2_linkattacher/environment/library_path.sh
[0.131s] -- Up-to-date: /home/vidya/drift_ws/drift_ws/install/ros2_linkattacher/share/ros2_linkattacher/environment/library_path.dsv
[0.131s] -- Up-to-date: /home/vidya/drift_ws/drift_ws/install/ros2_linkattacher/lib/libgazebo_link_attacher.so
[0.131s] -- Up-to-date: /home/vidya/drift_ws/drift_ws/install/ros2_linkattacher/share/ament_index/resource_index/package_run_dependencies/ros2_linkattacher
[0.131s] -- Up-to-date: /home/vidya/drift_ws/drift_ws/install/ros2_linkattacher/share/ament_index/resource_index/parent_prefix_path/ros2_linkattacher
[0.131s] -- Up-to-date: /home/vidya/drift_ws/drift_ws/install/ros2_linkattacher/share/ros2_linkattacher/environment/ament_prefix_path.sh
[0.131s] -- Up-to-date: /home/vidya/drift_ws/drift_ws/install/ros2_linkattacher/share/ros2_linkattacher/environment/ament_prefix_path.dsv
[0.131s] -- Up-to-date: /home/vidya/drift_ws/drift_ws/install/ros2_linkattacher/share/ros2_linkattacher/environment/path.sh
[0.131s] -- Up-to-date: /home/vidya/drift_ws/drift_ws/install/ros2_linkattacher/share/ros2_linkattacher/environment/path.dsv
[0.131s] -- Up-to-date: /home/vidya/drift_ws/drift_ws/install/ros2_linkattacher/share/ros2_linkattacher/local_setup.bash
[0.132s] -- Up-to-date: /home/vidya/drift_ws/drift_ws/install/ros2_linkattacher/share/ros2_linkattacher/local_setup.sh
[0.132s] -- Up-to-date: /home/vidya/drift_ws/drift_ws/install/ros2_linkattacher/share/ros2_linkattacher/local_setup.zsh
[0.132s] -- Up-to-date: /home/vidya/drift_ws/drift_ws/install/ros2_linkattacher/share/ros2_linkattacher/local_setup.dsv
[0.132s] -- Installing: /home/vidya/drift_ws/drift_ws/install/ros2_linkattacher/share/ros2_linkattacher/package.dsv
[0.132s] -- Up-to-date: /home/vidya/drift_ws/drift_ws/install/ros2_linkattacher/share/ament_index/resource_index/packages/ros2_linkattacher
[0.132s] -- Up-to-date: /home/vidya/drift_ws/drift_ws/install/ros2_linkattacher/share/ros2_linkattacher/cmake/ament_cmake_export_libraries-extras.cmake
[0.132s] -- Up-to-date: /home/vidya/drift_ws/drift_ws/install/ros2_linkattacher/share/ros2_linkattacher/cmake/ros2_linkattacherConfig.cmake
[0.132s] -- Up-to-date: /home/vidya/drift_ws/drift_ws/install/ros2_linkattacher/share/ros2_linkattacher/cmake/ros2_linkattacherConfig-version.cmake
[0.132s] -- Up-to-date: /home/vidya/drift_ws/drift_ws/install/ros2_linkattacher/share/ros2_linkattacher/package.xml
[0.133s] Invoked command in '/home/vidya/drift_ws/drift_ws/build/ros2_linkattacher' returned '0': CMAKE_PREFIX_PATH=/home/vidya/drift_ws/drift_ws/install/linkattacher_msgs:/home/vidya/drift_ws/drift_ws/install/ros2_linkattacher:/home/vidya/drift_ws/drift_ws/install/drift_robot:/home/vidya/drift_ws/install/drift_robot:/opt/ros/humble LD_LIBRARY_PATH=/home/vidya/drift_ws/drift_ws/install/linkattacher_msgs/lib:/home/vidya/drift_ws/drift_ws/install/ros2_linkattacher/lib:/usr/lib/x86_64-linux-gnu/gazebo-11/plugins:/opt/ros/humble/opt/rviz_ogre_vendor/lib:/opt/ros/humble/lib/x86_64-linux-gnu:/opt/ros/humble/lib /usr/bin/cmake --install /home/vidya/drift_ws/drift_ws/build/ros2_linkattacher
