[0.008s] Invoking command in '/home/vidya/drift_ws/drift_ws/build/drift_robot': CMAKE_PREFIX_PATH=${CMAKE_PREFIX_PATH}:/opt/ros/humble /usr/bin/cmake --build /home/vidya/drift_ws/drift_ws/build/drift_robot -- -j16 -l16
[0.053s] Invoked command in '/home/vidya/drift_ws/drift_ws/build/drift_robot' returned '0': CMAKE_PREFIX_PATH=${CMAKE_PREFIX_PATH}:/opt/ros/humble /usr/bin/cmake --build /home/vidya/drift_ws/drift_ws/build/drift_robot -- -j16 -l16
[0.074s] Invoking command in '/home/vidya/drift_ws/drift_ws/build/drift_robot': CMAKE_PREFIX_PATH=${CMAKE_PREFIX_PATH}:/opt/ros/humble /usr/bin/cmake --install /home/vidya/drift_ws/drift_ws/build/drift_robot
[0.085s] -- Install configuration: ""
[0.085s] -- Up-to-date: /home/vidya/drift_ws/drift_ws/install/drift_robot/share/drift_robot/urdf
[0.085s] -- Up-to-date: /home/vidya/drift_ws/drift_ws/install/drift_robot/share/drift_robot/urdf/drift_robot.urdf.xacro
[0.085s] -- Up-to-date: /home/vidya/drift_ws/drift_ws/install/drift_robot/share/drift_robot/worlds
[0.085s] -- Up-to-date: /home/vidya/drift_ws/drift_ws/install/drift_robot/share/drift_robot/worlds/home.world
[0.085s] -- Up-to-date: /home/vidya/drift_ws/drift_ws/install/drift_robot/share/drift_robot/launch
[0.085s] -- Up-to-date: /home/vidya/drift_ws/drift_ws/install/drift_robot/share/drift_robot/launch/simulation.launch.py
[0.085s] -- Up-to-date: /home/vidya/drift_ws/drift_ws/install/drift_robot/share/drift_robot/config
[0.085s] -- Up-to-date: /home/vidya/drift_ws/drift_ws/install/drift_robot/share/drift_robot/config/waypoint.yaml
[0.085s] -- Up-to-date: /home/vidya/drift_ws/drift_ws/install/drift_robot/share/drift_robot/meshes
[0.085s] -- Up-to-date: /home/vidya/drift_ws/drift_ws/install/drift_robot/share/drift_robot/scripts
[0.086s] -- Up-to-date: /home/vidya/drift_ws/drift_ws/install/drift_robot/share/drift_robot/scripts/Copies
[0.086s] -- Up-to-date: /home/vidya/drift_ws/drift_ws/install/drift_robot/share/drift_robot/scripts/Copies/mar 22
[0.086s] -- Up-to-date: /home/vidya/drift_ws/drift_ws/install/drift_robot/share/drift_robot/scripts/Copies/mar 22/navigator (copy).py
[0.086s] -- Up-to-date: /home/vidya/drift_ws/drift_ws/install/drift_robot/share/drift_robot/scripts/Copies/mar 22/pick_place (copy).py
[0.086s] -- Up-to-date: /home/vidya/drift_ws/drift_ws/install/drift_robot/share/drift_robot/scripts/pick_place.py
[0.086s] -- Installing: /home/vidya/drift_ws/drift_ws/install/drift_robot/share/drift_robot/scripts/navigator.py
[0.086s] -- Up-to-date: /home/vidya/drift_ws/drift_ws/install/drift_robot/share/drift_robot/scripts/dummy_camera.py
[0.087s] -- Installing: /home/vidya/drift_ws/drift_ws/install/drift_robot/lib/drift_robot/navigator.py
[0.087s] -- Up-to-date: /home/vidya/drift_ws/drift_ws/install/drift_robot/lib/drift_robot/pick_place.py
[0.087s] -- Up-to-date: /home/vidya/drift_ws/drift_ws/install/drift_robot/lib/drift_robot/dummy_camera.py
[0.087s] -- Installing: /home/vidya/drift_ws/drift_ws/install/drift_robot/lib/drift_robot/navigator
[0.087s] -- Up-to-date: /home/vidya/drift_ws/drift_ws/install/drift_robot/share/ament_index/resource_index/package_run_dependencies/drift_robot
[0.087s] -- Up-to-date: /home/vidya/drift_ws/drift_ws/install/drift_robot/share/ament_index/resource_index/parent_prefix_path/drift_robot
[0.087s] -- Up-to-date: /home/vidya/drift_ws/drift_ws/install/drift_robot/share/drift_robot/environment/ament_prefix_path.sh
[0.087s] -- Up-to-date: /home/vidya/drift_ws/drift_ws/install/drift_robot/share/drift_robot/environment/ament_prefix_path.dsv
[0.087s] -- Up-to-date: /home/vidya/drift_ws/drift_ws/install/drift_robot/share/drift_robot/environment/path.sh
[0.087s] -- Up-to-date: /home/vidya/drift_ws/drift_ws/install/drift_robot/share/drift_robot/environment/path.dsv
[0.088s] -- Up-to-date: /home/vidya/drift_ws/drift_ws/install/drift_robot/share/drift_robot/local_setup.bash
[0.088s] -- Up-to-date: /home/vidya/drift_ws/drift_ws/install/drift_robot/share/drift_robot/local_setup.sh
[0.088s] -- Up-to-date: /home/vidya/drift_ws/drift_ws/install/drift_robot/share/drift_robot/local_setup.zsh
[0.088s] -- Up-to-date: /home/vidya/drift_ws/drift_ws/install/drift_robot/share/drift_robot/local_setup.dsv
[0.088s] -- Installing: /home/vidya/drift_ws/drift_ws/install/drift_robot/share/drift_robot/package.dsv
[0.089s] -- Up-to-date: /home/vidya/drift_ws/drift_ws/install/drift_robot/share/ament_index/resource_index/packages/drift_robot
[0.089s] -- Up-to-date: /home/vidya/drift_ws/drift_ws/install/drift_robot/share/drift_robot/cmake/drift_robotConfig.cmake
[0.089s] -- Up-to-date: /home/vidya/drift_ws/drift_ws/install/drift_robot/share/drift_robot/cmake/drift_robotConfig-version.cmake
[0.089s] -- Up-to-date: /home/vidya/drift_ws/drift_ws/install/drift_robot/share/drift_robot/package.xml
[0.090s] Invoked command in '/home/vidya/drift_ws/drift_ws/build/drift_robot' returned '0': CMAKE_PREFIX_PATH=${CMAKE_PREFIX_PATH}:/opt/ros/humble /usr/bin/cmake --install /home/vidya/drift_ws/drift_ws/build/drift_robot
