[  2%] Built target linkattacher_msgs__cpp
[  5%] Built target linkattacher_msgs__rs
[ 15%] Built target linkattacher_msgs__rosidl_generator_c
[ 15%] Built target ament_cmake_python_copy_linkattacher_msgs
[ 25%] Built target linkattacher_msgs__rosidl_typesupport_introspection_c
[ 35%] Built target linkattacher_msgs__rosidl_typesupport_fastrtps_cpp
[ 45%] Built target linkattacher_msgs__rosidl_typesupport_introspection_cpp
[ 55%] Built target linkattacher_msgs__rosidl_typesupport_fastrtps_c
[ 65%] Built target linkattacher_msgs__rosidl_typesupport_cpp
[ 75%] Built target linkattacher_msgs__rosidl_typesupport_c
[ 75%] Built target linkattacher_msgs
[ 77%] Built target linkattacher_msgs__py
[ 85%] Built target linkattacher_msgs__rosidl_generator_py
[ 95%] Built target linkattacher_msgs__rosidl_typesupport_fastrtps_c__pyext
[ 95%] Built target linkattacher_msgs__rosidl_typesupport_c__pyext
[100%] Built target linkattacher_msgs__rosidl_typesupport_introspection_c__pyext
running egg_info
writing linkattacher_msgs.egg-info/PKG-INFO
writing dependency_links to linkattacher_msgs.egg-info/dependency_links.txt
writing top-level names to linkattacher_msgs.egg-info/top_level.txt
reading manifest file 'linkattacher_msgs.egg-info/SOURCES.txt'
writing manifest file 'linkattacher_msgs.egg-info/SOURCES.txt'
[100%] Built target ament_cmake_python_build_linkattacher_msgs_egg
-- Install configuration: ""
-- Up-to-date: /home/vidya/drift_ws/drift_ws/install/linkattacher_msgs/share/linkattacher_msgs/srv
-- Up-to-date: /home/vidya/drift_ws/drift_ws/install/linkattacher_msgs/share/linkattacher_msgs/srv/DetachLink.srv
-- Up-to-date: /home/vidya/drift_ws/drift_ws/install/linkattacher_msgs/share/linkattacher_msgs/srv/AttachLink.srv
-- Up-to-date: /home/vidya/drift_ws/drift_ws/install/linkattacher_msgs/share/ament_index/resource_index/rosidl_interfaces/linkattacher_msgs
-- Up-to-date: /home/vidya/drift_ws/drift_ws/install/linkattacher_msgs/include/linkattacher_msgs/linkattacher_msgs
-- Up-to-date: /home/vidya/drift_ws/drift_ws/install/linkattacher_msgs/include/linkattacher_msgs/linkattacher_msgs/msg
-- Up-to-date: /home/vidya/drift_ws/drift_ws/install/linkattacher_msgs/include/linkattacher_msgs/linkattacher_msgs/msg/rosidl_generator_c__visibility_control.h
-- Up-to-date: /home/vidya/drift_ws/drift_ws/install/linkattacher_msgs/include/linkattacher_msgs/linkattacher_msgs/srv
-- Up-to-date: /home/vidya/drift_ws/drift_ws/install/linkattacher_msgs/include/linkattacher_msgs/linkattacher_msgs/srv/detach_link.h
-- Up-to-date: /home/vidya/drift_ws/drift_ws/install/linkattacher_msgs/include/linkattacher_msgs/linkattacher_msgs/srv/detail
-- Up-to-date: /home/vidya/drift_ws/drift_ws/install/linkattacher_msgs/include/linkattacher_msgs/linkattacher_msgs/srv/detail/detach_link__functions.h
-- Up-to-date: /home/vidya/drift_ws/drift_ws/install/linkattacher_msgs/include/linkattacher_msgs/linkattacher_msgs/srv/detail/detach_link__struct.h
-- Up-to-date: /home/vidya/drift_ws/drift_ws/install/linkattacher_msgs/include/linkattacher_msgs/linkattacher_msgs/srv/detail/attach_link__type_support.h
-- Up-to-date: /home/vidya/drift_ws/drift_ws/install/linkattacher_msgs/include/linkattacher_msgs/linkattacher_msgs/srv/detail/attach_link__struct.h
-- Up-to-date: /home/vidya/drift_ws/drift_ws/install/linkattacher_msgs/include/linkattacher_msgs/linkattacher_msgs/srv/detail/detach_link__functions.c
-- Up-to-date: /home/vidya/drift_ws/drift_ws/install/linkattacher_msgs/include/linkattacher_msgs/linkattacher_msgs/srv/detail/attach_link__functions.h
-- Up-to-date: /home/vidya/drift_ws/drift_ws/install/linkattacher_msgs/include/linkattacher_msgs/linkattacher_msgs/srv/detail/attach_link__functions.c
-- Up-to-date: /home/vidya/drift_ws/drift_ws/install/linkattacher_msgs/include/linkattacher_msgs/linkattacher_msgs/srv/detail/detach_link__type_support.h
-- Up-to-date: /home/vidya/drift_ws/drift_ws/install/linkattacher_msgs/include/linkattacher_msgs/linkattacher_msgs/srv/attach_link.h
-- Up-to-date: /home/vidya/drift_ws/drift_ws/install/linkattacher_msgs/share/linkattacher_msgs/environment/library_path.sh
-- Up-to-date: /home/vidya/drift_ws/drift_ws/install/linkattacher_msgs/share/linkattacher_msgs/environment/library_path.dsv
-- Up-to-date: /home/vidya/drift_ws/drift_ws/install/linkattacher_msgs/lib/liblinkattacher_msgs__rosidl_generator_c.so
-- Up-to-date: /home/vidya/drift_ws/drift_ws/install/linkattacher_msgs/include/linkattacher_msgs/linkattacher_msgs
-- Up-to-date: /home/vidya/drift_ws/drift_ws/install/linkattacher_msgs/include/linkattacher_msgs/linkattacher_msgs/msg
-- Up-to-date: /home/vidya/drift_ws/drift_ws/install/linkattacher_msgs/include/linkattacher_msgs/linkattacher_msgs/msg/rosidl_typesupport_fastrtps_c__visibility_control.h
-- Up-to-date: /home/vidya/drift_ws/drift_ws/install/linkattacher_msgs/include/linkattacher_msgs/linkattacher_msgs/srv
-- Up-to-date: /home/vidya/drift_ws/drift_ws/install/linkattacher_msgs/include/linkattacher_msgs/linkattacher_msgs/srv/detail
-- Up-to-date: /home/vidya/drift_ws/drift_ws/install/linkattacher_msgs/include/linkattacher_msgs/linkattacher_msgs/srv/detail/detach_link__rosidl_typesupport_fastrtps_c.h
-- Up-to-date: /home/vidya/drift_ws/drift_ws/install/linkattacher_msgs/include/linkattacher_msgs/linkattacher_msgs/srv/detail/attach_link__rosidl_typesupport_fastrtps_c.h
-- Up-to-date: /home/vidya/drift_ws/drift_ws/install/linkattacher_msgs/lib/liblinkattacher_msgs__rosidl_typesupport_fastrtps_c.so
-- Up-to-date: /home/vidya/drift_ws/drift_ws/install/linkattacher_msgs/include/linkattacher_msgs/linkattacher_msgs
-- Up-to-date: /home/vidya/drift_ws/drift_ws/install/linkattacher_msgs/include/linkattacher_msgs/linkattacher_msgs/msg
-- Up-to-date: /home/vidya/drift_ws/drift_ws/install/linkattacher_msgs/include/linkattacher_msgs/linkattacher_msgs/msg/rosidl_typesupport_introspection_c__visibility_control.h
-- Up-to-date: /home/vidya/drift_ws/drift_ws/install/linkattacher_msgs/include/linkattacher_msgs/linkattacher_msgs/srv
-- Up-to-date: /home/vidya/drift_ws/drift_ws/install/linkattacher_msgs/include/linkattacher_msgs/linkattacher_msgs/srv/detail
-- Up-to-date: /home/vidya/drift_ws/drift_ws/install/linkattacher_msgs/include/linkattacher_msgs/linkattacher_msgs/srv/detail/attach_link__type_support.c
-- Up-to-date: /home/vidya/drift_ws/drift_ws/install/linkattacher_msgs/include/linkattacher_msgs/linkattacher_msgs/srv/detail/detach_link__rosidl_typesupport_introspection_c.h
-- Up-to-date: /home/vidya/drift_ws/drift_ws/install/linkattacher_msgs/include/linkattacher_msgs/linkattacher_msgs/srv/detail/detach_link__type_support.c
-- Up-to-date: /home/vidya/drift_ws/drift_ws/install/linkattacher_msgs/include/linkattacher_msgs/linkattacher_msgs/srv/detail/attach_link__rosidl_typesupport_introspection_c.h
-- Up-to-date: /home/vidya/drift_ws/drift_ws/install/linkattacher_msgs/lib/liblinkattacher_msgs__rosidl_typesupport_introspection_c.so
-- Up-to-date: /home/vidya/drift_ws/drift_ws/install/linkattacher_msgs/lib/liblinkattacher_msgs__rosidl_typesupport_c.so
-- Up-to-date: /home/vidya/drift_ws/drift_ws/install/linkattacher_msgs/include/linkattacher_msgs/linkattacher_msgs
-- Up-to-date: /home/vidya/drift_ws/drift_ws/install/linkattacher_msgs/include/linkattacher_msgs/linkattacher_msgs/msg
-- Up-to-date: /home/vidya/drift_ws/drift_ws/install/linkattacher_msgs/include/linkattacher_msgs/linkattacher_msgs/msg/rosidl_generator_cpp__visibility_control.hpp
-- Up-to-date: /home/vidya/drift_ws/drift_ws/install/linkattacher_msgs/include/linkattacher_msgs/linkattacher_msgs/srv
-- Up-to-date: /home/vidya/drift_ws/drift_ws/install/linkattacher_msgs/include/linkattacher_msgs/linkattacher_msgs/srv/detail
-- Up-to-date: /home/vidya/drift_ws/drift_ws/install/linkattacher_msgs/include/linkattacher_msgs/linkattacher_msgs/srv/detail/attach_link__builder.hpp
-- Up-to-date: /home/vidya/drift_ws/drift_ws/install/linkattacher_msgs/include/linkattacher_msgs/linkattacher_msgs/srv/detail/attach_link__traits.hpp
-- Up-to-date: /home/vidya/drift_ws/drift_ws/install/linkattacher_msgs/include/linkattacher_msgs/linkattacher_msgs/srv/detail/detach_link__builder.hpp
-- Up-to-date: /home/vidya/drift_ws/drift_ws/install/linkattacher_msgs/include/linkattacher_msgs/linkattacher_msgs/srv/detail/attach_link__struct.hpp
-- Up-to-date: /home/vidya/drift_ws/drift_ws/install/linkattacher_msgs/include/linkattacher_msgs/linkattacher_msgs/srv/detail/detach_link__type_support.hpp
-- Up-to-date: /home/vidya/drift_ws/drift_ws/install/linkattacher_msgs/include/linkattacher_msgs/linkattacher_msgs/srv/detail/detach_link__traits.hpp
-- Up-to-date: /home/vidya/drift_ws/drift_ws/install/linkattacher_msgs/include/linkattacher_msgs/linkattacher_msgs/srv/detail/attach_link__type_support.hpp
-- Up-to-date: /home/vidya/drift_ws/drift_ws/install/linkattacher_msgs/include/linkattacher_msgs/linkattacher_msgs/srv/detail/detach_link__struct.hpp
-- Up-to-date: /home/vidya/drift_ws/drift_ws/install/linkattacher_msgs/include/linkattacher_msgs/linkattacher_msgs/srv/detach_link.hpp
-- Up-to-date: /home/vidya/drift_ws/drift_ws/install/linkattacher_msgs/include/linkattacher_msgs/linkattacher_msgs/srv/attach_link.hpp
-- Up-to-date: /home/vidya/drift_ws/drift_ws/install/linkattacher_msgs/include/linkattacher_msgs/linkattacher_msgs
-- Up-to-date: /home/vidya/drift_ws/drift_ws/install/linkattacher_msgs/include/linkattacher_msgs/linkattacher_msgs/msg
-- Up-to-date: /home/vidya/drift_ws/drift_ws/install/linkattacher_msgs/include/linkattacher_msgs/linkattacher_msgs/msg/rosidl_typesupport_fastrtps_cpp__visibility_control.h
-- Up-to-date: /home/vidya/drift_ws/drift_ws/install/linkattacher_msgs/include/linkattacher_msgs/linkattacher_msgs/srv
-- Up-to-date: /home/vidya/drift_ws/drift_ws/install/linkattacher_msgs/include/linkattacher_msgs/linkattacher_msgs/srv/detail
-- Up-to-date: /home/vidya/drift_ws/drift_ws/install/linkattacher_msgs/include/linkattacher_msgs/linkattacher_msgs/srv/detail/detach_link__rosidl_typesupport_fastrtps_cpp.hpp
-- Up-to-date: /home/vidya/drift_ws/drift_ws/install/linkattacher_msgs/include/linkattacher_msgs/linkattacher_msgs/srv/detail/attach_link__rosidl_typesupport_fastrtps_cpp.hpp
-- Up-to-date: /home/vidya/drift_ws/drift_ws/install/linkattacher_msgs/include/linkattacher_msgs/linkattacher_msgs/srv/detail/dds_fastrtps
-- Up-to-date: /home/vidya/drift_ws/drift_ws/install/linkattacher_msgs/lib/liblinkattacher_msgs__rosidl_typesupport_fastrtps_cpp.so
-- Up-to-date: /home/vidya/drift_ws/drift_ws/install/linkattacher_msgs/include/linkattacher_msgs/linkattacher_msgs
-- Up-to-date: /home/vidya/drift_ws/drift_ws/install/linkattacher_msgs/include/linkattacher_msgs/linkattacher_msgs/srv
-- Up-to-date: /home/vidya/drift_ws/drift_ws/install/linkattacher_msgs/include/linkattacher_msgs/linkattacher_msgs/srv/detail
-- Up-to-date: /home/vidya/drift_ws/drift_ws/install/linkattacher_msgs/include/linkattacher_msgs/linkattacher_msgs/srv/detail/attach_link__rosidl_typesupport_introspection_cpp.hpp
-- Up-to-date: /home/vidya/drift_ws/drift_ws/install/linkattacher_msgs/include/linkattacher_msgs/linkattacher_msgs/srv/detail/detach_link__rosidl_typesupport_introspection_cpp.hpp
-- Up-to-date: /home/vidya/drift_ws/drift_ws/install/linkattacher_msgs/include/linkattacher_msgs/linkattacher_msgs/srv/detail/attach_link__type_support.cpp
-- Up-to-date: /home/vidya/drift_ws/drift_ws/install/linkattacher_msgs/include/linkattacher_msgs/linkattacher_msgs/srv/detail/detach_link__type_support.cpp
-- Up-to-date: /home/vidya/drift_ws/drift_ws/install/linkattacher_msgs/lib/liblinkattacher_msgs__rosidl_typesupport_introspection_cpp.so
-- Up-to-date: /home/vidya/drift_ws/drift_ws/install/linkattacher_msgs/lib/liblinkattacher_msgs__rosidl_typesupport_cpp.so
-- Up-to-date: /home/vidya/drift_ws/drift_ws/install/linkattacher_msgs/share/linkattacher_msgs/environment/pythonpath.sh
-- Up-to-date: /home/vidya/drift_ws/drift_ws/install/linkattacher_msgs/share/linkattacher_msgs/environment/pythonpath.dsv
-- Up-to-date: /home/vidya/drift_ws/drift_ws/install/linkattacher_msgs/local/lib/python3.10/dist-packages/linkattacher_msgs-0.0.0-py3.10.egg-info
-- Installing: /home/vidya/drift_ws/drift_ws/install/linkattacher_msgs/local/lib/python3.10/dist-packages/linkattacher_msgs-0.0.0-py3.10.egg-info/PKG-INFO
-- Installing: /home/vidya/drift_ws/drift_ws/install/linkattacher_msgs/local/lib/python3.10/dist-packages/linkattacher_msgs-0.0.0-py3.10.egg-info/dependency_links.txt
-- Installing: /home/vidya/drift_ws/drift_ws/install/linkattacher_msgs/local/lib/python3.10/dist-packages/linkattacher_msgs-0.0.0-py3.10.egg-info/top_level.txt
-- Installing: /home/vidya/drift_ws/drift_ws/install/linkattacher_msgs/local/lib/python3.10/dist-packages/linkattacher_msgs-0.0.0-py3.10.egg-info/SOURCES.txt
-- Up-to-date: /home/vidya/drift_ws/drift_ws/install/linkattacher_msgs/local/lib/python3.10/dist-packages/linkattacher_msgs
-- Up-to-date: /home/vidya/drift_ws/drift_ws/install/linkattacher_msgs/local/lib/python3.10/dist-packages/linkattacher_msgs/linkattacher_msgs_s__rosidl_typesupport_c.cpython-310-x86_64-linux-gnu.so
-- Up-to-date: /home/vidya/drift_ws/drift_ws/install/linkattacher_msgs/local/lib/python3.10/dist-packages/linkattacher_msgs/linkattacher_msgs_s__rosidl_typesupport_fastrtps_c.cpython-310-x86_64-linux-gnu.so
-- Up-to-date: /home/vidya/drift_ws/drift_ws/install/linkattacher_msgs/local/lib/python3.10/dist-packages/linkattacher_msgs/__init__.py
-- Up-to-date: /home/vidya/drift_ws/drift_ws/install/linkattacher_msgs/local/lib/python3.10/dist-packages/linkattacher_msgs/liblinkattacher_msgs__rosidl_generator_py.so
-- Up-to-date: /home/vidya/drift_ws/drift_ws/install/linkattacher_msgs/local/lib/python3.10/dist-packages/linkattacher_msgs/_linkattacher_msgs_s.ep.rosidl_typesupport_fastrtps_c.c
-- Up-to-date: /home/vidya/drift_ws/drift_ws/install/linkattacher_msgs/local/lib/python3.10/dist-packages/linkattacher_msgs/srv
-- Up-to-date: /home/vidya/drift_ws/drift_ws/install/linkattacher_msgs/local/lib/python3.10/dist-packages/linkattacher_msgs/srv/__init__.py
-- Up-to-date: /home/vidya/drift_ws/drift_ws/install/linkattacher_msgs/local/lib/python3.10/dist-packages/linkattacher_msgs/srv/_attach_link_s.c
-- Up-to-date: /home/vidya/drift_ws/drift_ws/install/linkattacher_msgs/local/lib/python3.10/dist-packages/linkattacher_msgs/srv/_detach_link.py
-- Up-to-date: /home/vidya/drift_ws/drift_ws/install/linkattacher_msgs/local/lib/python3.10/dist-packages/linkattacher_msgs/srv/_detach_link_s.c
-- Up-to-date: /home/vidya/drift_ws/drift_ws/install/linkattacher_msgs/local/lib/python3.10/dist-packages/linkattacher_msgs/srv/_attach_link.py
-- Up-to-date: /home/vidya/drift_ws/drift_ws/install/linkattacher_msgs/local/lib/python3.10/dist-packages/linkattacher_msgs/_linkattacher_msgs_s.ep.rosidl_typesupport_c.c
-- Up-to-date: /home/vidya/drift_ws/drift_ws/install/linkattacher_msgs/local/lib/python3.10/dist-packages/linkattacher_msgs/linkattacher_msgs_s__rosidl_typesupport_introspection_c.cpython-310-x86_64-linux-gnu.so
-- Up-to-date: /home/vidya/drift_ws/drift_ws/install/linkattacher_msgs/local/lib/python3.10/dist-packages/linkattacher_msgs/_linkattacher_msgs_s.ep.rosidl_typesupport_introspection_c.c
Listing '/home/vidya/drift_ws/drift_ws/install/linkattacher_msgs/local/lib/python3.10/dist-packages/linkattacher_msgs'...
Listing '/home/vidya/drift_ws/drift_ws/install/linkattacher_msgs/local/lib/python3.10/dist-packages/linkattacher_msgs/srv'...
-- Up-to-date: /home/vidya/drift_ws/drift_ws/install/linkattacher_msgs/local/lib/python3.10/dist-packages/linkattacher_msgs/linkattacher_msgs_s__rosidl_typesupport_fastrtps_c.cpython-310-x86_64-linux-gnu.so
-- Up-to-date: /home/vidya/drift_ws/drift_ws/install/linkattacher_msgs/local/lib/python3.10/dist-packages/linkattacher_msgs/linkattacher_msgs_s__rosidl_typesupport_introspection_c.cpython-310-x86_64-linux-gnu.so
-- Up-to-date: /home/vidya/drift_ws/drift_ws/install/linkattacher_msgs/local/lib/python3.10/dist-packages/linkattacher_msgs/linkattacher_msgs_s__rosidl_typesupport_c.cpython-310-x86_64-linux-gnu.so
-- Up-to-date: /home/vidya/drift_ws/drift_ws/install/linkattacher_msgs/lib/liblinkattacher_msgs__rosidl_generator_py.so
-- Up-to-date: /home/vidya/drift_ws/drift_ws/install/linkattacher_msgs/share/ament_index/resource_index/rust_packages/linkattacher_msgs
-- Up-to-date: /home/vidya/drift_ws/drift_ws/install/linkattacher_msgs/share/linkattacher_msgs/rust
-- Up-to-date: /home/vidya/drift_ws/drift_ws/install/linkattacher_msgs/share/linkattacher_msgs/rust/Cargo.toml
-- Up-to-date: /home/vidya/drift_ws/drift_ws/install/linkattacher_msgs/share/linkattacher_msgs/rust/src
-- Up-to-date: /home/vidya/drift_ws/drift_ws/install/linkattacher_msgs/share/linkattacher_msgs/rust/src/srv
-- Up-to-date: /home/vidya/drift_ws/drift_ws/install/linkattacher_msgs/share/linkattacher_msgs/rust/src/srv/rmw.rs
-- Up-to-date: /home/vidya/drift_ws/drift_ws/install/linkattacher_msgs/share/linkattacher_msgs/rust/src/lib.rs
-- Up-to-date: /home/vidya/drift_ws/drift_ws/install/linkattacher_msgs/share/linkattacher_msgs/rust/src/srv.rs
-- Up-to-date: /home/vidya/drift_ws/drift_ws/install/linkattacher_msgs/share/linkattacher_msgs/rust/build.rs
-- Up-to-date: /home/vidya/drift_ws/drift_ws/install/linkattacher_msgs/share/linkattacher_msgs/srv/AttachLink.idl
-- Up-to-date: /home/vidya/drift_ws/drift_ws/install/linkattacher_msgs/share/linkattacher_msgs/srv/DetachLink.idl
-- Up-to-date: /home/vidya/drift_ws/drift_ws/install/linkattacher_msgs/share/linkattacher_msgs/srv/AttachLink.srv
-- Up-to-date: /home/vidya/drift_ws/drift_ws/install/linkattacher_msgs/share/linkattacher_msgs/srv/AttachLink_Request.msg
-- Up-to-date: /home/vidya/drift_ws/drift_ws/install/linkattacher_msgs/share/linkattacher_msgs/srv/AttachLink_Response.msg
-- Up-to-date: /home/vidya/drift_ws/drift_ws/install/linkattacher_msgs/share/linkattacher_msgs/srv/DetachLink.srv
-- Up-to-date: /home/vidya/drift_ws/drift_ws/install/linkattacher_msgs/share/linkattacher_msgs/srv/DetachLink_Request.msg
-- Up-to-date: /home/vidya/drift_ws/drift_ws/install/linkattacher_msgs/share/linkattacher_msgs/srv/DetachLink_Response.msg
-- Up-to-date: /home/vidya/drift_ws/drift_ws/install/linkattacher_msgs/share/ament_index/resource_index/package_run_dependencies/linkattacher_msgs
-- Up-to-date: /home/vidya/drift_ws/drift_ws/install/linkattacher_msgs/share/ament_index/resource_index/parent_prefix_path/linkattacher_msgs
-- Up-to-date: /home/vidya/drift_ws/drift_ws/install/linkattacher_msgs/share/linkattacher_msgs/environment/ament_prefix_path.sh
-- Up-to-date: /home/vidya/drift_ws/drift_ws/install/linkattacher_msgs/share/linkattacher_msgs/environment/ament_prefix_path.dsv
-- Up-to-date: /home/vidya/drift_ws/drift_ws/install/linkattacher_msgs/share/linkattacher_msgs/environment/path.sh
-- Up-to-date: /home/vidya/drift_ws/drift_ws/install/linkattacher_msgs/share/linkattacher_msgs/environment/path.dsv
-- Up-to-date: /home/vidya/drift_ws/drift_ws/install/linkattacher_msgs/share/linkattacher_msgs/local_setup.bash
-- Up-to-date: /home/vidya/drift_ws/drift_ws/install/linkattacher_msgs/share/linkattacher_msgs/local_setup.sh
-- Up-to-date: /home/vidya/drift_ws/drift_ws/install/linkattacher_msgs/share/linkattacher_msgs/local_setup.zsh
-- Up-to-date: /home/vidya/drift_ws/drift_ws/install/linkattacher_msgs/share/linkattacher_msgs/local_setup.dsv
-- Installing: /home/vidya/drift_ws/drift_ws/install/linkattacher_msgs/share/linkattacher_msgs/package.dsv
-- Up-to-date: /home/vidya/drift_ws/drift_ws/install/linkattacher_msgs/share/ament_index/resource_index/packages/linkattacher_msgs
-- Up-to-date: /home/vidya/drift_ws/drift_ws/install/linkattacher_msgs/share/linkattacher_msgs/cmake/export_linkattacher_msgs__rosidl_generator_cExport.cmake
-- Up-to-date: /home/vidya/drift_ws/drift_ws/install/linkattacher_msgs/share/linkattacher_msgs/cmake/export_linkattacher_msgs__rosidl_generator_cExport-noconfig.cmake
-- Up-to-date: /home/vidya/drift_ws/drift_ws/install/linkattacher_msgs/share/linkattacher_msgs/cmake/export_linkattacher_msgs__rosidl_typesupport_fastrtps_cExport.cmake
-- Up-to-date: /home/vidya/drift_ws/drift_ws/install/linkattacher_msgs/share/linkattacher_msgs/cmake/export_linkattacher_msgs__rosidl_typesupport_fastrtps_cExport-noconfig.cmake
-- Up-to-date: /home/vidya/drift_ws/drift_ws/install/linkattacher_msgs/share/linkattacher_msgs/cmake/linkattacher_msgs__rosidl_typesupport_introspection_cExport.cmake
-- Up-to-date: /home/vidya/drift_ws/drift_ws/install/linkattacher_msgs/share/linkattacher_msgs/cmake/linkattacher_msgs__rosidl_typesupport_introspection_cExport-noconfig.cmake
-- Up-to-date: /home/vidya/drift_ws/drift_ws/install/linkattacher_msgs/share/linkattacher_msgs/cmake/linkattacher_msgs__rosidl_typesupport_cExport.cmake
-- Up-to-date: /home/vidya/drift_ws/drift_ws/install/linkattacher_msgs/share/linkattacher_msgs/cmake/linkattacher_msgs__rosidl_typesupport_cExport-noconfig.cmake
-- Up-to-date: /home/vidya/drift_ws/drift_ws/install/linkattacher_msgs/share/linkattacher_msgs/cmake/export_linkattacher_msgs__rosidl_generator_cppExport.cmake
-- Up-to-date: /home/vidya/drift_ws/drift_ws/install/linkattacher_msgs/share/linkattacher_msgs/cmake/export_linkattacher_msgs__rosidl_typesupport_fastrtps_cppExport.cmake
-- Up-to-date: /home/vidya/drift_ws/drift_ws/install/linkattacher_msgs/share/linkattacher_msgs/cmake/export_linkattacher_msgs__rosidl_typesupport_fastrtps_cppExport-noconfig.cmake
-- Up-to-date: /home/vidya/drift_ws/drift_ws/install/linkattacher_msgs/share/linkattacher_msgs/cmake/linkattacher_msgs__rosidl_typesupport_introspection_cppExport.cmake
-- Up-to-date: /home/vidya/drift_ws/drift_ws/install/linkattacher_msgs/share/linkattacher_msgs/cmake/linkattacher_msgs__rosidl_typesupport_introspection_cppExport-noconfig.cmake
-- Up-to-date: /home/vidya/drift_ws/drift_ws/install/linkattacher_msgs/share/linkattacher_msgs/cmake/linkattacher_msgs__rosidl_typesupport_cppExport.cmake
-- Up-to-date: /home/vidya/drift_ws/drift_ws/install/linkattacher_msgs/share/linkattacher_msgs/cmake/linkattacher_msgs__rosidl_typesupport_cppExport-noconfig.cmake
-- Up-to-date: /home/vidya/drift_ws/drift_ws/install/linkattacher_msgs/share/linkattacher_msgs/cmake/export_linkattacher_msgs__rosidl_generator_pyExport.cmake
-- Up-to-date: /home/vidya/drift_ws/drift_ws/install/linkattacher_msgs/share/linkattacher_msgs/cmake/export_linkattacher_msgs__rosidl_generator_pyExport-noconfig.cmake
-- Up-to-date: /home/vidya/drift_ws/drift_ws/install/linkattacher_msgs/share/linkattacher_msgs/cmake/rosidl_cmake-extras.cmake
-- Up-to-date: /home/vidya/drift_ws/drift_ws/install/linkattacher_msgs/share/linkattacher_msgs/cmake/ament_cmake_export_include_directories-extras.cmake
-- Up-to-date: /home/vidya/drift_ws/drift_ws/install/linkattacher_msgs/share/linkattacher_msgs/cmake/ament_cmake_export_libraries-extras.cmake
-- Up-to-date: /home/vidya/drift_ws/drift_ws/install/linkattacher_msgs/share/linkattacher_msgs/cmake/ament_cmake_export_targets-extras.cmake
-- Up-to-date: /home/vidya/drift_ws/drift_ws/install/linkattacher_msgs/share/linkattacher_msgs/cmake/rosidl_cmake_export_typesupport_targets-extras.cmake
-- Up-to-date: /home/vidya/drift_ws/drift_ws/install/linkattacher_msgs/share/linkattacher_msgs/cmake/ament_cmake_export_dependencies-extras.cmake
-- Up-to-date: /home/vidya/drift_ws/drift_ws/install/linkattacher_msgs/share/linkattacher_msgs/cmake/rosidl_cmake_export_typesupport_libraries-extras.cmake
-- Up-to-date: /home/vidya/drift_ws/drift_ws/install/linkattacher_msgs/share/linkattacher_msgs/cmake/linkattacher_msgsConfig.cmake
-- Up-to-date: /home/vidya/drift_ws/drift_ws/install/linkattacher_msgs/share/linkattacher_msgs/cmake/linkattacher_msgsConfig-version.cmake
-- Up-to-date: /home/vidya/drift_ws/drift_ws/install/linkattacher_msgs/share/linkattacher_msgs/package.xml
