[0.010s] Invoking command in '/home/vidya/drift_ws/build/ros2_linkattacher': CMAKE_PREFIX_PATH=/home/vidya/drift_ws/install/linkattacher_msgs:/home/vidya/drift_ws/install/ros2_linkattacher:/home/vidya/drift_ws/install/drift_robot:/opt/ros/humble LD_LIBRARY_PATH=/home/vidya/drift_ws/install/linkattacher_msgs/lib:/home/vidya/drift_ws/install/ros2_linkattacher/lib:/usr/lib/x86_64-linux-gnu/gazebo-11/plugins:/opt/ros/humble/opt/rviz_ogre_vendor/lib:/opt/ros/humble/lib/x86_64-linux-gnu:/opt/ros/humble/lib /usr/bin/cmake /home/vidya/drift_ws/drift_ws/src/IFRA_LinkAttacher/ros2_LinkAttacher -DCMAKE_INSTALL_PREFIX=/home/vidya/drift_ws/install/ros2_linkattacher
[0.077s] -- The C compiler identification is GNU 11.4.0
[0.130s] -- The CXX compiler identification is GNU 11.4.0
[0.135s] -- Detecting C compiler ABI info
[0.211s] -- Detecting C compiler ABI info - done
[0.219s] -- Check for working C compiler: /usr/bin/cc - skipped
[0.219s] -- Detecting C compile features
[0.220s] -- Detecting C compile features - done
[0.222s] -- Detecting CXX compiler ABI info
[0.299s] -- Detecting CXX compiler ABI info - done
[0.305s] -- Check for working CXX compiler: /usr/bin/c++ - skipped
[0.305s] -- Detecting CXX compile features
[0.306s] -- Detecting CXX compile features - done
[0.307s] -- Found ament_cmake: 1.3.14 (/opt/ros/humble/share/ament_cmake/cmake)
[0.456s] -- Found Python3: /usr/bin/python3 (found version "3.10.12") found components: Interpreter 
[0.521s] -- Found ament_lint_auto: 0.12.15 (/opt/ros/humble/share/ament_lint_auto/cmake)
[0.572s] -- Found gazebo_ros: 3.9.0 (/opt/ros/humble/share/gazebo_ros/cmake)
[0.602s] -- Found rosidl_generator_c: 3.1.8 (/opt/ros/humble/share/rosidl_generator_c/cmake)
[0.605s] -- Found rosidl_adapter: 3.1.8 (/opt/ros/humble/share/rosidl_adapter/cmake)
[0.611s] -- Found rosidl_generator_cpp: 3.1.8 (/opt/ros/humble/share/rosidl_generator_cpp/cmake)
[0.618s] -- Using all available rosidl_typesupport_c: rosidl_typesupport_fastrtps_c;rosidl_typesupport_introspection_c
[0.629s] -- Using all available rosidl_typesupport_cpp: rosidl_typesupport_fastrtps_cpp;rosidl_typesupport_introspection_cpp
[0.659s] -- Found rmw_implementation_cmake: 6.1.2 (/opt/ros/humble/share/rmw_implementation_cmake/cmake)
[0.661s] -- Found rmw_fastrtps_cpp: 6.2.10 (/opt/ros/humble/share/rmw_fastrtps_cpp/cmake)
[0.737s] -- Found OpenSSL: /usr/lib/x86_64-linux-gnu/libcrypto.so (found version "3.0.2")  
[0.764s] -- Found FastRTPS: /opt/ros/humble/include  
[0.807s] -- Using RMW implementation 'rmw_fastrtps_cpp' as default
[0.814s] -- Looking for pthread.h
[0.889s] -- Looking for pthread.h - found
[0.889s] -- Performing Test CMAKE_HAVE_LIBC_PTHREAD
[0.977s] -- Performing Test CMAKE_HAVE_LIBC_PTHREAD - Success
[0.978s] -- Found Threads: TRUE  
[1.028s] -- Found PkgConfig: /usr/bin/pkg-config (found version "0.29.2") 
[1.028s] -- Checking for module 'bullet>=2.82'
[1.041s] --   Found bullet, version 3.05
[1.175s] -- Found fcl: /usr/include (found suitable version "0.7.0", minimum required is "0.5.0") 
[1.244s] -- Found assimp: /usr/include (found version "5.2.0") 
[1.263s] -- Found DART: /usr/include (Required is at least version "6.6") found components: dart 
[1.284s] -- Found Boost: /usr/lib/x86_64-linux-gnu/cmake/Boost-1.74.0/BoostConfig.cmake (found suitable version "1.74.0", minimum required is "1.40.0") found components: thread system filesystem program_options regex iostreams date_time 
[1.293s] -- Found Protobuf: /usr/lib/x86_64-linux-gnu/libprotobuf.so (found version "3.12.4") 
[1.296s] -- Looking for ignition-math6 -- found version 6.15.1
[1.300s] -- Searching for dependencies of ignition-math6
[1.301s] -- Looking for OGRE...
[1.301s] -- OGRE_PREFIX_WATCH changed.
[1.307s] -- Checking for module 'OGRE'
[1.322s] --   Found OGRE, version 1.9.0
[1.369s] -- Found Ogre Ghadamon (1.9.0)
[1.378s] -- Found OGRE: optimized;/usr/lib/x86_64-linux-gnu/libOgreMain.so;debug;/usr/lib/x86_64-linux-gnu/libOgreMain.so
[1.389s] -- Looking for OGRE_Paging...
[1.393s] -- Found OGRE_Paging: optimized;/usr/lib/x86_64-linux-gnu/libOgrePaging.so;debug;/usr/lib/x86_64-linux-gnu/libOgrePaging.so
[1.393s] -- Looking for OGRE_Terrain...
[1.396s] -- Found OGRE_Terrain: optimized;/usr/lib/x86_64-linux-gnu/libOgreTerrain.so;debug;/usr/lib/x86_64-linux-gnu/libOgreTerrain.so
[1.396s] -- Looking for OGRE_Property...
[1.399s] -- Found OGRE_Property: optimized;/usr/lib/x86_64-linux-gnu/libOgreProperty.so;debug;/usr/lib/x86_64-linux-gnu/libOgreProperty.so
[1.399s] -- Looking for OGRE_RTShaderSystem...
[1.403s] -- Found OGRE_RTShaderSystem: optimized;/usr/lib/x86_64-linux-gnu/libOgreRTShaderSystem.so;debug;/usr/lib/x86_64-linux-gnu/libOgreRTShaderSystem.so
[1.403s] -- Looking for OGRE_Volume...
[1.406s] -- Found OGRE_Volume: optimized;/usr/lib/x86_64-linux-gnu/libOgreVolume.so;debug;/usr/lib/x86_64-linux-gnu/libOgreVolume.so
[1.406s] -- Looking for OGRE_Overlay...
[1.409s] -- Found OGRE_Overlay: optimized;/usr/lib/x86_64-linux-gnu/libOgreOverlay.so;debug;/usr/lib/x86_64-linux-gnu/libOgreOverlay.so
[1.476s] -- Looking for ignition-math6 -- found version 6.15.1
[1.478s] -- Looking for ignition-transport8 -- found version 8.2.1
[1.478s] -- Searching for dependencies of ignition-transport8
[1.490s] -- Found Protobuf: /usr/lib/x86_64-linux-gnu/libprotobuf.so (found suitable version "3.12.4", minimum required is "3") 
[1.496s] -- Config-file not installed for ZeroMQ -- checking for pkg-config
[1.501s] -- Checking for module 'libzmq >= 4'
[1.514s] --   Found libzmq , version 4.3.4
[1.562s] -- Found ZeroMQ: TRUE (Required is at least version "4") 
[1.571s] -- Checking for module 'uuid'
[1.589s] --   Found uuid, version 2.37.2
[1.632s] -- Found UUID: TRUE  
[1.636s] -- Looking for ignition-msgs5 -- found version 5.8.1
[1.636s] -- Searching for dependencies of ignition-msgs5
[1.658s] -- Looking for ignition-math6 -- found version 6.15.1
[1.664s] -- Checking for module 'tinyxml2'
[1.682s] --   Found tinyxml2, version 9.0.0
[1.726s] -- Looking for ignition-msgs5 -- found version 5.8.1
[1.730s] -- Looking for ignition-common3 -- found version 3.14.0
[1.731s] -- Searching for dependencies of ignition-common3
[1.731s] -- Looking for dlfcn.h - found
[1.732s] -- Looking for libdl - found
[1.734s] -- Found DL: TRUE  
[1.749s] -- Found tinyobjloader: /usr/lib/x86_64-linux-gnu/cmake/tinyobjloader/tinyobjloader-config.cmake (found version "2.0.0") 
[1.750s] -- Searching for <ignition-common3> component [graphics]
[1.752s] -- Looking for ignition-common3-graphics -- found version 3.14.0
[1.753s] -- Searching for dependencies of ignition-common3-graphics
[1.753s] -- Looking for ignition-math6 -- found version 6.15.1
[1.757s] -- Looking for ignition-fuel_tools4 -- found version 4.4.0
[1.757s] -- Searching for dependencies of ignition-fuel_tools4
[1.849s] -- Found CURL: /usr/lib/x86_64-linux-gnu/libcurl.so (found version "7.81.0")  
[1.861s] -- Checking for module 'jsoncpp'
[1.880s] --   Found jsoncpp, version 1.9.5
[1.929s] -- Found JSONCPP: TRUE  
[1.936s] -- Checking for module 'libzip'
[1.955s] --   Found libzip, version 1.7.3
[2.003s] -- Found ZIP: TRUE  
[2.003s] -- Looking for ignition-common3 -- found version 3.14.0
[2.004s] -- Looking for ignition-math6 -- found version 6.15.1
[2.004s] -- Looking for ignition-msgs5 -- found version 5.8.1
[2.008s] -- Gazebo version: 11.10
[2.008s] -- Checking for module 'tbb'
[2.026s] --   Found tbb, version 2021.5.0
[2.073s] -- Found gazebo_msgs: 3.9.0 (/opt/ros/humble/share/gazebo_msgs/cmake)
[2.113s] -- Found linkattacher_msgs: 0.0.0 (/home/vidya/drift_ws/install/linkattacher_msgs/share/linkattacher_msgs/cmake)
[2.124s] -- Added test 'copyright' to check source files copyright and LICENSE
[2.124s] -- Added test 'cppcheck' to perform static code analysis on C / C++ code
[2.125s] -- Configured cppcheck include dirs: /home/vidya/drift_ws/drift_ws/src/IFRA_LinkAttacher/ros2_LinkAttacher/include
[2.125s] -- Configured cppcheck exclude dirs and/or files: 
[2.125s] -- Added test 'cpplint' to check C / C++ code against the Google style
[2.125s] -- Configured cpplint exclude dirs and/or files: 
[2.125s] -- Added test 'lint_cmake' to check CMake code style
[2.126s] -- Added test 'uncrustify' to check C / C++ code style
[2.126s] -- Configured uncrustify additional arguments: 
[2.126s] -- Added test 'xmllint' to check XML markup files
[2.127s] -- Configuring done
[2.143s] -- Generating done
[2.147s] -- Build files have been written to: /home/vidya/drift_ws/build/ros2_linkattacher
[2.155s] Invoked command in '/home/vidya/drift_ws/build/ros2_linkattacher' returned '0': CMAKE_PREFIX_PATH=/home/vidya/drift_ws/install/linkattacher_msgs:/home/vidya/drift_ws/install/ros2_linkattacher:/home/vidya/drift_ws/install/drift_robot:/opt/ros/humble LD_LIBRARY_PATH=/home/vidya/drift_ws/install/linkattacher_msgs/lib:/home/vidya/drift_ws/install/ros2_linkattacher/lib:/usr/lib/x86_64-linux-gnu/gazebo-11/plugins:/opt/ros/humble/opt/rviz_ogre_vendor/lib:/opt/ros/humble/lib/x86_64-linux-gnu:/opt/ros/humble/lib /usr/bin/cmake /home/vidya/drift_ws/drift_ws/src/IFRA_LinkAttacher/ros2_LinkAttacher -DCMAKE_INSTALL_PREFIX=/home/vidya/drift_ws/install/ros2_linkattacher
[2.156s] Invoking command in '/home/vidya/drift_ws/build/ros2_linkattacher': CMAKE_PREFIX_PATH=/home/vidya/drift_ws/install/linkattacher_msgs:/home/vidya/drift_ws/install/ros2_linkattacher:/home/vidya/drift_ws/install/drift_robot:/opt/ros/humble LD_LIBRARY_PATH=/home/vidya/drift_ws/install/linkattacher_msgs/lib:/home/vidya/drift_ws/install/ros2_linkattacher/lib:/usr/lib/x86_64-linux-gnu/gazebo-11/plugins:/opt/ros/humble/opt/rviz_ogre_vendor/lib:/opt/ros/humble/lib/x86_64-linux-gnu:/opt/ros/humble/lib /usr/bin/cmake --build /home/vidya/drift_ws/build/ros2_linkattacher -- -j16 -l16
[2.208s] [ 50%] [32mBuilding CXX object CMakeFiles/gazebo_link_attacher.dir/src/gazebo_link_attacher.cpp.o[0m
[9.429s] [100%] [32m[1mLinking CXX shared library libgazebo_link_attacher.so[0m
[9.797s] [100%] Built target gazebo_link_attacher
[9.809s] Invoked command in '/home/vidya/drift_ws/build/ros2_linkattacher' returned '0': CMAKE_PREFIX_PATH=/home/vidya/drift_ws/install/linkattacher_msgs:/home/vidya/drift_ws/install/ros2_linkattacher:/home/vidya/drift_ws/install/drift_robot:/opt/ros/humble LD_LIBRARY_PATH=/home/vidya/drift_ws/install/linkattacher_msgs/lib:/home/vidya/drift_ws/install/ros2_linkattacher/lib:/usr/lib/x86_64-linux-gnu/gazebo-11/plugins:/opt/ros/humble/opt/rviz_ogre_vendor/lib:/opt/ros/humble/lib/x86_64-linux-gnu:/opt/ros/humble/lib /usr/bin/cmake --build /home/vidya/drift_ws/build/ros2_linkattacher -- -j16 -l16
[9.810s] Invoking command in '/home/vidya/drift_ws/build/ros2_linkattacher': CMAKE_PREFIX_PATH=/home/vidya/drift_ws/install/linkattacher_msgs:/home/vidya/drift_ws/install/ros2_linkattacher:/home/vidya/drift_ws/install/drift_robot:/opt/ros/humble LD_LIBRARY_PATH=/home/vidya/drift_ws/install/linkattacher_msgs/lib:/home/vidya/drift_ws/install/ros2_linkattacher/lib:/usr/lib/x86_64-linux-gnu/gazebo-11/plugins:/opt/ros/humble/opt/rviz_ogre_vendor/lib:/opt/ros/humble/lib/x86_64-linux-gnu:/opt/ros/humble/lib /usr/bin/cmake --install /home/vidya/drift_ws/build/ros2_linkattacher
[9.821s] -- Install configuration: ""
[9.821s] -- Installing: /home/vidya/drift_ws/install/ros2_linkattacher/share/ros2_linkattacher/environment/library_path.sh
[9.822s] -- Installing: /home/vidya/drift_ws/install/ros2_linkattacher/share/ros2_linkattacher/environment/library_path.dsv
[9.822s] -- Installing: /home/vidya/drift_ws/install/ros2_linkattacher/lib/libgazebo_link_attacher.so
[9.824s] -- Set runtime path of "/home/vidya/drift_ws/install/ros2_linkattacher/lib/libgazebo_link_attacher.so" to ""
[9.824s] -- Installing: /home/vidya/drift_ws/install/ros2_linkattacher/share/ament_index/resource_index/package_run_dependencies/ros2_linkattacher
[9.825s] -- Installing: /home/vidya/drift_ws/install/ros2_linkattacher/share/ament_index/resource_index/parent_prefix_path/ros2_linkattacher
[9.825s] -- Installing: /home/vidya/drift_ws/install/ros2_linkattacher/share/ros2_linkattacher/environment/ament_prefix_path.sh
[9.825s] -- Installing: /home/vidya/drift_ws/install/ros2_linkattacher/share/ros2_linkattacher/environment/ament_prefix_path.dsv
[9.825s] -- Installing: /home/vidya/drift_ws/install/ros2_linkattacher/share/ros2_linkattacher/environment/path.sh
[9.825s] -- Installing: /home/vidya/drift_ws/install/ros2_linkattacher/share/ros2_linkattacher/environment/path.dsv
[9.825s] -- Installing: /home/vidya/drift_ws/install/ros2_linkattacher/share/ros2_linkattacher/local_setup.bash
[9.825s] -- Installing: /home/vidya/drift_ws/install/ros2_linkattacher/share/ros2_linkattacher/local_setup.sh
[9.825s] -- Installing: /home/vidya/drift_ws/install/ros2_linkattacher/share/ros2_linkattacher/local_setup.zsh
[9.825s] -- Installing: /home/vidya/drift_ws/install/ros2_linkattacher/share/ros2_linkattacher/local_setup.dsv
[9.825s] -- Installing: /home/vidya/drift_ws/install/ros2_linkattacher/share/ros2_linkattacher/package.dsv
[9.826s] -- Installing: /home/vidya/drift_ws/install/ros2_linkattacher/share/ament_index/resource_index/packages/ros2_linkattacher
[9.826s] -- Installing: /home/vidya/drift_ws/install/ros2_linkattacher/share/ros2_linkattacher/cmake/ament_cmake_export_libraries-extras.cmake
[9.826s] -- Installing: /home/vidya/drift_ws/install/ros2_linkattacher/share/ros2_linkattacher/cmake/ros2_linkattacherConfig.cmake
[9.826s] -- Installing: /home/vidya/drift_ws/install/ros2_linkattacher/share/ros2_linkattacher/cmake/ros2_linkattacherConfig-version.cmake
[9.826s] -- Installing: /home/vidya/drift_ws/install/ros2_linkattacher/share/ros2_linkattacher/package.xml
[9.829s] Invoked command in '/home/vidya/drift_ws/build/ros2_linkattacher' returned '0': CMAKE_PREFIX_PATH=/home/vidya/drift_ws/install/linkattacher_msgs:/home/vidya/drift_ws/install/ros2_linkattacher:/home/vidya/drift_ws/install/drift_robot:/opt/ros/humble LD_LIBRARY_PATH=/home/vidya/drift_ws/install/linkattacher_msgs/lib:/home/vidya/drift_ws/install/ros2_linkattacher/lib:/usr/lib/x86_64-linux-gnu/gazebo-11/plugins:/opt/ros/humble/opt/rviz_ogre_vendor/lib:/opt/ros/humble/lib/x86_64-linux-gnu:/opt/ros/humble/lib /usr/bin/cmake --install /home/vidya/drift_ws/build/ros2_linkattacher
